INFO - 2023-12-03 15:06:21 --> Session: Class initialized using 'CodeIgniter\Session\Handlers\FileHandler' driver.
INFO - 2023-12-03 15:06:37 --> Session: Class initialized using 'CodeIgniter\Session\Handlers\FileHandler' driver.
INFO - 2023-12-03 15:06:37 --> Session: Class initialized using 'CodeIgniter\Session\Handlers\FileHandler' driver.
INFO - 2023-12-03 15:06:40 --> Session: Class initialized using 'CodeIgniter\Session\Handlers\FileHandler' driver.
INFO - 2023-12-03 15:06:42 --> Session: Class initialized using 'CodeIgniter\Session\Handlers\FileHandler' driver.
INFO - 2023-12-03 15:06:45 --> Session: Class initialized using 'CodeIgniter\Session\Handlers\FileHandler' driver.
INFO - 2023-12-03 15:07:23 --> Session: Class initialized using 'CodeIgniter\Session\Handlers\FileHandler' driver.
INFO - 2023-12-03 15:09:07 --> Session: Class initialized using 'CodeIgniter\Session\Handlers\FileHandler' driver.
INFO - 2023-12-03 15:09:29 --> Session: Class initialized using 'CodeIgniter\Session\Handlers\FileHandler' driver.
INFO - 2023-12-03 15:10:52 --> Session: Class initialized using 'CodeIgniter\Session\Handlers\FileHandler' driver.
INFO - 2023-12-03 15:11:10 --> Session: Class initialized using 'CodeIgniter\Session\Handlers\FileHandler' driver.
INFO - 2023-12-03 15:14:46 --> Session: Class initialized using 'CodeIgniter\Session\Handlers\FileHandler' driver.
INFO - 2023-12-03 15:15:06 --> Session: Class initialized using 'CodeIgniter\Session\Handlers\FileHandler' driver.
INFO - 2023-12-03 15:15:22 --> Session: Class initialized using 'CodeIgniter\Session\Handlers\FileHandler' driver.
INFO - 2023-12-03 15:17:18 --> Session: Class initialized using 'CodeIgniter\Session\Handlers\FileHandler' driver.
INFO - 2023-12-03 15:17:52 --> Session: Class initialized using 'CodeIgniter\Session\Handlers\FileHandler' driver.
ERROR - 2023-12-03 15:17:52 --> mysqli_sql_exception: You have an error in your SQL syntax; check the manual that corresponds to your MariaDB server version for the right syntax to use near 'AS SIGNED))  as total_price, `tbl_ctgiohang`.`FK_iMaSP` as `MaSP`
FROM `tbl_s...' at line 1 in F:\DOANTOTNGHIEP\htdocs\DA2023\system\Database\MySQLi\Connection.php:306
Stack trace:
#0 F:\DOANTOTNGHIEP\htdocs\DA2023\system\Database\MySQLi\Connection.php(306): mysqli->query('SELECT *, CAST(...', 0)
#1 F:\DOANTOTNGHIEP\htdocs\DA2023\system\Database\BaseConnection.php(692): CodeIgniter\Database\MySQLi\Connection->execute('SELECT *, CAST(...')
#2 F:\DOANTOTNGHIEP\htdocs\DA2023\system\Database\BaseConnection.php(606): CodeIgniter\Database\BaseConnection->simpleQuery('SELECT *, CAST(...')
#3 F:\DOANTOTNGHIEP\htdocs\DA2023\system\Database\BaseBuilder.php(1615): CodeIgniter\Database\BaseConnection->query('SELECT *, CAST(...', Array, false)
#4 F:\DOANTOTNGHIEP\htdocs\DA2023\system\Model.php(237): CodeIgniter\Database\BaseBuilder->get()
#5 F:\DOANTOTNGHIEP\htdocs\DA2023\system\BaseModel.php(624): CodeIgniter\Model->doFindAll(0, 0)
#6 F:\DOANTOTNGHIEP\htdocs\DA2023\app\Services\CartService.php(34): CodeIgniter\BaseModel->findAll()
#7 F:\DOANTOTNGHIEP\htdocs\DA2023\app\Controllers\User\CartController.php(24): App\Services\CartService->getAllProduct('TK_170073353618...')
#8 F:\DOANTOTNGHIEP\htdocs\DA2023\system\CodeIgniter.php(919): App\Controllers\User\CartController->list()
#9 F:\DOANTOTNGHIEP\htdocs\DA2023\system\CodeIgniter.php(494): CodeIgniter\CodeIgniter->runController(Object(App\Controllers\User\CartController))
#10 F:\DOANTOTNGHIEP\htdocs\DA2023\system\CodeIgniter.php(353): CodeIgniter\CodeIgniter->handleRequest(NULL, Object(Config\Cache), false)
#11 F:\DOANTOTNGHIEP\htdocs\DA2023\public\index.php(79): CodeIgniter\CodeIgniter->run()
#12 F:\DOANTOTNGHIEP\htdocs\DA2023\system\Commands\Server\rewrite.php(47): require_once('F:\\DOANTOTNGHIE...')
#13 {main}
CRITICAL - 2023-12-03 15:17:52 --> You have an error in your SQL syntax; check the manual that corresponds to your MariaDB server version for the right syntax to use near 'AS SIGNED))  as total_price, `tbl_ctgiohang`.`FK_iMaSP` as `MaSP`
FROM `tbl_s...' at line 1
in SYSTEMPATH\Database\BaseConnection.php on line 646.
 1 SYSTEMPATH\Database\BaseBuilder.php(1615): CodeIgniter\Database\BaseConnection->query('SELECT *, CAST((tbl_sanpham.fGiaBanLe * tbl_ctgiohang.iSoLuong) AS SIGNED)  * CAST((1 - IFNULL(tbl_khuyenmai.fChietKhau/100, 0) AS SIGNED))  as total_price, `tbl_ctgiohang`.`FK_iMaSP` as `MaSP`
FROM `tbl_sanpham`
JOIN `tbl_ctgiohang` ON `tbl_ctgiohang`.`FK_iMaSP` = `tbl_sanpham`.`PK_iMaSP`
JOIN `tbl_giohang` ON `tbl_giohang`.`PK_iMaGH` = `tbl_ctgiohang`.`FK_iMaGH`
LEFT JOIN `tbl_sp_km` ON `tbl_sp_km`.`FK_iMaSP` = `tbl_sanpham`.`PK_iMaSP`
LEFT JOIN `tbl_khuyenmai` ON `tbl_khuyenmai`.`PK_iMaKM` = `tbl_sp_km`.`FK_iMaKM`
WHERE `tbl_giohang`.`FK_iMaTK` = :tbl_giohang.FK_iMaTK:', [...], false)
 2 SYSTEMPATH\Model.php(237): CodeIgniter\Database\BaseBuilder->get()
 3 SYSTEMPATH\BaseModel.php(624): CodeIgniter\Model->doFindAll(0, 0)
 4 APPPATH\Services\CartService.php(34): CodeIgniter\BaseModel->findAll()
 5 APPPATH\Controllers\User\CartController.php(24): App\Services\CartService->getAllProduct('TK_17007335361836')
 6 SYSTEMPATH\CodeIgniter.php(919): App\Controllers\User\CartController->list()
 7 SYSTEMPATH\CodeIgniter.php(494): CodeIgniter\CodeIgniter->runController(Object(App\Controllers\User\CartController))
 8 SYSTEMPATH\CodeIgniter.php(353): CodeIgniter\CodeIgniter->handleRequest(null, Object(Config\Cache), false)
 9 FCPATH\index.php(79): CodeIgniter\CodeIgniter->run()
10 SYSTEMPATH\Commands\Server\rewrite.php(47): require_once('F:\\DOANTOTNGHIEP\\htdocs\\DA2023\\public\\index.php')
INFO - 2023-12-03 15:18:21 --> Session: Class initialized using 'CodeIgniter\Session\Handlers\FileHandler' driver.
INFO - 2023-12-03 15:18:37 --> Session: Class initialized using 'CodeIgniter\Session\Handlers\FileHandler' driver.
INFO - 2023-12-03 15:20:24 --> Session: Class initialized using 'CodeIgniter\Session\Handlers\FileHandler' driver.
INFO - 2023-12-03 15:20:46 --> Session: Class initialized using 'CodeIgniter\Session\Handlers\FileHandler' driver.
INFO - 2023-12-03 15:23:03 --> Session: Class initialized using 'CodeIgniter\Session\Handlers\FileHandler' driver.
INFO - 2023-12-03 15:23:09 --> Session: Class initialized using 'CodeIgniter\Session\Handlers\FileHandler' driver.
INFO - 2023-12-03 15:23:17 --> Session: Class initialized using 'CodeIgniter\Session\Handlers\FileHandler' driver.
INFO - 2023-12-03 15:23:20 --> Session: Class initialized using 'CodeIgniter\Session\Handlers\FileHandler' driver.
INFO - 2023-12-03 15:28:27 --> Session: Class initialized using 'CodeIgniter\Session\Handlers\FileHandler' driver.
INFO - 2023-12-03 15:28:30 --> Session: Class initialized using 'CodeIgniter\Session\Handlers\FileHandler' driver.
INFO - 2023-12-03 15:28:50 --> Session: Class initialized using 'CodeIgniter\Session\Handlers\FileHandler' driver.
INFO - 2023-12-03 15:28:51 --> Session: Class initialized using 'CodeIgniter\Session\Handlers\FileHandler' driver.
INFO - 2023-12-03 15:29:20 --> Session: Class initialized using 'CodeIgniter\Session\Handlers\FileHandler' driver.
INFO - 2023-12-03 15:29:20 --> Session: Class initialized using 'CodeIgniter\Session\Handlers\FileHandler' driver.
INFO - 2023-12-03 15:30:30 --> Session: Class initialized using 'CodeIgniter\Session\Handlers\FileHandler' driver.
INFO - 2023-12-03 15:30:34 --> Session: Class initialized using 'CodeIgniter\Session\Handlers\FileHandler' driver.
INFO - 2023-12-03 15:30:42 --> Session: Class initialized using 'CodeIgniter\Session\Handlers\FileHandler' driver.
INFO - 2023-12-03 15:30:43 --> Session: Class initialized using 'CodeIgniter\Session\Handlers\FileHandler' driver.
INFO - 2023-12-03 15:30:46 --> Session: Class initialized using 'CodeIgniter\Session\Handlers\FileHandler' driver.
INFO - 2023-12-03 15:31:08 --> Session: Class initialized using 'CodeIgniter\Session\Handlers\FileHandler' driver.
INFO - 2023-12-03 15:31:46 --> Session: Class initialized using 'CodeIgniter\Session\Handlers\FileHandler' driver.
INFO - 2023-12-03 15:31:50 --> Session: Class initialized using 'CodeIgniter\Session\Handlers\FileHandler' driver.
INFO - 2023-12-03 15:32:45 --> Session: Class initialized using 'CodeIgniter\Session\Handlers\FileHandler' driver.
INFO - 2023-12-03 15:34:23 --> Session: Class initialized using 'CodeIgniter\Session\Handlers\FileHandler' driver.
INFO - 2023-12-03 15:34:42 --> Session: Class initialized using 'CodeIgniter\Session\Handlers\FileHandler' driver.
INFO - 2023-12-03 15:35:39 --> Session: Class initialized using 'CodeIgniter\Session\Handlers\FileHandler' driver.
INFO - 2023-12-03 15:44:04 --> Session: Class initialized using 'CodeIgniter\Session\Handlers\FileHandler' driver.
ERROR - 2023-12-03 15:44:04 --> mysqli_sql_exception: Unknown column 'tbl_giohang.FK_iMaTK' in 'where clause' in F:\DOANTOTNGHIEP\htdocs\DA2023\system\Database\MySQLi\Connection.php:306
Stack trace:
#0 F:\DOANTOTNGHIEP\htdocs\DA2023\system\Database\MySQLi\Connection.php(306): mysqli->query('SELECT *\nFROM `...', 0)
#1 F:\DOANTOTNGHIEP\htdocs\DA2023\system\Database\BaseConnection.php(692): CodeIgniter\Database\MySQLi\Connection->execute('SELECT *\nFROM `...')
#2 F:\DOANTOTNGHIEP\htdocs\DA2023\system\Database\BaseConnection.php(606): CodeIgniter\Database\BaseConnection->simpleQuery('SELECT *\nFROM `...')
#3 F:\DOANTOTNGHIEP\htdocs\DA2023\system\Database\BaseBuilder.php(1615): CodeIgniter\Database\BaseConnection->query('SELECT *\nFROM `...', Array, false)
#4 F:\DOANTOTNGHIEP\htdocs\DA2023\system\Model.php(237): CodeIgniter\Database\BaseBuilder->get()
#5 F:\DOANTOTNGHIEP\htdocs\DA2023\system\BaseModel.php(624): CodeIgniter\Model->doFindAll(0, 0)
#6 F:\DOANTOTNGHIEP\htdocs\DA2023\app\Services\CartService.php(39): CodeIgniter\BaseModel->findAll()
#7 F:\DOANTOTNGHIEP\htdocs\DA2023\app\Controllers\User\CartController.php(24): App\Services\CartService->getAllProduct('TK_170073353618...')
#8 F:\DOANTOTNGHIEP\htdocs\DA2023\system\CodeIgniter.php(919): App\Controllers\User\CartController->list()
#9 F:\DOANTOTNGHIEP\htdocs\DA2023\system\CodeIgniter.php(494): CodeIgniter\CodeIgniter->runController(Object(App\Controllers\User\CartController))
#10 F:\DOANTOTNGHIEP\htdocs\DA2023\system\CodeIgniter.php(353): CodeIgniter\CodeIgniter->handleRequest(NULL, Object(Config\Cache), false)
#11 F:\DOANTOTNGHIEP\htdocs\DA2023\public\index.php(79): CodeIgniter\CodeIgniter->run()
#12 F:\DOANTOTNGHIEP\htdocs\DA2023\system\Commands\Server\rewrite.php(47): require_once('F:\\DOANTOTNGHIE...')
#13 {main}
CRITICAL - 2023-12-03 15:44:04 --> Unknown column 'tbl_giohang.FK_iMaTK' in 'where clause'
in SYSTEMPATH\Database\BaseConnection.php on line 646.
 1 SYSTEMPATH\Database\BaseBuilder.php(1615): CodeIgniter\Database\BaseConnection->query('SELECT *
FROM `tbl_sanpham`
JOIN `tbl_ctgiohang` ON `tbl_ctgiohang`.`FK_iMaSP` = `tbl_sanpham`.`PK_iMaSP`
WHERE `tbl_giohang`.`FK_iMaTK` = :tbl_giohang.FK_iMaTK:', [...], false)
 2 SYSTEMPATH\Model.php(237): CodeIgniter\Database\BaseBuilder->get()
 3 SYSTEMPATH\BaseModel.php(624): CodeIgniter\Model->doFindAll(0, 0)
 4 APPPATH\Services\CartService.php(39): CodeIgniter\BaseModel->findAll()
 5 APPPATH\Controllers\User\CartController.php(24): App\Services\CartService->getAllProduct('TK_17007335361836')
 6 SYSTEMPATH\CodeIgniter.php(919): App\Controllers\User\CartController->list()
 7 SYSTEMPATH\CodeIgniter.php(494): CodeIgniter\CodeIgniter->runController(Object(App\Controllers\User\CartController))
 8 SYSTEMPATH\CodeIgniter.php(353): CodeIgniter\CodeIgniter->handleRequest(null, Object(Config\Cache), false)
 9 FCPATH\index.php(79): CodeIgniter\CodeIgniter->run()
10 SYSTEMPATH\Commands\Server\rewrite.php(47): require_once('F:\\DOANTOTNGHIEP\\htdocs\\DA2023\\public\\index.php')
INFO - 2023-12-03 15:45:13 --> Session: Class initialized using 'CodeIgniter\Session\Handlers\FileHandler' driver.
INFO - 2023-12-03 15:46:58 --> Session: Class initialized using 'CodeIgniter\Session\Handlers\FileHandler' driver.
CRITICAL - 2023-12-03 15:46:58 --> Undefined array key "PK_iMaGH"
in APPPATH\Services\CartService.php on line 39.
 1 APPPATH\Services\CartService.php(39): CodeIgniter\Debug\Exceptions->errorHandler(2, 'Undefined array key "PK_iMaGH"', 'F:\\DOANTOTNGHIEP\\htdocs\\DA2023\\app\\Services\\CartService.php', 39)
 2 APPPATH\Controllers\User\CartController.php(24): App\Services\CartService->getAllProduct('TK_17007335361836')
 3 SYSTEMPATH\CodeIgniter.php(919): App\Controllers\User\CartController->list()
 4 SYSTEMPATH\CodeIgniter.php(494): CodeIgniter\CodeIgniter->runController(Object(App\Controllers\User\CartController))
 5 SYSTEMPATH\CodeIgniter.php(353): CodeIgniter\CodeIgniter->handleRequest(null, Object(Config\Cache), false)
 6 FCPATH\index.php(79): CodeIgniter\CodeIgniter->run()
 7 SYSTEMPATH\Commands\Server\rewrite.php(47): require_once('F:\\DOANTOTNGHIEP\\htdocs\\DA2023\\public\\index.php')
INFO - 2023-12-03 15:47:25 --> Session: Class initialized using 'CodeIgniter\Session\Handlers\FileHandler' driver.
CRITICAL - 2023-12-03 15:47:25 --> Attempt to read property "PK_iMaGH" on array
in APPPATH\Services\CartService.php on line 39.
 1 APPPATH\Services\CartService.php(39): CodeIgniter\Debug\Exceptions->errorHandler(2, 'Attempt to read property "PK_iMaGH" on array', 'F:\\DOANTOTNGHIEP\\htdocs\\DA2023\\app\\Services\\CartService.php', 39)
 2 APPPATH\Controllers\User\CartController.php(24): App\Services\CartService->getAllProduct('TK_17007335361836')
 3 SYSTEMPATH\CodeIgniter.php(919): App\Controllers\User\CartController->list()
 4 SYSTEMPATH\CodeIgniter.php(494): CodeIgniter\CodeIgniter->runController(Object(App\Controllers\User\CartController))
 5 SYSTEMPATH\CodeIgniter.php(353): CodeIgniter\CodeIgniter->handleRequest(null, Object(Config\Cache), false)
 6 FCPATH\index.php(79): CodeIgniter\CodeIgniter->run()
 7 SYSTEMPATH\Commands\Server\rewrite.php(47): require_once('F:\\DOANTOTNGHIEP\\htdocs\\DA2023\\public\\index.php')
INFO - 2023-12-03 15:48:06 --> Session: Class initialized using 'CodeIgniter\Session\Handlers\FileHandler' driver.
CRITICAL - 2023-12-03 15:48:06 --> Attempt to read property "PK_iMaGH" on array
in APPPATH\Services\CartService.php on line 39.
 1 APPPATH\Services\CartService.php(39): CodeIgniter\Debug\Exceptions->errorHandler(2, 'Attempt to read property "PK_iMaGH" on array', 'F:\\DOANTOTNGHIEP\\htdocs\\DA2023\\app\\Services\\CartService.php', 39)
 2 APPPATH\Controllers\User\CartController.php(24): App\Services\CartService->getAllProduct('TK_17007335361836')
 3 SYSTEMPATH\CodeIgniter.php(919): App\Controllers\User\CartController->list()
 4 SYSTEMPATH\CodeIgniter.php(494): CodeIgniter\CodeIgniter->runController(Object(App\Controllers\User\CartController))
 5 SYSTEMPATH\CodeIgniter.php(353): CodeIgniter\CodeIgniter->handleRequest(null, Object(Config\Cache), false)
 6 FCPATH\index.php(79): CodeIgniter\CodeIgniter->run()
 7 SYSTEMPATH\Commands\Server\rewrite.php(47): require_once('F:\\DOANTOTNGHIEP\\htdocs\\DA2023\\public\\index.php')
INFO - 2023-12-03 15:48:14 --> Session: Class initialized using 'CodeIgniter\Session\Handlers\FileHandler' driver.
CRITICAL - 2023-12-03 15:48:14 --> Attempt to read property "PK_iMaGH" on array
in APPPATH\Services\CartService.php on line 39.
 1 APPPATH\Services\CartService.php(39): CodeIgniter\Debug\Exceptions->errorHandler(2, 'Attempt to read property "PK_iMaGH" on array', 'F:\\DOANTOTNGHIEP\\htdocs\\DA2023\\app\\Services\\CartService.php', 39)
 2 APPPATH\Controllers\User\CartController.php(24): App\Services\CartService->getAllProduct('TK_17007335361836')
 3 SYSTEMPATH\CodeIgniter.php(919): App\Controllers\User\CartController->list()
 4 SYSTEMPATH\CodeIgniter.php(494): CodeIgniter\CodeIgniter->runController(Object(App\Controllers\User\CartController))
 5 SYSTEMPATH\CodeIgniter.php(353): CodeIgniter\CodeIgniter->handleRequest(null, Object(Config\Cache), false)
 6 FCPATH\index.php(79): CodeIgniter\CodeIgniter->run()
 7 SYSTEMPATH\Commands\Server\rewrite.php(47): require_once('F:\\DOANTOTNGHIEP\\htdocs\\DA2023\\public\\index.php')
INFO - 2023-12-03 15:48:24 --> Session: Class initialized using 'CodeIgniter\Session\Handlers\FileHandler' driver.
INFO - 2023-12-03 15:49:25 --> Session: Class initialized using 'CodeIgniter\Session\Handlers\FileHandler' driver.
ERROR - 2023-12-03 15:49:25 --> mysqli_sql_exception: Not unique table/alias: 'tbl_ctgiohang' in F:\DOANTOTNGHIEP\htdocs\DA2023\system\Database\MySQLi\Connection.php:306
Stack trace:
#0 F:\DOANTOTNGHIEP\htdocs\DA2023\system\Database\MySQLi\Connection.php(306): mysqli->query('SELECT *\nFROM `...', 0)
#1 F:\DOANTOTNGHIEP\htdocs\DA2023\system\Database\BaseConnection.php(692): CodeIgniter\Database\MySQLi\Connection->execute('SELECT *\nFROM `...')
#2 F:\DOANTOTNGHIEP\htdocs\DA2023\system\Database\BaseConnection.php(606): CodeIgniter\Database\BaseConnection->simpleQuery('SELECT *\nFROM `...')
#3 F:\DOANTOTNGHIEP\htdocs\DA2023\system\Database\BaseBuilder.php(1615): CodeIgniter\Database\BaseConnection->query('SELECT *\nFROM `...', Array, false)
#4 F:\DOANTOTNGHIEP\htdocs\DA2023\system\Model.php(237): CodeIgniter\Database\BaseBuilder->get()
#5 F:\DOANTOTNGHIEP\htdocs\DA2023\system\BaseModel.php(624): CodeIgniter\Model->doFindAll(0, 0)
#6 F:\DOANTOTNGHIEP\htdocs\DA2023\app\Services\CartService.php(40): CodeIgniter\BaseModel->findAll()
#7 F:\DOANTOTNGHIEP\htdocs\DA2023\app\Controllers\User\CartController.php(24): App\Services\CartService->getAllProduct('TK_170073353618...')
#8 F:\DOANTOTNGHIEP\htdocs\DA2023\system\CodeIgniter.php(919): App\Controllers\User\CartController->list()
#9 F:\DOANTOTNGHIEP\htdocs\DA2023\system\CodeIgniter.php(494): CodeIgniter\CodeIgniter->runController(Object(App\Controllers\User\CartController))
#10 F:\DOANTOTNGHIEP\htdocs\DA2023\system\CodeIgniter.php(353): CodeIgniter\CodeIgniter->handleRequest(NULL, Object(Config\Cache), false)
#11 F:\DOANTOTNGHIEP\htdocs\DA2023\public\index.php(79): CodeIgniter\CodeIgniter->run()
#12 F:\DOANTOTNGHIEP\htdocs\DA2023\system\Commands\Server\rewrite.php(47): require_once('F:\\DOANTOTNGHIE...')
#13 {main}
CRITICAL - 2023-12-03 15:49:25 --> Not unique table/alias: 'tbl_ctgiohang'
in SYSTEMPATH\Database\BaseConnection.php on line 646.
 1 SYSTEMPATH\Database\BaseBuilder.php(1615): CodeIgniter\Database\BaseConnection->query('SELECT *
FROM `tbl_ctgiohang`
JOIN `tbl_ctgiohang` ON `tbl_ctgiohang`.`FK_iMaSP` = `tbl_sanpham`.`PK_iMaSP`
WHERE `FK_iMaGH` = :FK_iMaGH:', [...], false)
 2 SYSTEMPATH\Model.php(237): CodeIgniter\Database\BaseBuilder->get()
 3 SYSTEMPATH\BaseModel.php(624): CodeIgniter\Model->doFindAll(0, 0)
 4 APPPATH\Services\CartService.php(40): CodeIgniter\BaseModel->findAll()
 5 APPPATH\Controllers\User\CartController.php(24): App\Services\CartService->getAllProduct('TK_17007335361836')
 6 SYSTEMPATH\CodeIgniter.php(919): App\Controllers\User\CartController->list()
 7 SYSTEMPATH\CodeIgniter.php(494): CodeIgniter\CodeIgniter->runController(Object(App\Controllers\User\CartController))
 8 SYSTEMPATH\CodeIgniter.php(353): CodeIgniter\CodeIgniter->handleRequest(null, Object(Config\Cache), false)
 9 FCPATH\index.php(79): CodeIgniter\CodeIgniter->run()
10 SYSTEMPATH\Commands\Server\rewrite.php(47): require_once('F:\\DOANTOTNGHIEP\\htdocs\\DA2023\\public\\index.php')
INFO - 2023-12-03 15:49:45 --> Session: Class initialized using 'CodeIgniter\Session\Handlers\FileHandler' driver.
INFO - 2023-12-03 15:56:13 --> Session: Class initialized using 'CodeIgniter\Session\Handlers\FileHandler' driver.
ERROR - 2023-12-03 15:56:13 --> mysqli_sql_exception: Not unique table/alias: 'tbl_sp_km' in F:\DOANTOTNGHIEP\htdocs\DA2023\system\Database\MySQLi\Connection.php:306
Stack trace:
#0 F:\DOANTOTNGHIEP\htdocs\DA2023\system\Database\MySQLi\Connection.php(306): mysqli->query('SELECT *\nFROM `...', 0)
#1 F:\DOANTOTNGHIEP\htdocs\DA2023\system\Database\BaseConnection.php(692): CodeIgniter\Database\MySQLi\Connection->execute('SELECT *\nFROM `...')
#2 F:\DOANTOTNGHIEP\htdocs\DA2023\system\Database\BaseConnection.php(606): CodeIgniter\Database\BaseConnection->simpleQuery('SELECT *\nFROM `...')
#3 F:\DOANTOTNGHIEP\htdocs\DA2023\system\Database\BaseBuilder.php(1615): CodeIgniter\Database\BaseConnection->query('SELECT *\nFROM `...', Array, false)
#4 F:\DOANTOTNGHIEP\htdocs\DA2023\system\Model.php(237): CodeIgniter\Database\BaseBuilder->get()
#5 F:\DOANTOTNGHIEP\htdocs\DA2023\system\BaseModel.php(624): CodeIgniter\Model->doFindAll(0, 0)
#6 F:\DOANTOTNGHIEP\htdocs\DA2023\app\Services\CartService.php(46): CodeIgniter\BaseModel->findAll()
#7 F:\DOANTOTNGHIEP\htdocs\DA2023\app\Controllers\User\CartController.php(24): App\Services\CartService->getAllProduct('TK_170073353618...')
#8 F:\DOANTOTNGHIEP\htdocs\DA2023\system\CodeIgniter.php(919): App\Controllers\User\CartController->list()
#9 F:\DOANTOTNGHIEP\htdocs\DA2023\system\CodeIgniter.php(494): CodeIgniter\CodeIgniter->runController(Object(App\Controllers\User\CartController))
#10 F:\DOANTOTNGHIEP\htdocs\DA2023\system\CodeIgniter.php(353): CodeIgniter\CodeIgniter->handleRequest(NULL, Object(Config\Cache), false)
#11 F:\DOANTOTNGHIEP\htdocs\DA2023\public\index.php(79): CodeIgniter\CodeIgniter->run()
#12 F:\DOANTOTNGHIEP\htdocs\DA2023\system\Commands\Server\rewrite.php(47): require_once('F:\\DOANTOTNGHIE...')
#13 {main}
CRITICAL - 2023-12-03 15:56:13 --> Not unique table/alias: 'tbl_sp_km'
in SYSTEMPATH\Database\BaseConnection.php on line 646.
 1 SYSTEMPATH\Database\BaseBuilder.php(1615): CodeIgniter\Database\BaseConnection->query('SELECT *
FROM `tbl_sp_km`
LEFT JOIN `tbl_sp_km` ON `tbl_sp_km`.`FK_iMaSP` = `tbl_sanpham`.`PK_iMaSP`', [], false)
 2 SYSTEMPATH\Model.php(237): CodeIgniter\Database\BaseBuilder->get()
 3 SYSTEMPATH\BaseModel.php(624): CodeIgniter\Model->doFindAll(0, 0)
 4 APPPATH\Services\CartService.php(46): CodeIgniter\BaseModel->findAll()
 5 APPPATH\Controllers\User\CartController.php(24): App\Services\CartService->getAllProduct('TK_17007335361836')
 6 SYSTEMPATH\CodeIgniter.php(919): App\Controllers\User\CartController->list()
 7 SYSTEMPATH\CodeIgniter.php(494): CodeIgniter\CodeIgniter->runController(Object(App\Controllers\User\CartController))
 8 SYSTEMPATH\CodeIgniter.php(353): CodeIgniter\CodeIgniter->handleRequest(null, Object(Config\Cache), false)
 9 FCPATH\index.php(79): CodeIgniter\CodeIgniter->run()
10 SYSTEMPATH\Commands\Server\rewrite.php(47): require_once('F:\\DOANTOTNGHIEP\\htdocs\\DA2023\\public\\index.php')
INFO - 2023-12-03 15:56:43 --> Session: Class initialized using 'CodeIgniter\Session\Handlers\FileHandler' driver.
INFO - 2023-12-03 15:59:09 --> Session: Class initialized using 'CodeIgniter\Session\Handlers\FileHandler' driver.
CRITICAL - 2023-12-03 15:59:09 --> Attempt to read property "FK_iMaSP" on array
in APPPATH\Services\CartService.php on line 50.
 1 APPPATH\Services\CartService.php(50): CodeIgniter\Debug\Exceptions->errorHandler(2, 'Attempt to read property "FK_iMaSP" on array', 'F:\\DOANTOTNGHIEP\\htdocs\\DA2023\\app\\Services\\CartService.php', 50)
 2 APPPATH\Controllers\User\CartController.php(24): App\Services\CartService->getAllProduct('TK_17007335361836')
 3 SYSTEMPATH\CodeIgniter.php(919): App\Controllers\User\CartController->list()
 4 SYSTEMPATH\CodeIgniter.php(494): CodeIgniter\CodeIgniter->runController(Object(App\Controllers\User\CartController))
 5 SYSTEMPATH\CodeIgniter.php(353): CodeIgniter\CodeIgniter->handleRequest(null, Object(Config\Cache), false)
 6 FCPATH\index.php(79): CodeIgniter\CodeIgniter->run()
 7 SYSTEMPATH\Commands\Server\rewrite.php(47): require_once('F:\\DOANTOTNGHIEP\\htdocs\\DA2023\\public\\index.php')
INFO - 2023-12-03 15:59:28 --> Session: Class initialized using 'CodeIgniter\Session\Handlers\FileHandler' driver.
INFO - 2023-12-03 16:01:20 --> Session: Class initialized using 'CodeIgniter\Session\Handlers\FileHandler' driver.
INFO - 2023-12-03 16:02:43 --> Session: Class initialized using 'CodeIgniter\Session\Handlers\FileHandler' driver.
CRITICAL - 2023-12-03 16:02:43 --> Undefined array key "PK_iMaGH"
in APPPATH\Views\User\Pages\cart.php on line 95.
 1 APPPATH\Views\User\Pages\cart.php(95): CodeIgniter\Debug\Exceptions->errorHandler(2, 'Undefined array key "PK_iMaGH"', 'F:\\DOANTOTNGHIEP\\htdocs\\DA2023\\app\\Views\\User\\Pages\\cart.php', 95)
 2 SYSTEMPATH\View\View.php(226): include('F:\\DOANTOTNGHIEP\\htdocs\\DA2023\\app\\Views\\User\\Pages\\cart.php')
 3 SYSTEMPATH\View\View.php(229): CodeIgniter\View\View->CodeIgniter\View\{closure}()
 4 SYSTEMPATH\Common.php(1188): CodeIgniter\View\View->render('User/Pages/cart', [], true)
 5 APPPATH\Controllers\BaseController.php(126): view('User/Pages/cart', [...])
 6 APPPATH\Controllers\User\CartController.php(26): App\Controllers\BaseController->loadMasterLayoutUser([...], 'Danh sách sản phẩm đã thêm vào giỏ hàng', 'User/Pages/cart', [...])
 7 SYSTEMPATH\CodeIgniter.php(919): App\Controllers\User\CartController->list()
 8 SYSTEMPATH\CodeIgniter.php(494): CodeIgniter\CodeIgniter->runController(Object(App\Controllers\User\CartController))
 9 SYSTEMPATH\CodeIgniter.php(353): CodeIgniter\CodeIgniter->handleRequest(null, Object(Config\Cache), false)
10 FCPATH\index.php(79): CodeIgniter\CodeIgniter->run()
11 SYSTEMPATH\Commands\Server\rewrite.php(47): require_once('F:\\DOANTOTNGHIEP\\htdocs\\DA2023\\public\\index.php')
INFO - 2023-12-03 16:04:01 --> Session: Class initialized using 'CodeIgniter\Session\Handlers\FileHandler' driver.
INFO - 2023-12-03 16:04:17 --> Session: Class initialized using 'CodeIgniter\Session\Handlers\FileHandler' driver.
CRITICAL - 2023-12-03 16:04:17 --> Undefined array key "PK_iMaGH"
in APPPATH\Views\User\Pages\cart.php on line 95.
 1 APPPATH\Views\User\Pages\cart.php(95): CodeIgniter\Debug\Exceptions->errorHandler(2, 'Undefined array key "PK_iMaGH"', 'F:\\DOANTOTNGHIEP\\htdocs\\DA2023\\app\\Views\\User\\Pages\\cart.php', 95)
 2 SYSTEMPATH\View\View.php(226): include('F:\\DOANTOTNGHIEP\\htdocs\\DA2023\\app\\Views\\User\\Pages\\cart.php')
 3 SYSTEMPATH\View\View.php(229): CodeIgniter\View\View->CodeIgniter\View\{closure}()
 4 SYSTEMPATH\Common.php(1188): CodeIgniter\View\View->render('User/Pages/cart', [], true)
 5 APPPATH\Controllers\BaseController.php(126): view('User/Pages/cart', [...])
 6 APPPATH\Controllers\User\CartController.php(26): App\Controllers\BaseController->loadMasterLayoutUser([...], 'Danh sách sản phẩm đã thêm vào giỏ hàng', 'User/Pages/cart', [...])
 7 SYSTEMPATH\CodeIgniter.php(919): App\Controllers\User\CartController->list()
 8 SYSTEMPATH\CodeIgniter.php(494): CodeIgniter\CodeIgniter->runController(Object(App\Controllers\User\CartController))
 9 SYSTEMPATH\CodeIgniter.php(353): CodeIgniter\CodeIgniter->handleRequest(null, Object(Config\Cache), false)
10 FCPATH\index.php(79): CodeIgniter\CodeIgniter->run()
11 SYSTEMPATH\Commands\Server\rewrite.php(47): require_once('F:\\DOANTOTNGHIEP\\htdocs\\DA2023\\public\\index.php')
INFO - 2023-12-03 16:05:07 --> Session: Class initialized using 'CodeIgniter\Session\Handlers\FileHandler' driver.
INFO - 2023-12-03 16:05:31 --> Session: Class initialized using 'CodeIgniter\Session\Handlers\FileHandler' driver.
CRITICAL - 2023-12-03 16:05:31 --> Undefined array key "PK_iMaGH"
in APPPATH\Views\User\Pages\cart.php on line 97.
 1 APPPATH\Views\User\Pages\cart.php(97): CodeIgniter\Debug\Exceptions->errorHandler(2, 'Undefined array key "PK_iMaGH"', 'F:\\DOANTOTNGHIEP\\htdocs\\DA2023\\app\\Views\\User\\Pages\\cart.php', 97)
 2 SYSTEMPATH\View\View.php(226): include('F:\\DOANTOTNGHIEP\\htdocs\\DA2023\\app\\Views\\User\\Pages\\cart.php')
 3 SYSTEMPATH\View\View.php(229): CodeIgniter\View\View->CodeIgniter\View\{closure}()
 4 SYSTEMPATH\Common.php(1188): CodeIgniter\View\View->render('User/Pages/cart', [], true)
 5 APPPATH\Controllers\BaseController.php(126): view('User/Pages/cart', [...])
 6 APPPATH\Controllers\User\CartController.php(26): App\Controllers\BaseController->loadMasterLayoutUser([...], 'Danh sách sản phẩm đã thêm vào giỏ hàng', 'User/Pages/cart', [...])
 7 SYSTEMPATH\CodeIgniter.php(919): App\Controllers\User\CartController->list()
 8 SYSTEMPATH\CodeIgniter.php(494): CodeIgniter\CodeIgniter->runController(Object(App\Controllers\User\CartController))
 9 SYSTEMPATH\CodeIgniter.php(353): CodeIgniter\CodeIgniter->handleRequest(null, Object(Config\Cache), false)
10 FCPATH\index.php(79): CodeIgniter\CodeIgniter->run()
11 SYSTEMPATH\Commands\Server\rewrite.php(47): require_once('F:\\DOANTOTNGHIEP\\htdocs\\DA2023\\public\\index.php')
INFO - 2023-12-03 16:05:43 --> Session: Class initialized using 'CodeIgniter\Session\Handlers\FileHandler' driver.
INFO - 2023-12-03 16:06:18 --> Session: Class initialized using 'CodeIgniter\Session\Handlers\FileHandler' driver.
CRITICAL - 2023-12-03 16:06:18 --> Undefined array key "PK_iMaGH"
in APPPATH\Views\User\Pages\cart.php on line 79.
 1 APPPATH\Views\User\Pages\cart.php(79): CodeIgniter\Debug\Exceptions->errorHandler(2, 'Undefined array key "PK_iMaGH"', 'F:\\DOANTOTNGHIEP\\htdocs\\DA2023\\app\\Views\\User\\Pages\\cart.php', 79)
 2 SYSTEMPATH\View\View.php(226): include('F:\\DOANTOTNGHIEP\\htdocs\\DA2023\\app\\Views\\User\\Pages\\cart.php')
 3 SYSTEMPATH\View\View.php(229): CodeIgniter\View\View->CodeIgniter\View\{closure}()
 4 SYSTEMPATH\Common.php(1188): CodeIgniter\View\View->render('User/Pages/cart', [], true)
 5 APPPATH\Controllers\BaseController.php(126): view('User/Pages/cart', [...])
 6 APPPATH\Controllers\User\CartController.php(26): App\Controllers\BaseController->loadMasterLayoutUser([...], 'Danh sách sản phẩm đã thêm vào giỏ hàng', 'User/Pages/cart', [...])
 7 SYSTEMPATH\CodeIgniter.php(919): App\Controllers\User\CartController->list()
 8 SYSTEMPATH\CodeIgniter.php(494): CodeIgniter\CodeIgniter->runController(Object(App\Controllers\User\CartController))
 9 SYSTEMPATH\CodeIgniter.php(353): CodeIgniter\CodeIgniter->handleRequest(null, Object(Config\Cache), false)
10 FCPATH\index.php(79): CodeIgniter\CodeIgniter->run()
11 SYSTEMPATH\Commands\Server\rewrite.php(47): require_once('F:\\DOANTOTNGHIEP\\htdocs\\DA2023\\public\\index.php')
INFO - 2023-12-03 16:06:29 --> Session: Class initialized using 'CodeIgniter\Session\Handlers\FileHandler' driver.
INFO - 2023-12-03 16:07:09 --> Session: Class initialized using 'CodeIgniter\Session\Handlers\FileHandler' driver.
CRITICAL - 2023-12-03 16:07:09 --> Undefined array key "MaSP"
in APPPATH\Views\User\Pages\cart.php on line 98.
 1 APPPATH\Views\User\Pages\cart.php(98): CodeIgniter\Debug\Exceptions->errorHandler(2, 'Undefined array key "MaSP"', 'F:\\DOANTOTNGHIEP\\htdocs\\DA2023\\app\\Views\\User\\Pages\\cart.php', 98)
 2 SYSTEMPATH\View\View.php(226): include('F:\\DOANTOTNGHIEP\\htdocs\\DA2023\\app\\Views\\User\\Pages\\cart.php')
 3 SYSTEMPATH\View\View.php(229): CodeIgniter\View\View->CodeIgniter\View\{closure}()
 4 SYSTEMPATH\Common.php(1188): CodeIgniter\View\View->render('User/Pages/cart', [], true)
 5 APPPATH\Controllers\BaseController.php(126): view('User/Pages/cart', [...])
 6 APPPATH\Controllers\User\CartController.php(26): App\Controllers\BaseController->loadMasterLayoutUser([...], 'Danh sách sản phẩm đã thêm vào giỏ hàng', 'User/Pages/cart', [...])
 7 SYSTEMPATH\CodeIgniter.php(919): App\Controllers\User\CartController->list()
 8 SYSTEMPATH\CodeIgniter.php(494): CodeIgniter\CodeIgniter->runController(Object(App\Controllers\User\CartController))
 9 SYSTEMPATH\CodeIgniter.php(353): CodeIgniter\CodeIgniter->handleRequest(null, Object(Config\Cache), false)
10 FCPATH\index.php(79): CodeIgniter\CodeIgniter->run()
11 SYSTEMPATH\Commands\Server\rewrite.php(47): require_once('F:\\DOANTOTNGHIEP\\htdocs\\DA2023\\public\\index.php')
INFO - 2023-12-03 16:07:33 --> Session: Class initialized using 'CodeIgniter\Session\Handlers\FileHandler' driver.
INFO - 2023-12-03 16:08:28 --> Session: Class initialized using 'CodeIgniter\Session\Handlers\FileHandler' driver.
CRITICAL - 2023-12-03 16:08:28 --> Undefined array key "fChietKhau"
in APPPATH\Views\User\Pages\cart.php on line 101.
 1 APPPATH\Views\User\Pages\cart.php(101): CodeIgniter\Debug\Exceptions->errorHandler(2, 'Undefined array key "fChietKhau"', 'F:\\DOANTOTNGHIEP\\htdocs\\DA2023\\app\\Views\\User\\Pages\\cart.php', 101)
 2 SYSTEMPATH\View\View.php(226): include('F:\\DOANTOTNGHIEP\\htdocs\\DA2023\\app\\Views\\User\\Pages\\cart.php')
 3 SYSTEMPATH\View\View.php(229): CodeIgniter\View\View->CodeIgniter\View\{closure}()
 4 SYSTEMPATH\Common.php(1188): CodeIgniter\View\View->render('User/Pages/cart', [], true)
 5 APPPATH\Controllers\BaseController.php(126): view('User/Pages/cart', [...])
 6 APPPATH\Controllers\User\CartController.php(26): App\Controllers\BaseController->loadMasterLayoutUser([...], 'Danh sách sản phẩm đã thêm vào giỏ hàng', 'User/Pages/cart', [...])
 7 SYSTEMPATH\CodeIgniter.php(919): App\Controllers\User\CartController->list()
 8 SYSTEMPATH\CodeIgniter.php(494): CodeIgniter\CodeIgniter->runController(Object(App\Controllers\User\CartController))
 9 SYSTEMPATH\CodeIgniter.php(353): CodeIgniter\CodeIgniter->handleRequest(null, Object(Config\Cache), false)
10 FCPATH\index.php(79): CodeIgniter\CodeIgniter->run()
11 SYSTEMPATH\Commands\Server\rewrite.php(47): require_once('F:\\DOANTOTNGHIEP\\htdocs\\DA2023\\public\\index.php')
INFO - 2023-12-03 16:10:17 --> Session: Class initialized using 'CodeIgniter\Session\Handlers\FileHandler' driver.
CRITICAL - 2023-12-03 16:10:17 --> Undefined array key "total_price"
in APPPATH\Views\User\Pages\cart.php on line 102.
 1 APPPATH\Views\User\Pages\cart.php(102): CodeIgniter\Debug\Exceptions->errorHandler(2, 'Undefined array key "total_price"', 'F:\\DOANTOTNGHIEP\\htdocs\\DA2023\\app\\Views\\User\\Pages\\cart.php', 102)
 2 SYSTEMPATH\View\View.php(226): include('F:\\DOANTOTNGHIEP\\htdocs\\DA2023\\app\\Views\\User\\Pages\\cart.php')
 3 SYSTEMPATH\View\View.php(229): CodeIgniter\View\View->CodeIgniter\View\{closure}()
 4 SYSTEMPATH\Common.php(1188): CodeIgniter\View\View->render('User/Pages/cart', [], true)
 5 APPPATH\Controllers\BaseController.php(126): view('User/Pages/cart', [...])
 6 APPPATH\Controllers\User\CartController.php(26): App\Controllers\BaseController->loadMasterLayoutUser([...], 'Danh sách sản phẩm đã thêm vào giỏ hàng', 'User/Pages/cart', [...])
 7 SYSTEMPATH\CodeIgniter.php(919): App\Controllers\User\CartController->list()
 8 SYSTEMPATH\CodeIgniter.php(494): CodeIgniter\CodeIgniter->runController(Object(App\Controllers\User\CartController))
 9 SYSTEMPATH\CodeIgniter.php(353): CodeIgniter\CodeIgniter->handleRequest(null, Object(Config\Cache), false)
10 FCPATH\index.php(79): CodeIgniter\CodeIgniter->run()
11 SYSTEMPATH\Commands\Server\rewrite.php(47): require_once('F:\\DOANTOTNGHIEP\\htdocs\\DA2023\\public\\index.php')
INFO - 2023-12-03 16:11:17 --> Session: Class initialized using 'CodeIgniter\Session\Handlers\FileHandler' driver.
INFO - 2023-12-03 16:12:43 --> Session: Class initialized using 'CodeIgniter\Session\Handlers\FileHandler' driver.
INFO - 2023-12-03 16:13:16 --> Session: Class initialized using 'CodeIgniter\Session\Handlers\FileHandler' driver.
CRITICAL - 2023-12-03 16:13:16 --> Unmatched ')'
in APPPATH\Views\User\Pages\cart.php on line 102.
 1 SYSTEMPATH\View\View.php(229): CodeIgniter\View\View->CodeIgniter\View\{closure}()
 2 SYSTEMPATH\Common.php(1188): CodeIgniter\View\View->render('User/Pages/cart', [], true)
 3 APPPATH\Controllers\BaseController.php(126): view('User/Pages/cart', [...])
 4 APPPATH\Controllers\User\CartController.php(26): App\Controllers\BaseController->loadMasterLayoutUser([...], 'Danh sách sản phẩm đã thêm vào giỏ hàng', 'User/Pages/cart', [...])
 5 SYSTEMPATH\CodeIgniter.php(919): App\Controllers\User\CartController->list()
 6 SYSTEMPATH\CodeIgniter.php(494): CodeIgniter\CodeIgniter->runController(Object(App\Controllers\User\CartController))
 7 SYSTEMPATH\CodeIgniter.php(353): CodeIgniter\CodeIgniter->handleRequest(null, Object(Config\Cache), false)
 8 FCPATH\index.php(79): CodeIgniter\CodeIgniter->run()
 9 SYSTEMPATH\Commands\Server\rewrite.php(47): require_once('F:\\DOANTOTNGHIEP\\htdocs\\DA2023\\public\\index.php')
INFO - 2023-12-03 16:13:24 --> Session: Class initialized using 'CodeIgniter\Session\Handlers\FileHandler' driver.
INFO - 2023-12-03 16:13:46 --> Session: Class initialized using 'CodeIgniter\Session\Handlers\FileHandler' driver.
INFO - 2023-12-03 16:15:04 --> Session: Class initialized using 'CodeIgniter\Session\Handlers\FileHandler' driver.
INFO - 2023-12-03 16:15:38 --> Session: Class initialized using 'CodeIgniter\Session\Handlers\FileHandler' driver.
INFO - 2023-12-03 16:16:27 --> Session: Class initialized using 'CodeIgniter\Session\Handlers\FileHandler' driver.
INFO - 2023-12-03 16:17:03 --> Session: Class initialized using 'CodeIgniter\Session\Handlers\FileHandler' driver.
INFO - 2023-12-03 16:18:06 --> Session: Class initialized using 'CodeIgniter\Session\Handlers\FileHandler' driver.
INFO - 2023-12-03 16:18:34 --> Session: Class initialized using 'CodeIgniter\Session\Handlers\FileHandler' driver.
INFO - 2023-12-03 16:20:07 --> Session: Class initialized using 'CodeIgniter\Session\Handlers\FileHandler' driver.
INFO - 2023-12-03 16:20:44 --> Session: Class initialized using 'CodeIgniter\Session\Handlers\FileHandler' driver.
INFO - 2023-12-03 16:21:18 --> Session: Class initialized using 'CodeIgniter\Session\Handlers\FileHandler' driver.
INFO - 2023-12-03 16:23:36 --> Session: Class initialized using 'CodeIgniter\Session\Handlers\FileHandler' driver.
CRITICAL - 2023-12-03 16:23:36 --> Call to undefined function _number_format()
in APPPATH\Views\User\Pages\cart.php on line 102.
 1 SYSTEMPATH\View\View.php(226): include()
 2 SYSTEMPATH\View\View.php(229): CodeIgniter\View\View->CodeIgniter\View\{closure}()
 3 SYSTEMPATH\Common.php(1188): CodeIgniter\View\View->render('User/Pages/cart', [], true)
 4 APPPATH\Controllers\BaseController.php(126): view('User/Pages/cart', [...])
 5 APPPATH\Controllers\User\CartController.php(26): App\Controllers\BaseController->loadMasterLayoutUser([...], 'Danh sách sản phẩm đã thêm vào giỏ hàng', 'User/Pages/cart', [...])
 6 SYSTEMPATH\CodeIgniter.php(919): App\Controllers\User\CartController->list()
 7 SYSTEMPATH\CodeIgniter.php(494): CodeIgniter\CodeIgniter->runController(Object(App\Controllers\User\CartController))
 8 SYSTEMPATH\CodeIgniter.php(353): CodeIgniter\CodeIgniter->handleRequest(null, Object(Config\Cache), false)
 9 FCPATH\index.php(79): CodeIgniter\CodeIgniter->run()
10 SYSTEMPATH\Commands\Server\rewrite.php(47): require_once('F:\\DOANTOTNGHIEP\\htdocs\\DA2023\\public\\index.php')
INFO - 2023-12-03 16:25:40 --> Session: Class initialized using 'CodeIgniter\Session\Handlers\FileHandler' driver.
INFO - 2023-12-03 16:26:22 --> Session: Class initialized using 'CodeIgniter\Session\Handlers\FileHandler' driver.
INFO - 2023-12-03 16:26:34 --> Session: Class initialized using 'CodeIgniter\Session\Handlers\FileHandler' driver.
INFO - 2023-12-03 16:27:58 --> Session: Class initialized using 'CodeIgniter\Session\Handlers\FileHandler' driver.
INFO - 2023-12-03 16:29:32 --> Session: Class initialized using 'CodeIgniter\Session\Handlers\FileHandler' driver.
INFO - 2023-12-03 16:31:51 --> Session: Class initialized using 'CodeIgniter\Session\Handlers\FileHandler' driver.
INFO - 2023-12-03 16:31:53 --> Session: Class initialized using 'CodeIgniter\Session\Handlers\FileHandler' driver.
INFO - 2023-12-03 16:32:43 --> Session: Class initialized using 'CodeIgniter\Session\Handlers\FileHandler' driver.
INFO - 2023-12-03 16:32:52 --> Session: Class initialized using 'CodeIgniter\Session\Handlers\FileHandler' driver.
INFO - 2023-12-03 16:33:48 --> Session: Class initialized using 'CodeIgniter\Session\Handlers\FileHandler' driver.
INFO - 2023-12-03 16:34:56 --> Session: Class initialized using 'CodeIgniter\Session\Handlers\FileHandler' driver.
INFO - 2023-12-03 16:35:39 --> Session: Class initialized using 'CodeIgniter\Session\Handlers\FileHandler' driver.
INFO - 2023-12-03 16:35:42 --> Session: Class initialized using 'CodeIgniter\Session\Handlers\FileHandler' driver.
INFO - 2023-12-03 16:36:36 --> Session: Class initialized using 'CodeIgniter\Session\Handlers\FileHandler' driver.
INFO - 2023-12-03 16:36:49 --> Session: Class initialized using 'CodeIgniter\Session\Handlers\FileHandler' driver.
INFO - 2023-12-03 16:37:59 --> Session: Class initialized using 'CodeIgniter\Session\Handlers\FileHandler' driver.
INFO - 2023-12-03 16:38:50 --> Session: Class initialized using 'CodeIgniter\Session\Handlers\FileHandler' driver.
INFO - 2023-12-03 16:40:00 --> Session: Class initialized using 'CodeIgniter\Session\Handlers\FileHandler' driver.
INFO - 2023-12-03 16:40:04 --> Session: Class initialized using 'CodeIgniter\Session\Handlers\FileHandler' driver.
INFO - 2023-12-03 16:41:15 --> Session: Class initialized using 'CodeIgniter\Session\Handlers\FileHandler' driver.
INFO - 2023-12-03 16:42:07 --> Session: Class initialized using 'CodeIgniter\Session\Handlers\FileHandler' driver.
INFO - 2023-12-03 16:42:53 --> Session: Class initialized using 'CodeIgniter\Session\Handlers\FileHandler' driver.
INFO - 2023-12-03 16:43:30 --> Session: Class initialized using 'CodeIgniter\Session\Handlers\FileHandler' driver.
INFO - 2023-12-03 16:43:45 --> Session: Class initialized using 'CodeIgniter\Session\Handlers\FileHandler' driver.
INFO - 2023-12-03 16:44:20 --> Session: Class initialized using 'CodeIgniter\Session\Handlers\FileHandler' driver.
INFO - 2023-12-03 16:44:28 --> Session: Class initialized using 'CodeIgniter\Session\Handlers\FileHandler' driver.
INFO - 2023-12-03 16:45:52 --> Session: Class initialized using 'CodeIgniter\Session\Handlers\FileHandler' driver.
INFO - 2023-12-03 16:46:09 --> Session: Class initialized using 'CodeIgniter\Session\Handlers\FileHandler' driver.
INFO - 2023-12-03 16:47:15 --> Session: Class initialized using 'CodeIgniter\Session\Handlers\FileHandler' driver.
INFO - 2023-12-03 16:47:45 --> Session: Class initialized using 'CodeIgniter\Session\Handlers\FileHandler' driver.
INFO - 2023-12-03 16:48:08 --> Session: Class initialized using 'CodeIgniter\Session\Handlers\FileHandler' driver.
INFO - 2023-12-03 16:48:24 --> Session: Class initialized using 'CodeIgniter\Session\Handlers\FileHandler' driver.
INFO - 2023-12-03 16:48:44 --> Session: Class initialized using 'CodeIgniter\Session\Handlers\FileHandler' driver.
INFO - 2023-12-03 16:50:58 --> Session: Class initialized using 'CodeIgniter\Session\Handlers\FileHandler' driver.
INFO - 2023-12-03 16:52:41 --> Session: Class initialized using 'CodeIgniter\Session\Handlers\FileHandler' driver.
INFO - 2023-12-03 16:52:49 --> Session: Class initialized using 'CodeIgniter\Session\Handlers\FileHandler' driver.
INFO - 2023-12-03 16:53:37 --> Session: Class initialized using 'CodeIgniter\Session\Handlers\FileHandler' driver.
INFO - 2023-12-03 16:54:21 --> Session: Class initialized using 'CodeIgniter\Session\Handlers\FileHandler' driver.
INFO - 2023-12-03 16:54:46 --> Session: Class initialized using 'CodeIgniter\Session\Handlers\FileHandler' driver.
INFO - 2023-12-03 16:56:05 --> Session: Class initialized using 'CodeIgniter\Session\Handlers\FileHandler' driver.
INFO - 2023-12-03 16:57:47 --> Session: Class initialized using 'CodeIgniter\Session\Handlers\FileHandler' driver.
INFO - 2023-12-03 16:58:00 --> Session: Class initialized using 'CodeIgniter\Session\Handlers\FileHandler' driver.
INFO - 2023-12-03 16:58:17 --> Session: Class initialized using 'CodeIgniter\Session\Handlers\FileHandler' driver.
INFO - 2023-12-03 16:59:04 --> Session: Class initialized using 'CodeIgniter\Session\Handlers\FileHandler' driver.
INFO - 2023-12-03 17:07:31 --> Session: Class initialized using 'CodeIgniter\Session\Handlers\FileHandler' driver.
INFO - 2023-12-03 17:08:05 --> Session: Class initialized using 'CodeIgniter\Session\Handlers\FileHandler' driver.
INFO - 2023-12-03 17:08:10 --> Session: Class initialized using 'CodeIgniter\Session\Handlers\FileHandler' driver.
INFO - 2023-12-03 17:08:36 --> Session: Class initialized using 'CodeIgniter\Session\Handlers\FileHandler' driver.
INFO - 2023-12-03 17:09:03 --> Session: Class initialized using 'CodeIgniter\Session\Handlers\FileHandler' driver.
INFO - 2023-12-03 17:09:51 --> Session: Class initialized using 'CodeIgniter\Session\Handlers\FileHandler' driver.
INFO - 2023-12-03 17:11:07 --> Session: Class initialized using 'CodeIgniter\Session\Handlers\FileHandler' driver.
INFO - 2023-12-03 17:11:27 --> Session: Class initialized using 'CodeIgniter\Session\Handlers\FileHandler' driver.
INFO - 2023-12-03 17:11:50 --> Session: Class initialized using 'CodeIgniter\Session\Handlers\FileHandler' driver.
INFO - 2023-12-03 17:13:12 --> Session: Class initialized using 'CodeIgniter\Session\Handlers\FileHandler' driver.
INFO - 2023-12-03 17:13:13 --> Session: Class initialized using 'CodeIgniter\Session\Handlers\FileHandler' driver.
INFO - 2023-12-03 17:13:13 --> Session: Class initialized using 'CodeIgniter\Session\Handlers\FileHandler' driver.
INFO - 2023-12-03 17:15:40 --> Session: Class initialized using 'CodeIgniter\Session\Handlers\FileHandler' driver.
INFO - 2023-12-03 17:16:05 --> Session: Class initialized using 'CodeIgniter\Session\Handlers\FileHandler' driver.
INFO - 2023-12-03 17:16:27 --> Session: Class initialized using 'CodeIgniter\Session\Handlers\FileHandler' driver.
INFO - 2023-12-03 17:18:09 --> Session: Class initialized using 'CodeIgniter\Session\Handlers\FileHandler' driver.
INFO - 2023-12-03 17:18:42 --> Session: Class initialized using 'CodeIgniter\Session\Handlers\FileHandler' driver.
INFO - 2023-12-03 23:37:37 --> Session: Class initialized using 'CodeIgniter\Session\Handlers\FileHandler' driver.
INFO - 2023-12-03 23:37:38 --> Session: Class initialized using 'CodeIgniter\Session\Handlers\FileHandler' driver.
INFO - 2023-12-03 23:39:09 --> Session: Class initialized using 'CodeIgniter\Session\Handlers\FileHandler' driver.
INFO - 2023-12-03 23:39:10 --> Session: Class initialized using 'CodeIgniter\Session\Handlers\FileHandler' driver.
INFO - 2023-12-03 23:39:12 --> Session: Class initialized using 'CodeIgniter\Session\Handlers\FileHandler' driver.
INFO - 2023-12-03 23:39:44 --> Session: Class initialized using 'CodeIgniter\Session\Handlers\FileHandler' driver.
INFO - 2023-12-03 23:40:38 --> Session: Class initialized using 'CodeIgniter\Session\Handlers\FileHandler' driver.
INFO - 2023-12-03 23:41:30 --> Session: Class initialized using 'CodeIgniter\Session\Handlers\FileHandler' driver.
INFO - 2023-12-03 23:42:26 --> Session: Class initialized using 'CodeIgniter\Session\Handlers\FileHandler' driver.
INFO - 2023-12-03 23:44:33 --> Session: Class initialized using 'CodeIgniter\Session\Handlers\FileHandler' driver.
INFO - 2023-12-03 23:44:36 --> Session: Class initialized using 'CodeIgniter\Session\Handlers\FileHandler' driver.
INFO - 2023-12-03 23:44:38 --> Session: Class initialized using 'CodeIgniter\Session\Handlers\FileHandler' driver.
INFO - 2023-12-03 23:45:06 --> Session: Class initialized using 'CodeIgniter\Session\Handlers\FileHandler' driver.
INFO - 2023-12-03 23:45:43 --> Session: Class initialized using 'CodeIgniter\Session\Handlers\FileHandler' driver.
INFO - 2023-12-03 23:45:47 --> Session: Class initialized using 'CodeIgniter\Session\Handlers\FileHandler' driver.
INFO - 2023-12-03 23:46:02 --> Session: Class initialized using 'CodeIgniter\Session\Handlers\FileHandler' driver.
INFO - 2023-12-03 23:46:26 --> Session: Class initialized using 'CodeIgniter\Session\Handlers\FileHandler' driver.
INFO - 2023-12-03 23:46:33 --> Session: Class initialized using 'CodeIgniter\Session\Handlers\FileHandler' driver.
INFO - 2023-12-03 23:47:49 --> Session: Class initialized using 'CodeIgniter\Session\Handlers\FileHandler' driver.
INFO - 2023-12-03 23:48:21 --> Session: Class initialized using 'CodeIgniter\Session\Handlers\FileHandler' driver.
INFO - 2023-12-03 23:48:55 --> Session: Class initialized using 'CodeIgniter\Session\Handlers\FileHandler' driver.
