ERROR - 2023-10-14 12:45:23 --> Error connecting to the database: mysqli_sql_exception: No connection could be made because the target machine actively refused it in F:\DOANTOTNGHIEP\htdocs\DA2023\system\Database\MySQLi\Connection.php:185
Stack trace:
#0 F:\DOANTOTNGHIEP\htdocs\DA2023\system\Database\MySQLi\Connection.php(185): mysqli->real_connect('localhost', 'root', '', 'nanahouse', 3306, '', 0)
#1 F:\DOANTOTNGHIEP\htdocs\DA2023\system\Database\BaseConnection.php(391): CodeIgniter\Database\MySQLi\Connection->connect(false)
#2 F:\DOANTOTNGHIEP\htdocs\DA2023\system\Database\BaseConnection.php(574): CodeIgniter\Database\BaseConnection->initialize()
#3 F:\DOANTOTNGHIEP\htdocs\DA2023\system\Database\BaseBuilder.php(1615): CodeIgniter\Database\BaseConnection->query('SELECT *\nFROM `...', Array, false)
#4 F:\DOANTOTNGHIEP\htdocs\DA2023\system\Model.php(237): CodeIgniter\Database\BaseBuilder->get()
#5 F:\DOANTOTNGHIEP\htdocs\DA2023\system\BaseModel.php(624): CodeIgniter\Model->doFindAll(0, 0)
#6 F:\DOANTOTNGHIEP\htdocs\DA2023\app\Services\ProductGroupService.php(21): CodeIgniter\BaseModel->findAll()
#7 F:\DOANTOTNGHIEP\htdocs\DA2023\app\Controllers\Admin\ProductGroupController.php(21): App\Services\ProductGroupService->getAllProductGroup()
#8 F:\DOANTOTNGHIEP\htdocs\DA2023\system\CodeIgniter.php(919): App\Controllers\Admin\ProductGroupController->list()
#9 F:\DOANTOTNGHIEP\htdocs\DA2023\system\CodeIgniter.php(494): CodeIgniter\CodeIgniter->runController(Object(App\Controllers\Admin\ProductGroupController))
#10 F:\DOANTOTNGHIEP\htdocs\DA2023\system\CodeIgniter.php(353): CodeIgniter\CodeIgniter->handleRequest(NULL, Object(Config\Cache), false)
#11 F:\DOANTOTNGHIEP\htdocs\DA2023\public\index.php(79): CodeIgniter\CodeIgniter->run()
#12 F:\DOANTOTNGHIEP\htdocs\DA2023\system\Commands\Server\rewrite.php(47): require_once('F:\\DOANTOTNGHIE...')
#13 {main}

Next CodeIgniter\Database\Exceptions\DatabaseException: No connection could be made because the target machine actively refused it in F:\DOANTOTNGHIEP\htdocs\DA2023\system\Database\MySQLi\Connection.php:229
Stack trace:
#0 F:\DOANTOTNGHIEP\htdocs\DA2023\system\Database\BaseConnection.php(391): CodeIgniter\Database\MySQLi\Connection->connect(false)
#1 F:\DOANTOTNGHIEP\htdocs\DA2023\system\Database\BaseConnection.php(574): CodeIgniter\Database\BaseConnection->initialize()
#2 F:\DOANTOTNGHIEP\htdocs\DA2023\system\Database\BaseBuilder.php(1615): CodeIgniter\Database\BaseConnection->query('SELECT *\nFROM `...', Array, false)
#3 F:\DOANTOTNGHIEP\htdocs\DA2023\system\Model.php(237): CodeIgniter\Database\BaseBuilder->get()
#4 F:\DOANTOTNGHIEP\htdocs\DA2023\system\BaseModel.php(624): CodeIgniter\Model->doFindAll(0, 0)
#5 F:\DOANTOTNGHIEP\htdocs\DA2023\app\Services\ProductGroupService.php(21): CodeIgniter\BaseModel->findAll()
#6 F:\DOANTOTNGHIEP\htdocs\DA2023\app\Controllers\Admin\ProductGroupController.php(21): App\Services\ProductGroupService->getAllProductGroup()
#7 F:\DOANTOTNGHIEP\htdocs\DA2023\system\CodeIgniter.php(919): App\Controllers\Admin\ProductGroupController->list()
#8 F:\DOANTOTNGHIEP\htdocs\DA2023\system\CodeIgniter.php(494): CodeIgniter\CodeIgniter->runController(Object(App\Controllers\Admin\ProductGroupController))
#9 F:\DOANTOTNGHIEP\htdocs\DA2023\system\CodeIgniter.php(353): CodeIgniter\CodeIgniter->handleRequest(NULL, Object(Config\Cache), false)
#10 F:\DOANTOTNGHIEP\htdocs\DA2023\public\index.php(79): CodeIgniter\CodeIgniter->run()
#11 F:\DOANTOTNGHIEP\htdocs\DA2023\system\Commands\Server\rewrite.php(47): require_once('F:\\DOANTOTNGHIE...')
#12 {main}
CRITICAL - 2023-10-14 12:45:23 --> Unable to connect to the database.
Main connection [MySQLi]: No connection could be made because the target machine actively refused it
in SYSTEMPATH\Database\BaseConnection.php on line 427.
 1 SYSTEMPATH\Database\BaseConnection.php(574): CodeIgniter\Database\BaseConnection->initialize()
 2 SYSTEMPATH\Database\BaseBuilder.php(1615): CodeIgniter\Database\BaseConnection->query('SELECT *
FROM `tbl_nhomsanpham`', [], false)
 3 SYSTEMPATH\Model.php(237): CodeIgniter\Database\BaseBuilder->get()
 4 SYSTEMPATH\BaseModel.php(624): CodeIgniter\Model->doFindAll(0, 0)
 5 APPPATH\Services\ProductGroupService.php(21): CodeIgniter\BaseModel->findAll()
 6 APPPATH\Controllers\Admin\ProductGroupController.php(21): App\Services\ProductGroupService->getAllProductGroup()
 7 SYSTEMPATH\CodeIgniter.php(919): App\Controllers\Admin\ProductGroupController->list()
 8 SYSTEMPATH\CodeIgniter.php(494): CodeIgniter\CodeIgniter->runController(Object(App\Controllers\Admin\ProductGroupController))
 9 SYSTEMPATH\CodeIgniter.php(353): CodeIgniter\CodeIgniter->handleRequest(null, Object(Config\Cache), false)
10 FCPATH\index.php(79): CodeIgniter\CodeIgniter->run()
11 SYSTEMPATH\Commands\Server\rewrite.php(47): require_once('F:\\DOANTOTNGHIEP\\htdocs\\DA2023\\public\\index.php')
ERROR - 2023-10-14 12:45:36 --> Error connecting to the database: mysqli_sql_exception: No connection could be made because the target machine actively refused it in F:\DOANTOTNGHIEP\htdocs\DA2023\system\Database\MySQLi\Connection.php:185
Stack trace:
#0 F:\DOANTOTNGHIEP\htdocs\DA2023\system\Database\MySQLi\Connection.php(185): mysqli->real_connect('localhost', 'root', '', 'nanahouse', 3306, '', 0)
#1 F:\DOANTOTNGHIEP\htdocs\DA2023\system\Database\BaseConnection.php(391): CodeIgniter\Database\MySQLi\Connection->connect(false)
#2 F:\DOANTOTNGHIEP\htdocs\DA2023\system\Database\BaseConnection.php(574): CodeIgniter\Database\BaseConnection->initialize()
#3 F:\DOANTOTNGHIEP\htdocs\DA2023\system\Database\BaseBuilder.php(1615): CodeIgniter\Database\BaseConnection->query('SELECT *\nFROM `...', Array, false)
#4 F:\DOANTOTNGHIEP\htdocs\DA2023\system\Model.php(237): CodeIgniter\Database\BaseBuilder->get()
#5 F:\DOANTOTNGHIEP\htdocs\DA2023\system\BaseModel.php(624): CodeIgniter\Model->doFindAll(0, 0)
#6 F:\DOANTOTNGHIEP\htdocs\DA2023\app\Services\ProductService.php(30): CodeIgniter\BaseModel->findAll()
#7 F:\DOANTOTNGHIEP\htdocs\DA2023\app\Controllers\Admin\ProductController.php(21): App\Services\ProductService->getAllProduct()
#8 F:\DOANTOTNGHIEP\htdocs\DA2023\system\CodeIgniter.php(919): App\Controllers\Admin\ProductController->list()
#9 F:\DOANTOTNGHIEP\htdocs\DA2023\system\CodeIgniter.php(494): CodeIgniter\CodeIgniter->runController(Object(App\Controllers\Admin\ProductController))
#10 F:\DOANTOTNGHIEP\htdocs\DA2023\system\CodeIgniter.php(353): CodeIgniter\CodeIgniter->handleRequest(NULL, Object(Config\Cache), false)
#11 F:\DOANTOTNGHIEP\htdocs\DA2023\public\index.php(79): CodeIgniter\CodeIgniter->run()
#12 F:\DOANTOTNGHIEP\htdocs\DA2023\system\Commands\Server\rewrite.php(47): require_once('F:\\DOANTOTNGHIE...')
#13 {main}

Next CodeIgniter\Database\Exceptions\DatabaseException: No connection could be made because the target machine actively refused it in F:\DOANTOTNGHIEP\htdocs\DA2023\system\Database\MySQLi\Connection.php:229
Stack trace:
#0 F:\DOANTOTNGHIEP\htdocs\DA2023\system\Database\BaseConnection.php(391): CodeIgniter\Database\MySQLi\Connection->connect(false)
#1 F:\DOANTOTNGHIEP\htdocs\DA2023\system\Database\BaseConnection.php(574): CodeIgniter\Database\BaseConnection->initialize()
#2 F:\DOANTOTNGHIEP\htdocs\DA2023\system\Database\BaseBuilder.php(1615): CodeIgniter\Database\BaseConnection->query('SELECT *\nFROM `...', Array, false)
#3 F:\DOANTOTNGHIEP\htdocs\DA2023\system\Model.php(237): CodeIgniter\Database\BaseBuilder->get()
#4 F:\DOANTOTNGHIEP\htdocs\DA2023\system\BaseModel.php(624): CodeIgniter\Model->doFindAll(0, 0)
#5 F:\DOANTOTNGHIEP\htdocs\DA2023\app\Services\ProductService.php(30): CodeIgniter\BaseModel->findAll()
#6 F:\DOANTOTNGHIEP\htdocs\DA2023\app\Controllers\Admin\ProductController.php(21): App\Services\ProductService->getAllProduct()
#7 F:\DOANTOTNGHIEP\htdocs\DA2023\system\CodeIgniter.php(919): App\Controllers\Admin\ProductController->list()
#8 F:\DOANTOTNGHIEP\htdocs\DA2023\system\CodeIgniter.php(494): CodeIgniter\CodeIgniter->runController(Object(App\Controllers\Admin\ProductController))
#9 F:\DOANTOTNGHIEP\htdocs\DA2023\system\CodeIgniter.php(353): CodeIgniter\CodeIgniter->handleRequest(NULL, Object(Config\Cache), false)
#10 F:\DOANTOTNGHIEP\htdocs\DA2023\public\index.php(79): CodeIgniter\CodeIgniter->run()
#11 F:\DOANTOTNGHIEP\htdocs\DA2023\system\Commands\Server\rewrite.php(47): require_once('F:\\DOANTOTNGHIE...')
#12 {main}
CRITICAL - 2023-10-14 12:45:36 --> Unable to connect to the database.
Main connection [MySQLi]: No connection could be made because the target machine actively refused it
in SYSTEMPATH\Database\BaseConnection.php on line 427.
 1 SYSTEMPATH\Database\BaseConnection.php(574): CodeIgniter\Database\BaseConnection->initialize()
 2 SYSTEMPATH\Database\BaseBuilder.php(1615): CodeIgniter\Database\BaseConnection->query('SELECT *
FROM `tbl_sanpham`
JOIN `tbl_nhomsanpham` ON `tbl_nhomsanpham`.`PK_iMaNhom`  = `tbl_sanpham`.`FK_iMaNhom`
JOIN `tbl_trangthai` ON `tbl_trangthai`.`PK_iMaTrangThai`   = `tbl_sanpham`.`FK_iMaTrangThai`', [], false)
 3 SYSTEMPATH\Model.php(237): CodeIgniter\Database\BaseBuilder->get()
 4 SYSTEMPATH\BaseModel.php(624): CodeIgniter\Model->doFindAll(0, 0)
 5 APPPATH\Services\ProductService.php(30): CodeIgniter\BaseModel->findAll()
 6 APPPATH\Controllers\Admin\ProductController.php(21): App\Services\ProductService->getAllProduct()
 7 SYSTEMPATH\CodeIgniter.php(919): App\Controllers\Admin\ProductController->list()
 8 SYSTEMPATH\CodeIgniter.php(494): CodeIgniter\CodeIgniter->runController(Object(App\Controllers\Admin\ProductController))
 9 SYSTEMPATH\CodeIgniter.php(353): CodeIgniter\CodeIgniter->handleRequest(null, Object(Config\Cache), false)
10 FCPATH\index.php(79): CodeIgniter\CodeIgniter->run()
11 SYSTEMPATH\Commands\Server\rewrite.php(47): require_once('F:\\DOANTOTNGHIEP\\htdocs\\DA2023\\public\\index.php')
