CRITICAL - 2023-10-03 08:08:52 --> The namespace delimiter is a backslash (\), not a slash (/). Route handler: "\App\Controllers\User/Home::index"
in SYSTEMPATH\Router\Router.php on line 477.
 1 SYSTEMPATH\Router\Router.php(477): CodeIgniter\Router\Exceptions\RouterException::forInvalidControllerName('\\App\\Controllers\\User/Home::index')
 2 SYSTEMPATH\Router\Router.php(184): CodeIgniter\Router\Router->checkRoutes('/')
 3 SYSTEMPATH\CodeIgniter.php(800): CodeIgniter\Router\Router->handle('/')
 4 SYSTEMPATH\CodeIgniter.php(442): CodeIgniter\CodeIgniter->tryToRouteIt(Object(CodeIgniter\Router\RouteCollection))
 5 SYSTEMPATH\CodeIgniter.php(353): CodeIgniter\CodeIgniter->handleRequest(null, Object(Config\Cache), false)
 6 FCPATH\index.php(79): CodeIgniter\CodeIgniter->run()
CRITICAL - 2023-10-03 08:12:32 --> The namespace delimiter is a backslash (\), not a slash (/). Route handler: "\App\Controllers\User/Home::index"
in SYSTEMPATH\Router\Router.php on line 477.
 1 SYSTEMPATH\Router\Router.php(477): CodeIgniter\Router\Exceptions\RouterException::forInvalidControllerName('\\App\\Controllers\\User/Home::index')
 2 SYSTEMPATH\Router\Router.php(184): CodeIgniter\Router\Router->checkRoutes('/')
 3 SYSTEMPATH\CodeIgniter.php(800): CodeIgniter\Router\Router->handle('/')
 4 SYSTEMPATH\CodeIgniter.php(442): CodeIgniter\CodeIgniter->tryToRouteIt(Object(CodeIgniter\Router\RouteCollection))
 5 SYSTEMPATH\CodeIgniter.php(353): CodeIgniter\CodeIgniter->handleRequest(null, Object(Config\Cache), false)
 6 FCPATH\index.php(79): CodeIgniter\CodeIgniter->run()
CRITICAL - 2023-10-03 08:16:03 --> The namespace delimiter is a backslash (\), not a slash (/). Route handler: "\App\Controllers\User/Home::index"
in SYSTEMPATH\Router\Router.php on line 477.
 1 SYSTEMPATH\Router\Router.php(477): CodeIgniter\Router\Exceptions\RouterException::forInvalidControllerName('\\App\\Controllers\\User/Home::index')
 2 SYSTEMPATH\Router\Router.php(184): CodeIgniter\Router\Router->checkRoutes('/')
 3 SYSTEMPATH\CodeIgniter.php(800): CodeIgniter\Router\Router->handle('/')
 4 SYSTEMPATH\CodeIgniter.php(442): CodeIgniter\CodeIgniter->tryToRouteIt(Object(CodeIgniter\Router\RouteCollection))
 5 SYSTEMPATH\CodeIgniter.php(353): CodeIgniter\CodeIgniter->handleRequest(null, Object(Config\Cache), false)
 6 FCPATH\index.php(79): CodeIgniter\CodeIgniter->run()
CRITICAL - 2023-10-03 08:16:06 --> The namespace delimiter is a backslash (\), not a slash (/). Route handler: "\App\Controllers\User/Home::index"
in SYSTEMPATH\Router\Router.php on line 477.
 1 SYSTEMPATH\Router\Router.php(477): CodeIgniter\Router\Exceptions\RouterException::forInvalidControllerName('\\App\\Controllers\\User/Home::index')
 2 SYSTEMPATH\Router\Router.php(184): CodeIgniter\Router\Router->checkRoutes('/')
 3 SYSTEMPATH\CodeIgniter.php(800): CodeIgniter\Router\Router->handle('/')
 4 SYSTEMPATH\CodeIgniter.php(442): CodeIgniter\CodeIgniter->tryToRouteIt(Object(CodeIgniter\Router\RouteCollection))
 5 SYSTEMPATH\CodeIgniter.php(353): CodeIgniter\CodeIgniter->handleRequest(null, Object(Config\Cache), false)
 6 FCPATH\index.php(79): CodeIgniter\CodeIgniter->run()
CRITICAL - 2023-10-03 08:16:07 --> The namespace delimiter is a backslash (\), not a slash (/). Route handler: "\App\Controllers\User/Home::index"
in SYSTEMPATH\Router\Router.php on line 477.
 1 SYSTEMPATH\Router\Router.php(477): CodeIgniter\Router\Exceptions\RouterException::forInvalidControllerName('\\App\\Controllers\\User/Home::index')
 2 SYSTEMPATH\Router\Router.php(184): CodeIgniter\Router\Router->checkRoutes('/')
 3 SYSTEMPATH\CodeIgniter.php(800): CodeIgniter\Router\Router->handle('/')
 4 SYSTEMPATH\CodeIgniter.php(442): CodeIgniter\CodeIgniter->tryToRouteIt(Object(CodeIgniter\Router\RouteCollection))
 5 SYSTEMPATH\CodeIgniter.php(353): CodeIgniter\CodeIgniter->handleRequest(null, Object(Config\Cache), false)
 6 FCPATH\index.php(79): CodeIgniter\CodeIgniter->run()
CRITICAL - 2023-10-03 08:16:07 --> The namespace delimiter is a backslash (\), not a slash (/). Route handler: "\App\Controllers\User/Home::index"
in SYSTEMPATH\Router\Router.php on line 477.
 1 SYSTEMPATH\Router\Router.php(477): CodeIgniter\Router\Exceptions\RouterException::forInvalidControllerName('\\App\\Controllers\\User/Home::index')
 2 SYSTEMPATH\Router\Router.php(184): CodeIgniter\Router\Router->checkRoutes('/')
 3 SYSTEMPATH\CodeIgniter.php(800): CodeIgniter\Router\Router->handle('/')
 4 SYSTEMPATH\CodeIgniter.php(442): CodeIgniter\CodeIgniter->tryToRouteIt(Object(CodeIgniter\Router\RouteCollection))
 5 SYSTEMPATH\CodeIgniter.php(353): CodeIgniter\CodeIgniter->handleRequest(null, Object(Config\Cache), false)
 6 FCPATH\index.php(79): CodeIgniter\CodeIgniter->run()
CRITICAL - 2023-10-03 08:16:10 --> The namespace delimiter is a backslash (\), not a slash (/). Route handler: "\App\Controllers\User/Home::index"
in SYSTEMPATH\Router\Router.php on line 477.
 1 SYSTEMPATH\Router\Router.php(477): CodeIgniter\Router\Exceptions\RouterException::forInvalidControllerName('\\App\\Controllers\\User/Home::index')
 2 SYSTEMPATH\Router\Router.php(184): CodeIgniter\Router\Router->checkRoutes('/')
 3 SYSTEMPATH\CodeIgniter.php(800): CodeIgniter\Router\Router->handle('/')
 4 SYSTEMPATH\CodeIgniter.php(442): CodeIgniter\CodeIgniter->tryToRouteIt(Object(CodeIgniter\Router\RouteCollection))
 5 SYSTEMPATH\CodeIgniter.php(353): CodeIgniter\CodeIgniter->handleRequest(null, Object(Config\Cache), false)
 6 FCPATH\index.php(79): CodeIgniter\CodeIgniter->run()
CRITICAL - 2023-10-03 08:16:57 --> The namespace delimiter is a backslash (\), not a slash (/). Route handler: "\App\Controllers\User/Home::index"
in SYSTEMPATH\Router\Router.php on line 477.
 1 SYSTEMPATH\Router\Router.php(477): CodeIgniter\Router\Exceptions\RouterException::forInvalidControllerName('\\App\\Controllers\\User/Home::index')
 2 SYSTEMPATH\Router\Router.php(184): CodeIgniter\Router\Router->checkRoutes('/')
 3 SYSTEMPATH\CodeIgniter.php(800): CodeIgniter\Router\Router->handle('/')
 4 SYSTEMPATH\CodeIgniter.php(442): CodeIgniter\CodeIgniter->tryToRouteIt(Object(CodeIgniter\Router\RouteCollection))
 5 SYSTEMPATH\CodeIgniter.php(353): CodeIgniter\CodeIgniter->handleRequest(null, Object(Config\Cache), false)
 6 FCPATH\index.php(79): CodeIgniter\CodeIgniter->run()
CRITICAL - 2023-10-03 08:17:01 --> The namespace delimiter is a backslash (\), not a slash (/). Route handler: "\App\Controllers\User/Home::index"
in SYSTEMPATH\Router\Router.php on line 477.
 1 SYSTEMPATH\Router\Router.php(477): CodeIgniter\Router\Exceptions\RouterException::forInvalidControllerName('\\App\\Controllers\\User/Home::index')
 2 SYSTEMPATH\Router\Router.php(184): CodeIgniter\Router\Router->checkRoutes('/')
 3 SYSTEMPATH\CodeIgniter.php(800): CodeIgniter\Router\Router->handle('/')
 4 SYSTEMPATH\CodeIgniter.php(442): CodeIgniter\CodeIgniter->tryToRouteIt(Object(CodeIgniter\Router\RouteCollection))
 5 SYSTEMPATH\CodeIgniter.php(353): CodeIgniter\CodeIgniter->handleRequest(null, Object(Config\Cache), false)
 6 FCPATH\index.php(79): CodeIgniter\CodeIgniter->run()
CRITICAL - 2023-10-03 10:05:39 --> view(): Argument #2 ($data) must be of type array, null given, called in F:\DOANTOTNGHIEP\htdocs\DA2023\app\Controllers\Admin\HomeController.php on line 12
in SYSTEMPATH\Common.php on line 1176.
 1 APPPATH\Controllers\Admin\HomeController.php(12): view('Admin/Pages/main', null)
 2 SYSTEMPATH\CodeIgniter.php(919): App\Controllers\Admin\HomeController->index()
 3 SYSTEMPATH\CodeIgniter.php(494): CodeIgniter\CodeIgniter->runController(Object(App\Controllers\Admin\HomeController))
 4 SYSTEMPATH\CodeIgniter.php(353): CodeIgniter\CodeIgniter->handleRequest(null, Object(Config\Cache), false)
 5 FCPATH\index.php(79): CodeIgniter\CodeIgniter->run()
