INFO - 2023-10-10 05:43:49 --> Session: Class initialized using 'CodeIgniter\Session\Handlers\FileHandler' driver.
INFO - 2023-10-10 05:44:04 --> Session: Class initialized using 'CodeIgniter\Session\Handlers\FileHandler' driver.
INFO - 2023-10-10 05:45:09 --> Session: Class initialized using 'CodeIgniter\Session\Handlers\FileHandler' driver.
INFO - 2023-10-10 05:45:09 --> Session: Class initialized using 'CodeIgniter\Session\Handlers\FileHandler' driver.
INFO - 2023-10-10 05:48:45 --> Session: Class initialized using 'CodeIgniter\Session\Handlers\FileHandler' driver.
INFO - 2023-10-10 05:55:39 --> Session: Class initialized using 'CodeIgniter\Session\Handlers\FileHandler' driver.
INFO - 2023-10-10 05:55:43 --> Session: Class initialized using 'CodeIgniter\Session\Handlers\FileHandler' driver.
INFO - 2023-10-10 05:56:11 --> Session: Class initialized using 'CodeIgniter\Session\Handlers\FileHandler' driver.
INFO - 2023-10-10 05:58:04 --> Session: Class initialized using 'CodeIgniter\Session\Handlers\FileHandler' driver.
INFO - 2023-10-10 05:58:28 --> Session: Class initialized using 'CodeIgniter\Session\Handlers\FileHandler' driver.
INFO - 2023-10-10 06:00:41 --> Session: Class initialized using 'CodeIgniter\Session\Handlers\FileHandler' driver.
INFO - 2023-10-10 06:00:41 --> Session: Class initialized using 'CodeIgniter\Session\Handlers\FileHandler' driver.
INFO - 2023-10-10 06:00:57 --> Session: Class initialized using 'CodeIgniter\Session\Handlers\FileHandler' driver.
INFO - 2023-10-10 06:00:57 --> Session: Class initialized using 'CodeIgniter\Session\Handlers\FileHandler' driver.
INFO - 2023-10-10 06:04:15 --> Session: Class initialized using 'CodeIgniter\Session\Handlers\FileHandler' driver.
INFO - 2023-10-10 06:04:20 --> Session: Class initialized using 'CodeIgniter\Session\Handlers\FileHandler' driver.
INFO - 2023-10-10 06:04:20 --> Session: Class initialized using 'CodeIgniter\Session\Handlers\FileHandler' driver.
ERROR - 2023-10-10 06:04:29 --> mysqli_sql_exception: Duplicate entry '' for key 'PRIMARY' in F:\DOANTOTNGHIEP\htdocs\DA2023\system\Database\MySQLi\Connection.php:306
Stack trace:
#0 F:\DOANTOTNGHIEP\htdocs\DA2023\system\Database\MySQLi\Connection.php(306): mysqli->query('INSERT INTO `tb...', 0)
#1 F:\DOANTOTNGHIEP\htdocs\DA2023\system\Database\BaseConnection.php(692): CodeIgniter\Database\MySQLi\Connection->execute('INSERT INTO `tb...')
#2 F:\DOANTOTNGHIEP\htdocs\DA2023\system\Database\BaseConnection.php(606): CodeIgniter\Database\BaseConnection->simpleQuery('INSERT INTO `tb...')
#3 F:\DOANTOTNGHIEP\htdocs\DA2023\system\Database\BaseBuilder.php(2308): CodeIgniter\Database\BaseConnection->query('INSERT INTO `tb...', Array, false)
#4 F:\DOANTOTNGHIEP\htdocs\DA2023\system\Model.php(319): CodeIgniter\Database\BaseBuilder->insert()
#5 F:\DOANTOTNGHIEP\htdocs\DA2023\system\BaseModel.php(788): CodeIgniter\Model->doInsert(Array)
#6 F:\DOANTOTNGHIEP\htdocs\DA2023\system\Model.php(715): CodeIgniter\BaseModel->insert(Array, false)
#7 F:\DOANTOTNGHIEP\htdocs\DA2023\system\BaseModel.php(698): CodeIgniter\Model->insert(Array, false)
#8 F:\DOANTOTNGHIEP\htdocs\DA2023\app\Services\ProductGroupService.php(39): CodeIgniter\BaseModel->save(Array)
#9 F:\DOANTOTNGHIEP\htdocs\DA2023\app\Controllers\Admin\ProductGroupController.php(29): App\Services\ProductGroupService->addProductGroupInfo(Object(CodeIgniter\HTTP\IncomingRequest))
#10 F:\DOANTOTNGHIEP\htdocs\DA2023\system\CodeIgniter.php(919): App\Controllers\Admin\ProductGroupController->create()
#11 F:\DOANTOTNGHIEP\htdocs\DA2023\system\CodeIgniter.php(494): CodeIgniter\CodeIgniter->runController(Object(App\Controllers\Admin\ProductGroupController))
#12 F:\DOANTOTNGHIEP\htdocs\DA2023\system\CodeIgniter.php(353): CodeIgniter\CodeIgniter->handleRequest(NULL, Object(Config\Cache), false)
#13 F:\DOANTOTNGHIEP\htdocs\DA2023\public\index.php(79): CodeIgniter\CodeIgniter->run()
#14 F:\DOANTOTNGHIEP\htdocs\DA2023\system\Commands\Server\rewrite.php(47): require_once('F:\\DOANTOTNGHIE...')
#15 {main}
CRITICAL - 2023-10-10 06:04:29 --> Duplicate entry '' for key 'PRIMARY'
in SYSTEMPATH\Database\BaseConnection.php on line 646.
 1 SYSTEMPATH\Database\BaseBuilder.php(2308): CodeIgniter\Database\BaseConnection->query('INSERT INTO `tbl_nhomsanpham` (`PK_iMaNhom`, `sTenNhom`) VALUES (:PK_iMaNhom:, :sTenNhom:)', [...], false)
 2 SYSTEMPATH\Model.php(319): CodeIgniter\Database\BaseBuilder->insert()
 3 SYSTEMPATH\BaseModel.php(788): CodeIgniter\Model->doInsert([...])
 4 SYSTEMPATH\Model.php(715): CodeIgniter\BaseModel->insert([...], false)
 5 SYSTEMPATH\BaseModel.php(698): CodeIgniter\Model->insert([...], false)
 6 APPPATH\Services\ProductGroupService.php(39): CodeIgniter\BaseModel->save([...])
 7 APPPATH\Controllers\Admin\ProductGroupController.php(29): App\Services\ProductGroupService->addProductGroupInfo(Object(CodeIgniter\HTTP\IncomingRequest))
 8 SYSTEMPATH\CodeIgniter.php(919): App\Controllers\Admin\ProductGroupController->create()
 9 SYSTEMPATH\CodeIgniter.php(494): CodeIgniter\CodeIgniter->runController(Object(App\Controllers\Admin\ProductGroupController))
10 SYSTEMPATH\CodeIgniter.php(353): CodeIgniter\CodeIgniter->handleRequest(null, Object(Config\Cache), false)
11 FCPATH\index.php(79): CodeIgniter\CodeIgniter->run()
12 SYSTEMPATH\Commands\Server\rewrite.php(47): require_once('F:\\DOANTOTNGHIEP\\htdocs\\DA2023\\public\\index.php')
INFO - 2023-10-10 06:04:38 --> Session: Class initialized using 'CodeIgniter\Session\Handlers\FileHandler' driver.
ERROR - 2023-10-10 06:04:40 --> mysqli_sql_exception: Duplicate entry '' for key 'PRIMARY' in F:\DOANTOTNGHIEP\htdocs\DA2023\system\Database\MySQLi\Connection.php:306
Stack trace:
#0 F:\DOANTOTNGHIEP\htdocs\DA2023\system\Database\MySQLi\Connection.php(306): mysqli->query('INSERT INTO `tb...', 0)
#1 F:\DOANTOTNGHIEP\htdocs\DA2023\system\Database\BaseConnection.php(692): CodeIgniter\Database\MySQLi\Connection->execute('INSERT INTO `tb...')
#2 F:\DOANTOTNGHIEP\htdocs\DA2023\system\Database\BaseConnection.php(606): CodeIgniter\Database\BaseConnection->simpleQuery('INSERT INTO `tb...')
#3 F:\DOANTOTNGHIEP\htdocs\DA2023\system\Database\BaseBuilder.php(2308): CodeIgniter\Database\BaseConnection->query('INSERT INTO `tb...', Array, false)
#4 F:\DOANTOTNGHIEP\htdocs\DA2023\system\Model.php(319): CodeIgniter\Database\BaseBuilder->insert()
#5 F:\DOANTOTNGHIEP\htdocs\DA2023\system\BaseModel.php(788): CodeIgniter\Model->doInsert(Array)
#6 F:\DOANTOTNGHIEP\htdocs\DA2023\system\Model.php(715): CodeIgniter\BaseModel->insert(Array, false)
#7 F:\DOANTOTNGHIEP\htdocs\DA2023\system\BaseModel.php(698): CodeIgniter\Model->insert(Array, false)
#8 F:\DOANTOTNGHIEP\htdocs\DA2023\app\Services\ProductGroupService.php(39): CodeIgniter\BaseModel->save(Array)
#9 F:\DOANTOTNGHIEP\htdocs\DA2023\app\Controllers\Admin\ProductGroupController.php(29): App\Services\ProductGroupService->addProductGroupInfo(Object(CodeIgniter\HTTP\IncomingRequest))
#10 F:\DOANTOTNGHIEP\htdocs\DA2023\system\CodeIgniter.php(919): App\Controllers\Admin\ProductGroupController->create()
#11 F:\DOANTOTNGHIEP\htdocs\DA2023\system\CodeIgniter.php(494): CodeIgniter\CodeIgniter->runController(Object(App\Controllers\Admin\ProductGroupController))
#12 F:\DOANTOTNGHIEP\htdocs\DA2023\system\CodeIgniter.php(353): CodeIgniter\CodeIgniter->handleRequest(NULL, Object(Config\Cache), false)
#13 F:\DOANTOTNGHIEP\htdocs\DA2023\public\index.php(79): CodeIgniter\CodeIgniter->run()
#14 F:\DOANTOTNGHIEP\htdocs\DA2023\system\Commands\Server\rewrite.php(47): require_once('F:\\DOANTOTNGHIE...')
#15 {main}
CRITICAL - 2023-10-10 06:04:40 --> Duplicate entry '' for key 'PRIMARY'
in SYSTEMPATH\Database\BaseConnection.php on line 646.
 1 SYSTEMPATH\Database\BaseBuilder.php(2308): CodeIgniter\Database\BaseConnection->query('INSERT INTO `tbl_nhomsanpham` (`PK_iMaNhom`, `sTenNhom`) VALUES (:PK_iMaNhom:, :sTenNhom:)', [...], false)
 2 SYSTEMPATH\Model.php(319): CodeIgniter\Database\BaseBuilder->insert()
 3 SYSTEMPATH\BaseModel.php(788): CodeIgniter\Model->doInsert([...])
 4 SYSTEMPATH\Model.php(715): CodeIgniter\BaseModel->insert([...], false)
 5 SYSTEMPATH\BaseModel.php(698): CodeIgniter\Model->insert([...], false)
 6 APPPATH\Services\ProductGroupService.php(39): CodeIgniter\BaseModel->save([...])
 7 APPPATH\Controllers\Admin\ProductGroupController.php(29): App\Services\ProductGroupService->addProductGroupInfo(Object(CodeIgniter\HTTP\IncomingRequest))
 8 SYSTEMPATH\CodeIgniter.php(919): App\Controllers\Admin\ProductGroupController->create()
 9 SYSTEMPATH\CodeIgniter.php(494): CodeIgniter\CodeIgniter->runController(Object(App\Controllers\Admin\ProductGroupController))
10 SYSTEMPATH\CodeIgniter.php(353): CodeIgniter\CodeIgniter->handleRequest(null, Object(Config\Cache), false)
11 FCPATH\index.php(79): CodeIgniter\CodeIgniter->run()
12 SYSTEMPATH\Commands\Server\rewrite.php(47): require_once('F:\\DOANTOTNGHIEP\\htdocs\\DA2023\\public\\index.php')
INFO - 2023-10-10 06:04:55 --> Session: Class initialized using 'CodeIgniter\Session\Handlers\FileHandler' driver.
INFO - 2023-10-10 06:05:15 --> Session: Class initialized using 'CodeIgniter\Session\Handlers\FileHandler' driver.
INFO - 2023-10-10 06:05:26 --> Session: Class initialized using 'CodeIgniter\Session\Handlers\FileHandler' driver.
INFO - 2023-10-10 06:05:37 --> Session: Class initialized using 'CodeIgniter\Session\Handlers\FileHandler' driver.
INFO - 2023-10-10 06:05:43 --> Session: Class initialized using 'CodeIgniter\Session\Handlers\FileHandler' driver.
INFO - 2023-10-10 06:05:44 --> Session: Class initialized using 'CodeIgniter\Session\Handlers\FileHandler' driver.
INFO - 2023-10-10 06:05:52 --> Session: Class initialized using 'CodeIgniter\Session\Handlers\FileHandler' driver.
INFO - 2023-10-10 06:05:52 --> Session: Class initialized using 'CodeIgniter\Session\Handlers\FileHandler' driver.
INFO - 2023-10-10 06:24:53 --> Session: Class initialized using 'CodeIgniter\Session\Handlers\FileHandler' driver.
INFO - 2023-10-10 06:25:04 --> Session: Class initialized using 'CodeIgniter\Session\Handlers\FileHandler' driver.
INFO - 2023-10-10 06:25:07 --> Session: Class initialized using 'CodeIgniter\Session\Handlers\FileHandler' driver.
INFO - 2023-10-10 06:25:07 --> Session: Class initialized using 'CodeIgniter\Session\Handlers\FileHandler' driver.
ERROR - 2023-10-10 06:25:16 --> mysqli_sql_exception: Duplicate entry '' for key 'PRIMARY' in F:\DOANTOTNGHIEP\htdocs\DA2023\system\Database\MySQLi\Connection.php:306
Stack trace:
#0 F:\DOANTOTNGHIEP\htdocs\DA2023\system\Database\MySQLi\Connection.php(306): mysqli->query('INSERT INTO `tb...', 0)
#1 F:\DOANTOTNGHIEP\htdocs\DA2023\system\Database\BaseConnection.php(692): CodeIgniter\Database\MySQLi\Connection->execute('INSERT INTO `tb...')
#2 F:\DOANTOTNGHIEP\htdocs\DA2023\system\Database\BaseConnection.php(606): CodeIgniter\Database\BaseConnection->simpleQuery('INSERT INTO `tb...')
#3 F:\DOANTOTNGHIEP\htdocs\DA2023\system\Database\BaseBuilder.php(2308): CodeIgniter\Database\BaseConnection->query('INSERT INTO `tb...', Array, false)
#4 F:\DOANTOTNGHIEP\htdocs\DA2023\system\Model.php(319): CodeIgniter\Database\BaseBuilder->insert()
#5 F:\DOANTOTNGHIEP\htdocs\DA2023\system\BaseModel.php(788): CodeIgniter\Model->doInsert(Array)
#6 F:\DOANTOTNGHIEP\htdocs\DA2023\system\Model.php(715): CodeIgniter\BaseModel->insert(Array, false)
#7 F:\DOANTOTNGHIEP\htdocs\DA2023\system\BaseModel.php(698): CodeIgniter\Model->insert(Array, false)
#8 F:\DOANTOTNGHIEP\htdocs\DA2023\app\Services\ProductGroupService.php(39): CodeIgniter\BaseModel->save(Array)
#9 F:\DOANTOTNGHIEP\htdocs\DA2023\app\Controllers\Admin\ProductGroupController.php(29): App\Services\ProductGroupService->addProductGroupInfo(Object(CodeIgniter\HTTP\IncomingRequest))
#10 F:\DOANTOTNGHIEP\htdocs\DA2023\system\CodeIgniter.php(919): App\Controllers\Admin\ProductGroupController->create()
#11 F:\DOANTOTNGHIEP\htdocs\DA2023\system\CodeIgniter.php(494): CodeIgniter\CodeIgniter->runController(Object(App\Controllers\Admin\ProductGroupController))
#12 F:\DOANTOTNGHIEP\htdocs\DA2023\system\CodeIgniter.php(353): CodeIgniter\CodeIgniter->handleRequest(NULL, Object(Config\Cache), false)
#13 F:\DOANTOTNGHIEP\htdocs\DA2023\public\index.php(79): CodeIgniter\CodeIgniter->run()
#14 F:\DOANTOTNGHIEP\htdocs\DA2023\system\Commands\Server\rewrite.php(47): require_once('F:\\DOANTOTNGHIE...')
#15 {main}
CRITICAL - 2023-10-10 06:25:16 --> Duplicate entry '' for key 'PRIMARY'
in SYSTEMPATH\Database\BaseConnection.php on line 646.
 1 SYSTEMPATH\Database\BaseBuilder.php(2308): CodeIgniter\Database\BaseConnection->query('INSERT INTO `tbl_nhomsanpham` (`PK_iMaNhom`, `sTenNhom`) VALUES (:PK_iMaNhom:, :sTenNhom:)', [...], false)
 2 SYSTEMPATH\Model.php(319): CodeIgniter\Database\BaseBuilder->insert()
 3 SYSTEMPATH\BaseModel.php(788): CodeIgniter\Model->doInsert([...])
 4 SYSTEMPATH\Model.php(715): CodeIgniter\BaseModel->insert([...], false)
 5 SYSTEMPATH\BaseModel.php(698): CodeIgniter\Model->insert([...], false)
 6 APPPATH\Services\ProductGroupService.php(39): CodeIgniter\BaseModel->save([...])
 7 APPPATH\Controllers\Admin\ProductGroupController.php(29): App\Services\ProductGroupService->addProductGroupInfo(Object(CodeIgniter\HTTP\IncomingRequest))
 8 SYSTEMPATH\CodeIgniter.php(919): App\Controllers\Admin\ProductGroupController->create()
 9 SYSTEMPATH\CodeIgniter.php(494): CodeIgniter\CodeIgniter->runController(Object(App\Controllers\Admin\ProductGroupController))
10 SYSTEMPATH\CodeIgniter.php(353): CodeIgniter\CodeIgniter->handleRequest(null, Object(Config\Cache), false)
11 FCPATH\index.php(79): CodeIgniter\CodeIgniter->run()
12 SYSTEMPATH\Commands\Server\rewrite.php(47): require_once('F:\\DOANTOTNGHIEP\\htdocs\\DA2023\\public\\index.php')
INFO - 2023-10-10 10:58:28 --> Session: Class initialized using 'CodeIgniter\Session\Handlers\FileHandler' driver.
INFO - 2023-10-10 10:58:34 --> Session: Class initialized using 'CodeIgniter\Session\Handlers\FileHandler' driver.
INFO - 2023-10-10 11:28:41 --> Session: Class initialized using 'CodeIgniter\Session\Handlers\FileHandler' driver.
INFO - 2023-10-10 12:33:29 --> Session: Class initialized using 'CodeIgniter\Session\Handlers\FileHandler' driver.
INFO - 2023-10-10 12:34:50 --> Session: Class initialized using 'CodeIgniter\Session\Handlers\FileHandler' driver.
INFO - 2023-10-10 12:34:50 --> Session: Class initialized using 'CodeIgniter\Session\Handlers\FileHandler' driver.
INFO - 2023-10-10 12:35:29 --> Session: Class initialized using 'CodeIgniter\Session\Handlers\FileHandler' driver.
INFO - 2023-10-10 12:37:48 --> Session: Class initialized using 'CodeIgniter\Session\Handlers\FileHandler' driver.
INFO - 2023-10-10 14:58:06 --> Session: Class initialized using 'CodeIgniter\Session\Handlers\FileHandler' driver.
INFO - 2023-10-10 14:58:06 --> Session: Class initialized using 'CodeIgniter\Session\Handlers\FileHandler' driver.
INFO - 2023-10-10 14:58:53 --> Session: Class initialized using 'CodeIgniter\Session\Handlers\FileHandler' driver.
INFO - 2023-10-10 14:58:53 --> Session: Class initialized using 'CodeIgniter\Session\Handlers\FileHandler' driver.
INFO - 2023-10-10 14:59:14 --> Session: Class initialized using 'CodeIgniter\Session\Handlers\FileHandler' driver.
INFO - 2023-10-10 14:59:14 --> Session: Class initialized using 'CodeIgniter\Session\Handlers\FileHandler' driver.
INFO - 2023-10-10 15:00:51 --> Session: Class initialized using 'CodeIgniter\Session\Handlers\FileHandler' driver.
INFO - 2023-10-10 15:08:59 --> Session: Class initialized using 'CodeIgniter\Session\Handlers\FileHandler' driver.
INFO - 2023-10-10 15:09:02 --> Session: Class initialized using 'CodeIgniter\Session\Handlers\FileHandler' driver.
INFO - 2023-10-10 15:09:11 --> Session: Class initialized using 'CodeIgniter\Session\Handlers\FileHandler' driver.
INFO - 2023-10-10 15:09:33 --> Session: Class initialized using 'CodeIgniter\Session\Handlers\FileHandler' driver.
INFO - 2023-10-10 15:09:38 --> Session: Class initialized using 'CodeIgniter\Session\Handlers\FileHandler' driver.
INFO - 2023-10-10 15:09:38 --> Session: Class initialized using 'CodeIgniter\Session\Handlers\FileHandler' driver.
INFO - 2023-10-10 15:10:06 --> Session: Class initialized using 'CodeIgniter\Session\Handlers\FileHandler' driver.
INFO - 2023-10-10 15:10:06 --> Session: Class initialized using 'CodeIgniter\Session\Handlers\FileHandler' driver.
INFO - 2023-10-10 15:11:04 --> Session: Class initialized using 'CodeIgniter\Session\Handlers\FileHandler' driver.
INFO - 2023-10-10 15:11:42 --> Session: Class initialized using 'CodeIgniter\Session\Handlers\FileHandler' driver.
INFO - 2023-10-10 17:10:20 --> Session: Class initialized using 'CodeIgniter\Session\Handlers\FileHandler' driver.
INFO - 2023-10-10 17:12:27 --> Session: Class initialized using 'CodeIgniter\Session\Handlers\FileHandler' driver.
INFO - 2023-10-10 17:18:40 --> Session: Class initialized using 'CodeIgniter\Session\Handlers\FileHandler' driver.
INFO - 2023-10-10 17:18:57 --> Session: Class initialized using 'CodeIgniter\Session\Handlers\FileHandler' driver.
INFO - 2023-10-10 17:19:35 --> Session: Class initialized using 'CodeIgniter\Session\Handlers\FileHandler' driver.
INFO - 2023-10-10 17:20:42 --> Session: Class initialized using 'CodeIgniter\Session\Handlers\FileHandler' driver.
INFO - 2023-10-10 17:21:07 --> Session: Class initialized using 'CodeIgniter\Session\Handlers\FileHandler' driver.
INFO - 2023-10-10 17:22:12 --> Session: Class initialized using 'CodeIgniter\Session\Handlers\FileHandler' driver.
INFO - 2023-10-10 17:22:18 --> Session: Class initialized using 'CodeIgniter\Session\Handlers\FileHandler' driver.
INFO - 2023-10-10 17:22:31 --> Session: Class initialized using 'CodeIgniter\Session\Handlers\FileHandler' driver.
INFO - 2023-10-10 17:23:34 --> Session: Class initialized using 'CodeIgniter\Session\Handlers\FileHandler' driver.
INFO - 2023-10-10 18:32:43 --> Session: Class initialized using 'CodeIgniter\Session\Handlers\FileHandler' driver.
