INFO - 2023-10-16 13:31:51 --> Session: Class initialized using 'CodeIgniter\Session\Handlers\FileHandler' driver.
INFO - 2023-10-16 13:31:57 --> Session: Class initialized using 'CodeIgniter\Session\Handlers\FileHandler' driver.
INFO - 2023-10-16 13:32:04 --> Session: Class initialized using 'CodeIgniter\Session\Handlers\FileHandler' driver.
INFO - 2023-10-16 13:57:40 --> Session: Class initialized using 'CodeIgniter\Session\Handlers\FileHandler' driver.
INFO - 2023-10-16 13:59:27 --> Session: Class initialized using 'CodeIgniter\Session\Handlers\FileHandler' driver.
INFO - 2023-10-16 14:00:16 --> Session: Class initialized using 'CodeIgniter\Session\Handlers\FileHandler' driver.
INFO - 2023-10-16 14:02:04 --> Session: Class initialized using 'CodeIgniter\Session\Handlers\FileHandler' driver.
INFO - 2023-10-16 14:02:23 --> Session: Class initialized using 'CodeIgniter\Session\Handlers\FileHandler' driver.
INFO - 2023-10-16 14:02:26 --> Session: Class initialized using 'CodeIgniter\Session\Handlers\FileHandler' driver.
INFO - 2023-10-16 14:02:27 --> Session: Class initialized using 'CodeIgniter\Session\Handlers\FileHandler' driver.
CRITICAL - 2023-10-16 14:03:09 --> Undefined variable $products
in APPPATH\Views\Admin\Pages\product\list.php on line 50.
 1 APPPATH\Views\Admin\Pages\product\list.php(50): CodeIgniter\Debug\Exceptions->errorHandler(2, 'Undefined variable $products', 'F:\\DOANTOTNGHIEP\\htdocs\\DA2023\\app\\Views\\Admin\\Pages\\product\\list.php', 50)
 2 SYSTEMPATH\View\View.php(226): include('F:\\DOANTOTNGHIEP\\htdocs\\DA2023\\app\\Views\\Admin\\Pages\\product\\list.php')
 3 SYSTEMPATH\View\View.php(229): CodeIgniter\View\View->CodeIgniter\View\{closure}()
 4 SYSTEMPATH\Common.php(1188): CodeIgniter\View\View->render('Admin/Pages/product/list', [], true)
 5 APPPATH\Controllers\BaseController.php(64): view('Admin/Pages/product/list', [...])
 6 APPPATH\Controllers\Admin\ProductController.php(33): App\Controllers\BaseController->loadMasterLayout([...], 'Thêm mới sản phẩm', 'Admin/Pages/product/list', [...])
 7 SYSTEMPATH\CodeIgniter.php(919): App\Controllers\Admin\ProductController->add()
 8 SYSTEMPATH\CodeIgniter.php(494): CodeIgniter\CodeIgniter->runController(Object(App\Controllers\Admin\ProductController))
 9 SYSTEMPATH\CodeIgniter.php(353): CodeIgniter\CodeIgniter->handleRequest(null, Object(Config\Cache), false)
10 FCPATH\index.php(79): CodeIgniter\CodeIgniter->run()
11 SYSTEMPATH\Commands\Server\rewrite.php(47): require_once('F:\\DOANTOTNGHIEP\\htdocs\\DA2023\\public\\index.php')
INFO - 2023-10-16 14:03:12 --> Session: Class initialized using 'CodeIgniter\Session\Handlers\FileHandler' driver.
INFO - 2023-10-16 14:03:14 --> Session: Class initialized using 'CodeIgniter\Session\Handlers\FileHandler' driver.
INFO - 2023-10-16 14:03:59 --> Session: Class initialized using 'CodeIgniter\Session\Handlers\FileHandler' driver.
INFO - 2023-10-16 14:04:03 --> Session: Class initialized using 'CodeIgniter\Session\Handlers\FileHandler' driver.
CRITICAL - 2023-10-16 14:04:04 --> Undefined variable $products
in APPPATH\Views\Admin\Pages\product\list.php on line 50.
 1 APPPATH\Views\Admin\Pages\product\list.php(50): CodeIgniter\Debug\Exceptions->errorHandler(2, 'Undefined variable $products', 'F:\\DOANTOTNGHIEP\\htdocs\\DA2023\\app\\Views\\Admin\\Pages\\product\\list.php', 50)
 2 SYSTEMPATH\View\View.php(226): include('F:\\DOANTOTNGHIEP\\htdocs\\DA2023\\app\\Views\\Admin\\Pages\\product\\list.php')
 3 SYSTEMPATH\View\View.php(229): CodeIgniter\View\View->CodeIgniter\View\{closure}()
 4 SYSTEMPATH\Common.php(1188): CodeIgniter\View\View->render('Admin/Pages/product/list', [], true)
 5 APPPATH\Controllers\BaseController.php(64): view('Admin/Pages/product/list', [...])
 6 APPPATH\Controllers\Admin\ProductController.php(33): App\Controllers\BaseController->loadMasterLayout([...], 'Thêm mới sản phẩm', 'Admin/Pages/product/list', [...])
 7 SYSTEMPATH\CodeIgniter.php(919): App\Controllers\Admin\ProductController->add()
 8 SYSTEMPATH\CodeIgniter.php(494): CodeIgniter\CodeIgniter->runController(Object(App\Controllers\Admin\ProductController))
 9 SYSTEMPATH\CodeIgniter.php(353): CodeIgniter\CodeIgniter->handleRequest(null, Object(Config\Cache), false)
10 FCPATH\index.php(79): CodeIgniter\CodeIgniter->run()
11 SYSTEMPATH\Commands\Server\rewrite.php(47): require_once('F:\\DOANTOTNGHIEP\\htdocs\\DA2023\\public\\index.php')
INFO - 2023-10-16 14:04:13 --> Session: Class initialized using 'CodeIgniter\Session\Handlers\FileHandler' driver.
CRITICAL - 2023-10-16 14:07:45 --> Invalid file: "Admin/Pages/product.php"
in SYSTEMPATH\Exceptions\FrameworkException.php on line 39.
 1 SYSTEMPATH\View\View.php(214): CodeIgniter\Exceptions\FrameworkException::forInvalidFile('Admin/Pages/product.php')
 2 SYSTEMPATH\Common.php(1188): CodeIgniter\View\View->render('Admin/Pages/product', [], true)
 3 APPPATH\Controllers\BaseController.php(64): view('Admin/Pages/product', [...])
 4 APPPATH\Controllers\Admin\ProductController.php(24): App\Controllers\BaseController->loadMasterLayout([...], 'Danh sách sản phẩm', 'Admin/Pages/product', [...])
 5 SYSTEMPATH\CodeIgniter.php(919): App\Controllers\Admin\ProductController->list()
 6 SYSTEMPATH\CodeIgniter.php(494): CodeIgniter\CodeIgniter->runController(Object(App\Controllers\Admin\ProductController))
 7 SYSTEMPATH\CodeIgniter.php(353): CodeIgniter\CodeIgniter->handleRequest(null, Object(Config\Cache), false)
 8 FCPATH\index.php(79): CodeIgniter\CodeIgniter->run()
 9 SYSTEMPATH\Commands\Server\rewrite.php(47): require_once('F:\\DOANTOTNGHIEP\\htdocs\\DA2023\\public\\index.php')
INFO - 2023-10-16 14:12:29 --> Session: Class initialized using 'CodeIgniter\Session\Handlers\FileHandler' driver.
INFO - 2023-10-16 14:12:38 --> Session: Class initialized using 'CodeIgniter\Session\Handlers\FileHandler' driver.
INFO - 2023-10-16 14:12:38 --> Session: Class initialized using 'CodeIgniter\Session\Handlers\FileHandler' driver.
INFO - 2023-10-16 14:12:46 --> Session: Class initialized using 'CodeIgniter\Session\Handlers\FileHandler' driver.
INFO - 2023-10-16 14:19:47 --> Session: Class initialized using 'CodeIgniter\Session\Handlers\FileHandler' driver.
INFO - 2023-10-16 14:19:51 --> Session: Class initialized using 'CodeIgniter\Session\Handlers\FileHandler' driver.
INFO - 2023-10-16 14:19:51 --> Session: Class initialized using 'CodeIgniter\Session\Handlers\FileHandler' driver.
INFO - 2023-10-16 14:22:20 --> Session: Class initialized using 'CodeIgniter\Session\Handlers\FileHandler' driver.
INFO - 2023-10-16 14:22:21 --> Session: Class initialized using 'CodeIgniter\Session\Handlers\FileHandler' driver.
INFO - 2023-10-16 14:23:05 --> Session: Class initialized using 'CodeIgniter\Session\Handlers\FileHandler' driver.
INFO - 2023-10-16 14:23:05 --> Session: Class initialized using 'CodeIgniter\Session\Handlers\FileHandler' driver.
INFO - 2023-10-16 15:17:02 --> Session: Class initialized using 'CodeIgniter\Session\Handlers\FileHandler' driver.
INFO - 2023-10-16 15:17:07 --> Session: Class initialized using 'CodeIgniter\Session\Handlers\FileHandler' driver.
CRITICAL - 2023-10-16 15:17:07 --> Undefined variable $staffs
in APPPATH\Views\Admin\Pages\order.php on line 123.
 1 APPPATH\Views\Admin\Pages\order.php(123): CodeIgniter\Debug\Exceptions->errorHandler(2, 'Undefined variable $staffs', 'F:\\DOANTOTNGHIEP\\htdocs\\DA2023\\app\\Views\\Admin\\Pages\\order.php', 123)
 2 SYSTEMPATH\View\View.php(226): include('F:\\DOANTOTNGHIEP\\htdocs\\DA2023\\app\\Views\\Admin\\Pages\\order.php')
 3 SYSTEMPATH\View\View.php(229): CodeIgniter\View\View->CodeIgniter\View\{closure}()
 4 SYSTEMPATH\Common.php(1188): CodeIgniter\View\View->render('Admin/Pages/order', [], true)
 5 APPPATH\Controllers\BaseController.php(64): view('Admin/Pages/order', [...])
 6 APPPATH\Controllers\Admin\OrderController.php(27): App\Controllers\BaseController->loadMasterLayout([...], 'Danh sách đơn đặt hàng', 'Admin/Pages/order', [...])
 7 SYSTEMPATH\CodeIgniter.php(919): App\Controllers\Admin\OrderController->list()
 8 SYSTEMPATH\CodeIgniter.php(494): CodeIgniter\CodeIgniter->runController(Object(App\Controllers\Admin\OrderController))
 9 SYSTEMPATH\CodeIgniter.php(353): CodeIgniter\CodeIgniter->handleRequest(null, Object(Config\Cache), false)
10 FCPATH\index.php(79): CodeIgniter\CodeIgniter->run()
11 SYSTEMPATH\Commands\Server\rewrite.php(47): require_once('F:\\DOANTOTNGHIEP\\htdocs\\DA2023\\public\\index.php')
INFO - 2023-10-16 15:17:23 --> Session: Class initialized using 'CodeIgniter\Session\Handlers\FileHandler' driver.
INFO - 2023-10-16 15:17:29 --> Session: Class initialized using 'CodeIgniter\Session\Handlers\FileHandler' driver.
INFO - 2023-10-16 15:22:11 --> Session: Class initialized using 'CodeIgniter\Session\Handlers\FileHandler' driver.
CRITICAL - 2023-10-16 15:22:11 --> Undefined variable $products
in APPPATH\Views\Admin\Pages\order.php on line 168.
 1 APPPATH\Views\Admin\Pages\order.php(168): CodeIgniter\Debug\Exceptions->errorHandler(2, 'Undefined variable $products', 'F:\\DOANTOTNGHIEP\\htdocs\\DA2023\\app\\Views\\Admin\\Pages\\order.php', 168)
 2 SYSTEMPATH\View\View.php(226): include('F:\\DOANTOTNGHIEP\\htdocs\\DA2023\\app\\Views\\Admin\\Pages\\order.php')
 3 SYSTEMPATH\View\View.php(229): CodeIgniter\View\View->CodeIgniter\View\{closure}()
 4 SYSTEMPATH\Common.php(1188): CodeIgniter\View\View->render('Admin/Pages/order', [], true)
 5 APPPATH\Controllers\BaseController.php(64): view('Admin/Pages/order', [...])
 6 APPPATH\Controllers\Admin\OrderController.php(27): App\Controllers\BaseController->loadMasterLayout([...], 'Danh sách đơn đặt hàng', 'Admin/Pages/order', [...])
 7 SYSTEMPATH\CodeIgniter.php(919): App\Controllers\Admin\OrderController->list()
 8 SYSTEMPATH\CodeIgniter.php(494): CodeIgniter\CodeIgniter->runController(Object(App\Controllers\Admin\OrderController))
 9 SYSTEMPATH\CodeIgniter.php(353): CodeIgniter\CodeIgniter->handleRequest(null, Object(Config\Cache), false)
10 FCPATH\index.php(79): CodeIgniter\CodeIgniter->run()
11 SYSTEMPATH\Commands\Server\rewrite.php(47): require_once('F:\\DOANTOTNGHIEP\\htdocs\\DA2023\\public\\index.php')
INFO - 2023-10-16 15:22:30 --> Session: Class initialized using 'CodeIgniter\Session\Handlers\FileHandler' driver.
INFO - 2023-10-16 15:24:53 --> Session: Class initialized using 'CodeIgniter\Session\Handlers\FileHandler' driver.
INFO - 2023-10-16 15:27:03 --> Session: Class initialized using 'CodeIgniter\Session\Handlers\FileHandler' driver.
CRITICAL - 2023-10-16 15:27:06 --> Call to undefined method App\Services\OrderService::addImportBillInfo()
in APPPATH\Controllers\Admin\OrderController.php on line 33.
 1 SYSTEMPATH\CodeIgniter.php(919): App\Controllers\Admin\OrderController->create()
 2 SYSTEMPATH\CodeIgniter.php(494): CodeIgniter\CodeIgniter->runController(Object(App\Controllers\Admin\OrderController))
 3 SYSTEMPATH\CodeIgniter.php(353): CodeIgniter\CodeIgniter->handleRequest(null, Object(Config\Cache), false)
 4 FCPATH\index.php(79): CodeIgniter\CodeIgniter->run()
 5 SYSTEMPATH\Commands\Server\rewrite.php(47): require_once('F:\\DOANTOTNGHIEP\\htdocs\\DA2023\\public\\index.php')
INFO - 2023-10-16 15:37:18 --> Session: Class initialized using 'CodeIgniter\Session\Handlers\FileHandler' driver.
INFO - 2023-10-16 15:38:37 --> Session: Class initialized using 'CodeIgniter\Session\Handlers\FileHandler' driver.
INFO - 2023-10-16 15:38:57 --> Session: Class initialized using 'CodeIgniter\Session\Handlers\FileHandler' driver.
CRITICAL - 2023-10-16 15:40:55 --> Undefined array key "PK_iPN"
in APPPATH\Services\OrderService.php on line 108.
 1 APPPATH\Services\OrderService.php(108): CodeIgniter\Debug\Exceptions->errorHandler(2, 'Undefined array key "PK_iPN"', 'F:\\DOANTOTNGHIEP\\htdocs\\DA2023\\app\\Services\\OrderService.php', 108)
 2 APPPATH\Controllers\Admin\OrderController.php(33): App\Services\OrderService->addOrderInfo(Object(CodeIgniter\HTTP\IncomingRequest))
 3 SYSTEMPATH\CodeIgniter.php(919): App\Controllers\Admin\OrderController->create()
 4 SYSTEMPATH\CodeIgniter.php(494): CodeIgniter\CodeIgniter->runController(Object(App\Controllers\Admin\OrderController))
 5 SYSTEMPATH\CodeIgniter.php(353): CodeIgniter\CodeIgniter->handleRequest(null, Object(Config\Cache), false)
 6 FCPATH\index.php(79): CodeIgniter\CodeIgniter->run()
 7 SYSTEMPATH\Commands\Server\rewrite.php(47): require_once('F:\\DOANTOTNGHIEP\\htdocs\\DA2023\\public\\index.php')
ERROR - 2023-10-16 15:41:29 --> mysqli_sql_exception: Operand should contain 1 column(s) in F:\DOANTOTNGHIEP\htdocs\DA2023\system\Database\MySQLi\Connection.php:306
Stack trace:
#0 F:\DOANTOTNGHIEP\htdocs\DA2023\system\Database\MySQLi\Connection.php(306): mysqli->query('INSERT INTO `tb...', 0)
#1 F:\DOANTOTNGHIEP\htdocs\DA2023\system\Database\BaseConnection.php(692): CodeIgniter\Database\MySQLi\Connection->execute('INSERT INTO `tb...')
#2 F:\DOANTOTNGHIEP\htdocs\DA2023\system\Database\BaseConnection.php(606): CodeIgniter\Database\BaseConnection->simpleQuery('INSERT INTO `tb...')
#3 F:\DOANTOTNGHIEP\htdocs\DA2023\system\Database\BaseBuilder.php(2308): CodeIgniter\Database\BaseConnection->query('INSERT INTO `tb...', Array, false)
#4 F:\DOANTOTNGHIEP\htdocs\DA2023\system\Model.php(319): CodeIgniter\Database\BaseBuilder->insert()
#5 F:\DOANTOTNGHIEP\htdocs\DA2023\system\BaseModel.php(788): CodeIgniter\Model->doInsert(Array)
#6 F:\DOANTOTNGHIEP\htdocs\DA2023\system\Model.php(715): CodeIgniter\BaseModel->insert(Array, false)
#7 F:\DOANTOTNGHIEP\htdocs\DA2023\system\BaseModel.php(698): CodeIgniter\Model->insert(Array, false)
#8 F:\DOANTOTNGHIEP\htdocs\DA2023\app\Services\OrderService.php(118): CodeIgniter\BaseModel->save(Array)
#9 F:\DOANTOTNGHIEP\htdocs\DA2023\app\Controllers\Admin\OrderController.php(33): App\Services\OrderService->addOrderInfo(Object(CodeIgniter\HTTP\IncomingRequest))
#10 F:\DOANTOTNGHIEP\htdocs\DA2023\system\CodeIgniter.php(919): App\Controllers\Admin\OrderController->create()
#11 F:\DOANTOTNGHIEP\htdocs\DA2023\system\CodeIgniter.php(494): CodeIgniter\CodeIgniter->runController(Object(App\Controllers\Admin\OrderController))
#12 F:\DOANTOTNGHIEP\htdocs\DA2023\system\CodeIgniter.php(353): CodeIgniter\CodeIgniter->handleRequest(NULL, Object(Config\Cache), false)
#13 F:\DOANTOTNGHIEP\htdocs\DA2023\public\index.php(79): CodeIgniter\CodeIgniter->run()
#14 F:\DOANTOTNGHIEP\htdocs\DA2023\system\Commands\Server\rewrite.php(47): require_once('F:\\DOANTOTNGHIE...')
#15 {main}
CRITICAL - 2023-10-16 15:41:29 --> Operand should contain 1 column(s)
in SYSTEMPATH\Database\BaseConnection.php on line 646.
 1 SYSTEMPATH\Database\BaseBuilder.php(2308): CodeIgniter\Database\BaseConnection->query('INSERT INTO `tbl_dondathang` (`FK_iMaNV`, `sTenKH`, `dThoiGianTao`, `dNgayNhanHang`, `FK_iMaTrangThai`, `sGhiChu`, `iSoLuong`, `PK_iMaDon`) VALUES (:FK_iMaNV:, :sTenKH:, :dThoiGianTao:, :dNgayNhanHang:, :FK_iMaTrangThai:, :sGhiChu:, :iSoLuong:, :PK_iMaDon:)', [...], false)
 2 SYSTEMPATH\Model.php(319): CodeIgniter\Database\BaseBuilder->insert()
 3 SYSTEMPATH\BaseModel.php(788): CodeIgniter\Model->doInsert([...])
 4 SYSTEMPATH\Model.php(715): CodeIgniter\BaseModel->insert([...], false)
 5 SYSTEMPATH\BaseModel.php(698): CodeIgniter\Model->insert([...], false)
 6 APPPATH\Services\OrderService.php(118): CodeIgniter\BaseModel->save([...])
 7 APPPATH\Controllers\Admin\OrderController.php(33): App\Services\OrderService->addOrderInfo(Object(CodeIgniter\HTTP\IncomingRequest))
 8 SYSTEMPATH\CodeIgniter.php(919): App\Controllers\Admin\OrderController->create()
 9 SYSTEMPATH\CodeIgniter.php(494): CodeIgniter\CodeIgniter->runController(Object(App\Controllers\Admin\OrderController))
10 SYSTEMPATH\CodeIgniter.php(353): CodeIgniter\CodeIgniter->handleRequest(null, Object(Config\Cache), false)
11 FCPATH\index.php(79): CodeIgniter\CodeIgniter->run()
12 SYSTEMPATH\Commands\Server\rewrite.php(47): require_once('F:\\DOANTOTNGHIEP\\htdocs\\DA2023\\public\\index.php')
INFO - 2023-10-16 15:43:51 --> Session: Class initialized using 'CodeIgniter\Session\Handlers\FileHandler' driver.
INFO - 2023-10-16 15:43:51 --> Session: Class initialized using 'CodeIgniter\Session\Handlers\FileHandler' driver.
INFO - 2023-10-16 15:50:18 --> Session: Class initialized using 'CodeIgniter\Session\Handlers\FileHandler' driver.
INFO - 2023-10-16 15:50:21 --> Session: Class initialized using 'CodeIgniter\Session\Handlers\FileHandler' driver.
INFO - 2023-10-16 15:50:38 --> Session: Class initialized using 'CodeIgniter\Session\Handlers\FileHandler' driver.
INFO - 2023-10-16 15:50:38 --> Session: Class initialized using 'CodeIgniter\Session\Handlers\FileHandler' driver.
INFO - 2023-10-16 15:52:09 --> Session: Class initialized using 'CodeIgniter\Session\Handlers\FileHandler' driver.
INFO - 2023-10-16 15:53:31 --> Session: Class initialized using 'CodeIgniter\Session\Handlers\FileHandler' driver.
INFO - 2023-10-16 15:53:51 --> Session: Class initialized using 'CodeIgniter\Session\Handlers\FileHandler' driver.
INFO - 2023-10-16 15:54:00 --> Session: Class initialized using 'CodeIgniter\Session\Handlers\FileHandler' driver.
INFO - 2023-10-16 15:54:00 --> Session: Class initialized using 'CodeIgniter\Session\Handlers\FileHandler' driver.
INFO - 2023-10-16 15:54:59 --> Session: Class initialized using 'CodeIgniter\Session\Handlers\FileHandler' driver.
INFO - 2023-10-16 15:55:11 --> Session: Class initialized using 'CodeIgniter\Session\Handlers\FileHandler' driver.
INFO - 2023-10-16 15:55:11 --> Session: Class initialized using 'CodeIgniter\Session\Handlers\FileHandler' driver.
INFO - 2023-10-16 15:55:23 --> Session: Class initialized using 'CodeIgniter\Session\Handlers\FileHandler' driver.
INFO - 2023-10-16 15:56:48 --> Session: Class initialized using 'CodeIgniter\Session\Handlers\FileHandler' driver.
INFO - 2023-10-16 15:56:50 --> Session: Class initialized using 'CodeIgniter\Session\Handlers\FileHandler' driver.
INFO - 2023-10-16 15:57:02 --> Session: Class initialized using 'CodeIgniter\Session\Handlers\FileHandler' driver.
INFO - 2023-10-16 15:57:02 --> Session: Class initialized using 'CodeIgniter\Session\Handlers\FileHandler' driver.
INFO - 2023-10-16 15:57:31 --> Session: Class initialized using 'CodeIgniter\Session\Handlers\FileHandler' driver.
INFO - 2023-10-16 15:57:37 --> Session: Class initialized using 'CodeIgniter\Session\Handlers\FileHandler' driver.
INFO - 2023-10-16 15:58:28 --> Session: Class initialized using 'CodeIgniter\Session\Handlers\FileHandler' driver.
INFO - 2023-10-16 15:58:36 --> Session: Class initialized using 'CodeIgniter\Session\Handlers\FileHandler' driver.
INFO - 2023-10-16 15:58:36 --> Session: Class initialized using 'CodeIgniter\Session\Handlers\FileHandler' driver.
INFO - 2023-10-16 15:58:41 --> Session: Class initialized using 'CodeIgniter\Session\Handlers\FileHandler' driver.
INFO - 2023-10-16 16:00:17 --> Session: Class initialized using 'CodeIgniter\Session\Handlers\FileHandler' driver.
INFO - 2023-10-16 16:00:18 --> Session: Class initialized using 'CodeIgniter\Session\Handlers\FileHandler' driver.
ERROR - 2023-10-16 16:00:27 --> mysqli_sql_exception: Unknown column 'sTenKH' in 'field list' in F:\DOANTOTNGHIEP\htdocs\DA2023\system\Database\MySQLi\Connection.php:306
Stack trace:
#0 F:\DOANTOTNGHIEP\htdocs\DA2023\system\Database\MySQLi\Connection.php(306): mysqli->query('INSERT INTO `tb...', 0)
#1 F:\DOANTOTNGHIEP\htdocs\DA2023\system\Database\BaseConnection.php(692): CodeIgniter\Database\MySQLi\Connection->execute('INSERT INTO `tb...')
#2 F:\DOANTOTNGHIEP\htdocs\DA2023\system\Database\BaseConnection.php(606): CodeIgniter\Database\BaseConnection->simpleQuery('INSERT INTO `tb...')
#3 F:\DOANTOTNGHIEP\htdocs\DA2023\system\Database\BaseBuilder.php(2308): CodeIgniter\Database\BaseConnection->query('INSERT INTO `tb...', Array, false)
#4 F:\DOANTOTNGHIEP\htdocs\DA2023\system\Model.php(319): CodeIgniter\Database\BaseBuilder->insert()
#5 F:\DOANTOTNGHIEP\htdocs\DA2023\system\BaseModel.php(788): CodeIgniter\Model->doInsert(Array)
#6 F:\DOANTOTNGHIEP\htdocs\DA2023\system\Model.php(715): CodeIgniter\BaseModel->insert(Array, false)
#7 F:\DOANTOTNGHIEP\htdocs\DA2023\system\BaseModel.php(698): CodeIgniter\Model->insert(Array, false)
#8 F:\DOANTOTNGHIEP\htdocs\DA2023\app\Services\OrderService.php(114): CodeIgniter\BaseModel->save(Array)
#9 F:\DOANTOTNGHIEP\htdocs\DA2023\app\Controllers\Admin\OrderController.php(33): App\Services\OrderService->addOrderInfo(Object(CodeIgniter\HTTP\IncomingRequest))
#10 F:\DOANTOTNGHIEP\htdocs\DA2023\system\CodeIgniter.php(919): App\Controllers\Admin\OrderController->create()
#11 F:\DOANTOTNGHIEP\htdocs\DA2023\system\CodeIgniter.php(494): CodeIgniter\CodeIgniter->runController(Object(App\Controllers\Admin\OrderController))
#12 F:\DOANTOTNGHIEP\htdocs\DA2023\system\CodeIgniter.php(353): CodeIgniter\CodeIgniter->handleRequest(NULL, Object(Config\Cache), false)
#13 F:\DOANTOTNGHIEP\htdocs\DA2023\public\index.php(79): CodeIgniter\CodeIgniter->run()
#14 F:\DOANTOTNGHIEP\htdocs\DA2023\system\Commands\Server\rewrite.php(47): require_once('F:\\DOANTOTNGHIE...')
#15 {main}
CRITICAL - 2023-10-16 16:00:27 --> Unknown column 'sTenKH' in 'field list'
in SYSTEMPATH\Database\BaseConnection.php on line 646.
 1 SYSTEMPATH\Database\BaseBuilder.php(2308): CodeIgniter\Database\BaseConnection->query('INSERT INTO `tbl_dondathang` (`FK_iMaNV`, `sTenKH`, `dThoiGianTao`, `dNgayNhanHang`, `FK_iMaTrangThai`, `sGhiChu`, `PK_iMaDon`) VALUES (:FK_iMaNV:, :sTenKH:, :dThoiGianTao:, :dNgayNhanHang:, :FK_iMaTrangThai:, :sGhiChu:, :PK_iMaDon:)', [...], false)
 2 SYSTEMPATH\Model.php(319): CodeIgniter\Database\BaseBuilder->insert()
 3 SYSTEMPATH\BaseModel.php(788): CodeIgniter\Model->doInsert([...])
 4 SYSTEMPATH\Model.php(715): CodeIgniter\BaseModel->insert([...], false)
 5 SYSTEMPATH\BaseModel.php(698): CodeIgniter\Model->insert([...], false)
 6 APPPATH\Services\OrderService.php(114): CodeIgniter\BaseModel->save([...])
 7 APPPATH\Controllers\Admin\OrderController.php(33): App\Services\OrderService->addOrderInfo(Object(CodeIgniter\HTTP\IncomingRequest))
 8 SYSTEMPATH\CodeIgniter.php(919): App\Controllers\Admin\OrderController->create()
 9 SYSTEMPATH\CodeIgniter.php(494): CodeIgniter\CodeIgniter->runController(Object(App\Controllers\Admin\OrderController))
10 SYSTEMPATH\CodeIgniter.php(353): CodeIgniter\CodeIgniter->handleRequest(null, Object(Config\Cache), false)
11 FCPATH\index.php(79): CodeIgniter\CodeIgniter->run()
12 SYSTEMPATH\Commands\Server\rewrite.php(47): require_once('F:\\DOANTOTNGHIEP\\htdocs\\DA2023\\public\\index.php')
ERROR - 2023-10-16 16:02:17 --> mysqli_sql_exception: Unknown column 'sTenKH' in 'field list' in F:\DOANTOTNGHIEP\htdocs\DA2023\system\Database\MySQLi\Connection.php:306
Stack trace:
#0 F:\DOANTOTNGHIEP\htdocs\DA2023\system\Database\MySQLi\Connection.php(306): mysqli->query('INSERT INTO `tb...', 0)
#1 F:\DOANTOTNGHIEP\htdocs\DA2023\system\Database\BaseConnection.php(692): CodeIgniter\Database\MySQLi\Connection->execute('INSERT INTO `tb...')
#2 F:\DOANTOTNGHIEP\htdocs\DA2023\system\Database\BaseConnection.php(606): CodeIgniter\Database\BaseConnection->simpleQuery('INSERT INTO `tb...')
#3 F:\DOANTOTNGHIEP\htdocs\DA2023\system\Database\BaseBuilder.php(2308): CodeIgniter\Database\BaseConnection->query('INSERT INTO `tb...', Array, false)
#4 F:\DOANTOTNGHIEP\htdocs\DA2023\system\Model.php(319): CodeIgniter\Database\BaseBuilder->insert()
#5 F:\DOANTOTNGHIEP\htdocs\DA2023\system\BaseModel.php(788): CodeIgniter\Model->doInsert(Array)
#6 F:\DOANTOTNGHIEP\htdocs\DA2023\system\Model.php(715): CodeIgniter\BaseModel->insert(Array, false)
#7 F:\DOANTOTNGHIEP\htdocs\DA2023\system\BaseModel.php(698): CodeIgniter\Model->insert(Array, false)
#8 F:\DOANTOTNGHIEP\htdocs\DA2023\app\Services\OrderService.php(114): CodeIgniter\BaseModel->save(Array)
#9 F:\DOANTOTNGHIEP\htdocs\DA2023\app\Controllers\Admin\OrderController.php(33): App\Services\OrderService->addOrderInfo(Object(CodeIgniter\HTTP\IncomingRequest))
#10 F:\DOANTOTNGHIEP\htdocs\DA2023\system\CodeIgniter.php(919): App\Controllers\Admin\OrderController->create()
#11 F:\DOANTOTNGHIEP\htdocs\DA2023\system\CodeIgniter.php(494): CodeIgniter\CodeIgniter->runController(Object(App\Controllers\Admin\OrderController))
#12 F:\DOANTOTNGHIEP\htdocs\DA2023\system\CodeIgniter.php(353): CodeIgniter\CodeIgniter->handleRequest(NULL, Object(Config\Cache), false)
#13 F:\DOANTOTNGHIEP\htdocs\DA2023\public\index.php(79): CodeIgniter\CodeIgniter->run()
#14 F:\DOANTOTNGHIEP\htdocs\DA2023\system\Commands\Server\rewrite.php(47): require_once('F:\\DOANTOTNGHIE...')
#15 {main}
CRITICAL - 2023-10-16 16:02:17 --> Unknown column 'sTenKH' in 'field list'
in SYSTEMPATH\Database\BaseConnection.php on line 646.
 1 SYSTEMPATH\Database\BaseBuilder.php(2308): CodeIgniter\Database\BaseConnection->query('INSERT INTO `tbl_dondathang` (`FK_iMaNV`, `sTenKH`, `dThoiGianTao`, `dNgayNhanHang`, `FK_iMaTrangThai`, `sGhiChu`, `PK_iMaDon`) VALUES (:FK_iMaNV:, :sTenKH:, :dThoiGianTao:, :dNgayNhanHang:, :FK_iMaTrangThai:, :sGhiChu:, :PK_iMaDon:)', [...], false)
 2 SYSTEMPATH\Model.php(319): CodeIgniter\Database\BaseBuilder->insert()
 3 SYSTEMPATH\BaseModel.php(788): CodeIgniter\Model->doInsert([...])
 4 SYSTEMPATH\Model.php(715): CodeIgniter\BaseModel->insert([...], false)
 5 SYSTEMPATH\BaseModel.php(698): CodeIgniter\Model->insert([...], false)
 6 APPPATH\Services\OrderService.php(114): CodeIgniter\BaseModel->save([...])
 7 APPPATH\Controllers\Admin\OrderController.php(33): App\Services\OrderService->addOrderInfo(Object(CodeIgniter\HTTP\IncomingRequest))
 8 SYSTEMPATH\CodeIgniter.php(919): App\Controllers\Admin\OrderController->create()
 9 SYSTEMPATH\CodeIgniter.php(494): CodeIgniter\CodeIgniter->runController(Object(App\Controllers\Admin\OrderController))
10 SYSTEMPATH\CodeIgniter.php(353): CodeIgniter\CodeIgniter->handleRequest(null, Object(Config\Cache), false)
11 FCPATH\index.php(79): CodeIgniter\CodeIgniter->run()
12 SYSTEMPATH\Commands\Server\rewrite.php(47): require_once('F:\\DOANTOTNGHIEP\\htdocs\\DA2023\\public\\index.php')
INFO - 2023-10-16 16:02:21 --> Session: Class initialized using 'CodeIgniter\Session\Handlers\FileHandler' driver.
INFO - 2023-10-16 16:02:27 --> Session: Class initialized using 'CodeIgniter\Session\Handlers\FileHandler' driver.
INFO - 2023-10-16 16:02:27 --> Session: Class initialized using 'CodeIgniter\Session\Handlers\FileHandler' driver.
INFO - 2023-10-16 16:02:33 --> Session: Class initialized using 'CodeIgniter\Session\Handlers\FileHandler' driver.
INFO - 2023-10-16 16:03:22 --> Session: Class initialized using 'CodeIgniter\Session\Handlers\FileHandler' driver.
INFO - 2023-10-16 16:03:32 --> Session: Class initialized using 'CodeIgniter\Session\Handlers\FileHandler' driver.
INFO - 2023-10-16 16:03:32 --> Session: Class initialized using 'CodeIgniter\Session\Handlers\FileHandler' driver.
INFO - 2023-10-16 16:03:35 --> Session: Class initialized using 'CodeIgniter\Session\Handlers\FileHandler' driver.
INFO - 2023-10-16 16:05:05 --> Session: Class initialized using 'CodeIgniter\Session\Handlers\FileHandler' driver.
INFO - 2023-10-16 16:05:11 --> Session: Class initialized using 'CodeIgniter\Session\Handlers\FileHandler' driver.
INFO - 2023-10-16 16:05:11 --> Session: Class initialized using 'CodeIgniter\Session\Handlers\FileHandler' driver.
INFO - 2023-10-16 16:05:56 --> Session: Class initialized using 'CodeIgniter\Session\Handlers\FileHandler' driver.
INFO - 2023-10-16 16:06:29 --> Session: Class initialized using 'CodeIgniter\Session\Handlers\FileHandler' driver.
INFO - 2023-10-16 16:06:39 --> Session: Class initialized using 'CodeIgniter\Session\Handlers\FileHandler' driver.
INFO - 2023-10-16 16:08:07 --> Session: Class initialized using 'CodeIgniter\Session\Handlers\FileHandler' driver.
CRITICAL - 2023-10-16 16:08:07 --> Undefined array key "sTenKH"
in APPPATH\Views\Admin\Pages\order.php on line 72.
 1 APPPATH\Views\Admin\Pages\order.php(72): CodeIgniter\Debug\Exceptions->errorHandler(2, 'Undefined array key "sTenKH"', 'F:\\DOANTOTNGHIEP\\htdocs\\DA2023\\app\\Views\\Admin\\Pages\\order.php', 72)
 2 SYSTEMPATH\View\View.php(226): include('F:\\DOANTOTNGHIEP\\htdocs\\DA2023\\app\\Views\\Admin\\Pages\\order.php')
 3 SYSTEMPATH\View\View.php(229): CodeIgniter\View\View->CodeIgniter\View\{closure}()
 4 SYSTEMPATH\Common.php(1188): CodeIgniter\View\View->render('Admin/Pages/order', [], true)
 5 APPPATH\Controllers\BaseController.php(64): view('Admin/Pages/order', [...])
 6 APPPATH\Controllers\Admin\OrderController.php(27): App\Controllers\BaseController->loadMasterLayout([...], 'Danh sách đơn đặt hàng', 'Admin/Pages/order', [...])
 7 SYSTEMPATH\CodeIgniter.php(919): App\Controllers\Admin\OrderController->list()
 8 SYSTEMPATH\CodeIgniter.php(494): CodeIgniter\CodeIgniter->runController(Object(App\Controllers\Admin\OrderController))
 9 SYSTEMPATH\CodeIgniter.php(353): CodeIgniter\CodeIgniter->handleRequest(null, Object(Config\Cache), false)
10 FCPATH\index.php(79): CodeIgniter\CodeIgniter->run()
11 SYSTEMPATH\Commands\Server\rewrite.php(47): require_once('F:\\DOANTOTNGHIEP\\htdocs\\DA2023\\public\\index.php')
INFO - 2023-10-16 16:08:30 --> Session: Class initialized using 'CodeIgniter\Session\Handlers\FileHandler' driver.
CRITICAL - 2023-10-16 16:08:30 --> Undefined array key "sDiaChi"
in APPPATH\Views\Admin\Pages\order.php on line 80.
 1 APPPATH\Views\Admin\Pages\order.php(80): CodeIgniter\Debug\Exceptions->errorHandler(2, 'Undefined array key "sDiaChi"', 'F:\\DOANTOTNGHIEP\\htdocs\\DA2023\\app\\Views\\Admin\\Pages\\order.php', 80)
 2 SYSTEMPATH\View\View.php(226): include('F:\\DOANTOTNGHIEP\\htdocs\\DA2023\\app\\Views\\Admin\\Pages\\order.php')
 3 SYSTEMPATH\View\View.php(229): CodeIgniter\View\View->CodeIgniter\View\{closure}()
 4 SYSTEMPATH\Common.php(1188): CodeIgniter\View\View->render('Admin/Pages/order', [], true)
 5 APPPATH\Controllers\BaseController.php(64): view('Admin/Pages/order', [...])
 6 APPPATH\Controllers\Admin\OrderController.php(27): App\Controllers\BaseController->loadMasterLayout([...], 'Danh sách đơn đặt hàng', 'Admin/Pages/order', [...])
 7 SYSTEMPATH\CodeIgniter.php(919): App\Controllers\Admin\OrderController->list()
 8 SYSTEMPATH\CodeIgniter.php(494): CodeIgniter\CodeIgniter->runController(Object(App\Controllers\Admin\OrderController))
 9 SYSTEMPATH\CodeIgniter.php(353): CodeIgniter\CodeIgniter->handleRequest(null, Object(Config\Cache), false)
10 FCPATH\index.php(79): CodeIgniter\CodeIgniter->run()
11 SYSTEMPATH\Commands\Server\rewrite.php(47): require_once('F:\\DOANTOTNGHIEP\\htdocs\\DA2023\\public\\index.php')
INFO - 2023-10-16 16:08:58 --> Session: Class initialized using 'CodeIgniter\Session\Handlers\FileHandler' driver.
CRITICAL - 2023-10-16 16:08:58 --> Undefined array key "sDiaChi"
in APPPATH\Views\Admin\Pages\order.php on line 80.
 1 APPPATH\Views\Admin\Pages\order.php(80): CodeIgniter\Debug\Exceptions->errorHandler(2, 'Undefined array key "sDiaChi"', 'F:\\DOANTOTNGHIEP\\htdocs\\DA2023\\app\\Views\\Admin\\Pages\\order.php', 80)
 2 SYSTEMPATH\View\View.php(226): include('F:\\DOANTOTNGHIEP\\htdocs\\DA2023\\app\\Views\\Admin\\Pages\\order.php')
 3 SYSTEMPATH\View\View.php(229): CodeIgniter\View\View->CodeIgniter\View\{closure}()
 4 SYSTEMPATH\Common.php(1188): CodeIgniter\View\View->render('Admin/Pages/order', [], true)
 5 APPPATH\Controllers\BaseController.php(64): view('Admin/Pages/order', [...])
 6 APPPATH\Controllers\Admin\OrderController.php(27): App\Controllers\BaseController->loadMasterLayout([...], 'Danh sách đơn đặt hàng', 'Admin/Pages/order', [...])
 7 SYSTEMPATH\CodeIgniter.php(919): App\Controllers\Admin\OrderController->list()
 8 SYSTEMPATH\CodeIgniter.php(494): CodeIgniter\CodeIgniter->runController(Object(App\Controllers\Admin\OrderController))
 9 SYSTEMPATH\CodeIgniter.php(353): CodeIgniter\CodeIgniter->handleRequest(null, Object(Config\Cache), false)
10 FCPATH\index.php(79): CodeIgniter\CodeIgniter->run()
11 SYSTEMPATH\Commands\Server\rewrite.php(47): require_once('F:\\DOANTOTNGHIEP\\htdocs\\DA2023\\public\\index.php')
INFO - 2023-10-16 16:09:06 --> Session: Class initialized using 'CodeIgniter\Session\Handlers\FileHandler' driver.
INFO - 2023-10-16 16:09:18 --> Session: Class initialized using 'CodeIgniter\Session\Handlers\FileHandler' driver.
INFO - 2023-10-16 16:09:18 --> Session: Class initialized using 'CodeIgniter\Session\Handlers\FileHandler' driver.
INFO - 2023-10-16 16:10:32 --> Session: Class initialized using 'CodeIgniter\Session\Handlers\FileHandler' driver.
INFO - 2023-10-16 16:10:39 --> Session: Class initialized using 'CodeIgniter\Session\Handlers\FileHandler' driver.
INFO - 2023-10-16 16:10:39 --> Session: Class initialized using 'CodeIgniter\Session\Handlers\FileHandler' driver.
