INFO - 2023-10-09 13:01:19 --> Session: Class initialized using 'CodeIgniter\Session\Handlers\FileHandler' driver.
INFO - 2023-10-09 13:01:29 --> Session: Class initialized using 'CodeIgniter\Session\Handlers\FileHandler' driver.
INFO - 2023-10-09 13:02:35 --> Session: Class initialized using 'CodeIgniter\Session\Handlers\FileHandler' driver.
INFO - 2023-10-09 13:03:29 --> Session: Class initialized using 'CodeIgniter\Session\Handlers\FileHandler' driver.
INFO - 2023-10-09 13:06:58 --> Session: Class initialized using 'CodeIgniter\Session\Handlers\FileHandler' driver.
INFO - 2023-10-09 13:07:31 --> Session: Class initialized using 'CodeIgniter\Session\Handlers\FileHandler' driver.
INFO - 2023-10-09 13:07:37 --> Session: Class initialized using 'CodeIgniter\Session\Handlers\FileHandler' driver.
INFO - 2023-10-09 13:10:27 --> Session: Class initialized using 'CodeIgniter\Session\Handlers\FileHandler' driver.
INFO - 2023-10-09 13:10:39 --> Session: Class initialized using 'CodeIgniter\Session\Handlers\FileHandler' driver.
INFO - 2023-10-09 13:11:31 --> Session: Class initialized using 'CodeIgniter\Session\Handlers\FileHandler' driver.
INFO - 2023-10-09 13:13:29 --> Session: Class initialized using 'CodeIgniter\Session\Handlers\FileHandler' driver.
INFO - 2023-10-09 13:13:32 --> Session: Class initialized using 'CodeIgniter\Session\Handlers\FileHandler' driver.
INFO - 2023-10-09 13:13:57 --> Session: Class initialized using 'CodeIgniter\Session\Handlers\FileHandler' driver.
INFO - 2023-10-09 13:14:30 --> Session: Class initialized using 'CodeIgniter\Session\Handlers\FileHandler' driver.
INFO - 2023-10-09 13:14:47 --> Session: Class initialized using 'CodeIgniter\Session\Handlers\FileHandler' driver.
INFO - 2023-10-09 13:14:50 --> Session: Class initialized using 'CodeIgniter\Session\Handlers\FileHandler' driver.
INFO - 2023-10-09 13:14:52 --> Session: Class initialized using 'CodeIgniter\Session\Handlers\FileHandler' driver.
INFO - 2023-10-09 13:14:54 --> Session: Class initialized using 'CodeIgniter\Session\Handlers\FileHandler' driver.
INFO - 2023-10-09 13:15:22 --> Session: Class initialized using 'CodeIgniter\Session\Handlers\FileHandler' driver.
INFO - 2023-10-09 13:15:30 --> Session: Class initialized using 'CodeIgniter\Session\Handlers\FileHandler' driver.
INFO - 2023-10-09 13:15:44 --> Session: Class initialized using 'CodeIgniter\Session\Handlers\FileHandler' driver.
INFO - 2023-10-09 13:15:57 --> Session: Class initialized using 'CodeIgniter\Session\Handlers\FileHandler' driver.
INFO - 2023-10-09 13:16:46 --> Session: Class initialized using 'CodeIgniter\Session\Handlers\FileHandler' driver.
INFO - 2023-10-09 13:16:48 --> Session: Class initialized using 'CodeIgniter\Session\Handlers\FileHandler' driver.
INFO - 2023-10-09 13:17:43 --> Session: Class initialized using 'CodeIgniter\Session\Handlers\FileHandler' driver.
INFO - 2023-10-09 13:17:45 --> Session: Class initialized using 'CodeIgniter\Session\Handlers\FileHandler' driver.
INFO - 2023-10-09 13:17:47 --> Session: Class initialized using 'CodeIgniter\Session\Handlers\FileHandler' driver.
INFO - 2023-10-09 13:40:12 --> Session: Class initialized using 'CodeIgniter\Session\Handlers\FileHandler' driver.
INFO - 2023-10-09 13:40:29 --> Session: Class initialized using 'CodeIgniter\Session\Handlers\FileHandler' driver.
INFO - 2023-10-09 13:42:08 --> Session: Class initialized using 'CodeIgniter\Session\Handlers\FileHandler' driver.
INFO - 2023-10-09 13:42:12 --> Session: Class initialized using 'CodeIgniter\Session\Handlers\FileHandler' driver.
INFO - 2023-10-09 13:42:14 --> Session: Class initialized using 'CodeIgniter\Session\Handlers\FileHandler' driver.
INFO - 2023-10-09 13:43:32 --> Session: Class initialized using 'CodeIgniter\Session\Handlers\FileHandler' driver.
INFO - 2023-10-09 13:43:43 --> Session: Class initialized using 'CodeIgniter\Session\Handlers\FileHandler' driver.
INFO - 2023-10-09 13:44:32 --> Session: Class initialized using 'CodeIgniter\Session\Handlers\FileHandler' driver.
INFO - 2023-10-09 13:45:17 --> Session: Class initialized using 'CodeIgniter\Session\Handlers\FileHandler' driver.
INFO - 2023-10-09 13:49:00 --> Session: Class initialized using 'CodeIgniter\Session\Handlers\FileHandler' driver.
INFO - 2023-10-09 13:49:04 --> Session: Class initialized using 'CodeIgniter\Session\Handlers\FileHandler' driver.
INFO - 2023-10-09 13:49:52 --> Session: Class initialized using 'CodeIgniter\Session\Handlers\FileHandler' driver.
INFO - 2023-10-09 13:49:53 --> Session: Class initialized using 'CodeIgniter\Session\Handlers\FileHandler' driver.
INFO - 2023-10-09 13:49:56 --> Session: Class initialized using 'CodeIgniter\Session\Handlers\FileHandler' driver.
INFO - 2023-10-09 13:50:38 --> Session: Class initialized using 'CodeIgniter\Session\Handlers\FileHandler' driver.
INFO - 2023-10-09 13:50:43 --> Session: Class initialized using 'CodeIgniter\Session\Handlers\FileHandler' driver.
INFO - 2023-10-09 13:51:23 --> Session: Class initialized using 'CodeIgniter\Session\Handlers\FileHandler' driver.
INFO - 2023-10-09 13:52:18 --> Session: Class initialized using 'CodeIgniter\Session\Handlers\FileHandler' driver.
INFO - 2023-10-09 13:52:22 --> Session: Class initialized using 'CodeIgniter\Session\Handlers\FileHandler' driver.
INFO - 2023-10-09 13:53:03 --> Session: Class initialized using 'CodeIgniter\Session\Handlers\FileHandler' driver.
INFO - 2023-10-09 13:53:07 --> Session: Class initialized using 'CodeIgniter\Session\Handlers\FileHandler' driver.
INFO - 2023-10-09 13:53:18 --> Session: Class initialized using 'CodeIgniter\Session\Handlers\FileHandler' driver.
INFO - 2023-10-09 13:53:36 --> Session: Class initialized using 'CodeIgniter\Session\Handlers\FileHandler' driver.
INFO - 2023-10-09 13:53:39 --> Session: Class initialized using 'CodeIgniter\Session\Handlers\FileHandler' driver.
INFO - 2023-10-09 13:54:28 --> Session: Class initialized using 'CodeIgniter\Session\Handlers\FileHandler' driver.
INFO - 2023-10-09 13:54:30 --> Session: Class initialized using 'CodeIgniter\Session\Handlers\FileHandler' driver.
INFO - 2023-10-09 13:54:32 --> Session: Class initialized using 'CodeIgniter\Session\Handlers\FileHandler' driver.
INFO - 2023-10-09 13:54:34 --> Session: Class initialized using 'CodeIgniter\Session\Handlers\FileHandler' driver.
INFO - 2023-10-09 13:54:49 --> Session: Class initialized using 'CodeIgniter\Session\Handlers\FileHandler' driver.
INFO - 2023-10-09 13:54:52 --> Session: Class initialized using 'CodeIgniter\Session\Handlers\FileHandler' driver.
INFO - 2023-10-09 13:54:54 --> Session: Class initialized using 'CodeIgniter\Session\Handlers\FileHandler' driver.
INFO - 2023-10-09 13:54:55 --> Session: Class initialized using 'CodeIgniter\Session\Handlers\FileHandler' driver.
INFO - 2023-10-09 13:55:01 --> Session: Class initialized using 'CodeIgniter\Session\Handlers\FileHandler' driver.
INFO - 2023-10-09 13:55:03 --> Session: Class initialized using 'CodeIgniter\Session\Handlers\FileHandler' driver.
INFO - 2023-10-09 13:56:00 --> Session: Class initialized using 'CodeIgniter\Session\Handlers\FileHandler' driver.
CRITICAL - 2023-10-09 13:56:00 --> Call to undefined function form_open()
in APPPATH\Views\Admin\Pages\productGroup.php on line 29.
 1 SYSTEMPATH\View\View.php(226): include()
 2 SYSTEMPATH\View\View.php(229): CodeIgniter\View\View->CodeIgniter\View\{closure}()
 3 SYSTEMPATH\Common.php(1188): CodeIgniter\View\View->render('Admin/Pages/productGroup', [], true)
 4 APPPATH\Controllers\BaseController.php(64): view('Admin/Pages/productGroup', [...])
 5 APPPATH\Controllers\Admin\ProductGroupController.php(23): App\Controllers\BaseController->loadMasterLayout([...], 'Danh sách nhóm sản phẩm', 'Admin/Pages/productGroup', [...])
 6 SYSTEMPATH\CodeIgniter.php(919): App\Controllers\Admin\ProductGroupController->list()
 7 SYSTEMPATH\CodeIgniter.php(494): CodeIgniter\CodeIgniter->runController(Object(App\Controllers\Admin\ProductGroupController))
 8 SYSTEMPATH\CodeIgniter.php(353): CodeIgniter\CodeIgniter->handleRequest(null, Object(Config\Cache), false)
 9 FCPATH\index.php(79): CodeIgniter\CodeIgniter->run()
10 SYSTEMPATH\Commands\Server\rewrite.php(47): require_once('F:\\DOANTOTNGHIEP\\htdocs\\DA2023\\public\\index.php')
INFO - 2023-10-09 13:56:26 --> Session: Class initialized using 'CodeIgniter\Session\Handlers\FileHandler' driver.
CRITICAL - 2023-10-09 13:56:26 --> Call to undefined function form_open()
in APPPATH\Views\Admin\Pages\productGroup.php on line 29.
 1 SYSTEMPATH\View\View.php(226): include()
 2 SYSTEMPATH\View\View.php(229): CodeIgniter\View\View->CodeIgniter\View\{closure}()
 3 SYSTEMPATH\Common.php(1188): CodeIgniter\View\View->render('Admin/Pages/productGroup', [], true)
 4 APPPATH\Controllers\BaseController.php(64): view('Admin/Pages/productGroup', [...])
 5 APPPATH\Controllers\Admin\ProductGroupController.php(23): App\Controllers\BaseController->loadMasterLayout([...], 'Danh sách nhóm sản phẩm', 'Admin/Pages/productGroup', [...])
 6 SYSTEMPATH\CodeIgniter.php(919): App\Controllers\Admin\ProductGroupController->list()
 7 SYSTEMPATH\CodeIgniter.php(494): CodeIgniter\CodeIgniter->runController(Object(App\Controllers\Admin\ProductGroupController))
 8 SYSTEMPATH\CodeIgniter.php(353): CodeIgniter\CodeIgniter->handleRequest(null, Object(Config\Cache), false)
 9 FCPATH\index.php(79): CodeIgniter\CodeIgniter->run()
10 SYSTEMPATH\Commands\Server\rewrite.php(47): require_once('F:\\DOANTOTNGHIEP\\htdocs\\DA2023\\public\\index.php')
INFO - 2023-10-09 13:57:00 --> Session: Class initialized using 'CodeIgniter\Session\Handlers\FileHandler' driver.
INFO - 2023-10-09 13:57:25 --> Session: Class initialized using 'CodeIgniter\Session\Handlers\FileHandler' driver.
INFO - 2023-10-09 13:57:26 --> Session: Class initialized using 'CodeIgniter\Session\Handlers\FileHandler' driver.
INFO - 2023-10-09 14:00:12 --> Session: Class initialized using 'CodeIgniter\Session\Handlers\FileHandler' driver.
INFO - 2023-10-09 14:00:13 --> Session: Class initialized using 'CodeIgniter\Session\Handlers\FileHandler' driver.
INFO - 2023-10-09 14:00:16 --> Session: Class initialized using 'CodeIgniter\Session\Handlers\FileHandler' driver.
INFO - 2023-10-09 14:00:50 --> Session: Class initialized using 'CodeIgniter\Session\Handlers\FileHandler' driver.
INFO - 2023-10-09 14:01:08 --> Session: Class initialized using 'CodeIgniter\Session\Handlers\FileHandler' driver.
INFO - 2023-10-09 14:01:09 --> Session: Class initialized using 'CodeIgniter\Session\Handlers\FileHandler' driver.
INFO - 2023-10-09 14:01:12 --> Session: Class initialized using 'CodeIgniter\Session\Handlers\FileHandler' driver.
INFO - 2023-10-09 14:01:24 --> Session: Class initialized using 'CodeIgniter\Session\Handlers\FileHandler' driver.
INFO - 2023-10-09 14:01:57 --> Session: Class initialized using 'CodeIgniter\Session\Handlers\FileHandler' driver.
INFO - 2023-10-09 14:01:58 --> Session: Class initialized using 'CodeIgniter\Session\Handlers\FileHandler' driver.
INFO - 2023-10-09 14:02:00 --> Session: Class initialized using 'CodeIgniter\Session\Handlers\FileHandler' driver.
INFO - 2023-10-09 14:02:00 --> Session: Class initialized using 'CodeIgniter\Session\Handlers\FileHandler' driver.
INFO - 2023-10-09 14:02:17 --> Session: Class initialized using 'CodeIgniter\Session\Handlers\FileHandler' driver.
INFO - 2023-10-09 14:02:17 --> Session: Class initialized using 'CodeIgniter\Session\Handlers\FileHandler' driver.
INFO - 2023-10-09 14:02:25 --> Session: Class initialized using 'CodeIgniter\Session\Handlers\FileHandler' driver.
INFO - 2023-10-09 14:02:25 --> Session: Class initialized using 'CodeIgniter\Session\Handlers\FileHandler' driver.
INFO - 2023-10-09 14:04:57 --> Session: Class initialized using 'CodeIgniter\Session\Handlers\FileHandler' driver.
INFO - 2023-10-09 14:05:08 --> Session: Class initialized using 'CodeIgniter\Session\Handlers\FileHandler' driver.
INFO - 2023-10-09 14:05:08 --> Session: Class initialized using 'CodeIgniter\Session\Handlers\FileHandler' driver.
INFO - 2023-10-09 14:10:31 --> Session: Class initialized using 'CodeIgniter\Session\Handlers\FileHandler' driver.
INFO - 2023-10-09 14:10:45 --> Session: Class initialized using 'CodeIgniter\Session\Handlers\FileHandler' driver.
INFO - 2023-10-09 14:10:45 --> Session: Class initialized using 'CodeIgniter\Session\Handlers\FileHandler' driver.
INFO - 2023-10-09 14:12:30 --> Session: Class initialized using 'CodeIgniter\Session\Handlers\FileHandler' driver.
INFO - 2023-10-09 14:12:37 --> Session: Class initialized using 'CodeIgniter\Session\Handlers\FileHandler' driver.
INFO - 2023-10-09 14:16:24 --> Session: Class initialized using 'CodeIgniter\Session\Handlers\FileHandler' driver.
INFO - 2023-10-09 14:16:40 --> Session: Class initialized using 'CodeIgniter\Session\Handlers\FileHandler' driver.
INFO - 2023-10-09 14:16:40 --> Session: Class initialized using 'CodeIgniter\Session\Handlers\FileHandler' driver.
INFO - 2023-10-09 14:18:04 --> Session: Class initialized using 'CodeIgniter\Session\Handlers\FileHandler' driver.
INFO - 2023-10-09 14:18:37 --> Session: Class initialized using 'CodeIgniter\Session\Handlers\FileHandler' driver.
INFO - 2023-10-09 14:18:41 --> Session: Class initialized using 'CodeIgniter\Session\Handlers\FileHandler' driver.
INFO - 2023-10-09 14:18:42 --> Session: Class initialized using 'CodeIgniter\Session\Handlers\FileHandler' driver.
INFO - 2023-10-09 14:20:06 --> Session: Class initialized using 'CodeIgniter\Session\Handlers\FileHandler' driver.
INFO - 2023-10-09 14:20:13 --> Session: Class initialized using 'CodeIgniter\Session\Handlers\FileHandler' driver.
INFO - 2023-10-09 14:20:37 --> Session: Class initialized using 'CodeIgniter\Session\Handlers\FileHandler' driver.
INFO - 2023-10-09 14:20:37 --> Session: Class initialized using 'CodeIgniter\Session\Handlers\FileHandler' driver.
INFO - 2023-10-09 14:27:48 --> Session: Class initialized using 'CodeIgniter\Session\Handlers\FileHandler' driver.
INFO - 2023-10-09 14:28:02 --> Session: Class initialized using 'CodeIgniter\Session\Handlers\FileHandler' driver.
INFO - 2023-10-09 14:28:02 --> Session: Class initialized using 'CodeIgniter\Session\Handlers\FileHandler' driver.
INFO - 2023-10-09 14:28:51 --> Session: Class initialized using 'CodeIgniter\Session\Handlers\FileHandler' driver.
INFO - 2023-10-09 14:29:03 --> Session: Class initialized using 'CodeIgniter\Session\Handlers\FileHandler' driver.
INFO - 2023-10-09 14:29:03 --> Session: Class initialized using 'CodeIgniter\Session\Handlers\FileHandler' driver.
INFO - 2023-10-09 14:29:10 --> Session: Class initialized using 'CodeIgniter\Session\Handlers\FileHandler' driver.
INFO - 2023-10-09 14:29:21 --> Session: Class initialized using 'CodeIgniter\Session\Handlers\FileHandler' driver.
ERROR - 2023-10-09 14:29:53 --> mysqli_sql_exception: Duplicate entry '0' for key 'PRIMARY' in F:\DOANTOTNGHIEP\htdocs\DA2023\system\Database\MySQLi\Connection.php:306
Stack trace:
#0 F:\DOANTOTNGHIEP\htdocs\DA2023\system\Database\MySQLi\Connection.php(306): mysqli->query('INSERT INTO `tb...', 0)
#1 F:\DOANTOTNGHIEP\htdocs\DA2023\system\Database\BaseConnection.php(692): CodeIgniter\Database\MySQLi\Connection->execute('INSERT INTO `tb...')
#2 F:\DOANTOTNGHIEP\htdocs\DA2023\system\Database\BaseConnection.php(606): CodeIgniter\Database\BaseConnection->simpleQuery('INSERT INTO `tb...')
#3 F:\DOANTOTNGHIEP\htdocs\DA2023\system\Database\BaseBuilder.php(2308): CodeIgniter\Database\BaseConnection->query('INSERT INTO `tb...', Array, false)
#4 F:\DOANTOTNGHIEP\htdocs\DA2023\system\Model.php(319): CodeIgniter\Database\BaseBuilder->insert()
#5 F:\DOANTOTNGHIEP\htdocs\DA2023\system\BaseModel.php(788): CodeIgniter\Model->doInsert(Array)
#6 F:\DOANTOTNGHIEP\htdocs\DA2023\system\Model.php(715): CodeIgniter\BaseModel->insert(Array, false)
#7 F:\DOANTOTNGHIEP\htdocs\DA2023\system\BaseModel.php(698): CodeIgniter\Model->insert(Array, false)
#8 F:\DOANTOTNGHIEP\htdocs\DA2023\app\Services\ImportBillService.php(105): CodeIgniter\BaseModel->save(Array)
#9 F:\DOANTOTNGHIEP\htdocs\DA2023\app\Controllers\Admin\ImportBillController.php(33): App\Services\ImportBillService->addImportBillInfo(Object(CodeIgniter\HTTP\IncomingRequest))
#10 F:\DOANTOTNGHIEP\htdocs\DA2023\system\CodeIgniter.php(919): App\Controllers\Admin\ImportBillController->create()
#11 F:\DOANTOTNGHIEP\htdocs\DA2023\system\CodeIgniter.php(494): CodeIgniter\CodeIgniter->runController(Object(App\Controllers\Admin\ImportBillController))
#12 F:\DOANTOTNGHIEP\htdocs\DA2023\system\CodeIgniter.php(353): CodeIgniter\CodeIgniter->handleRequest(NULL, Object(Config\Cache), false)
#13 F:\DOANTOTNGHIEP\htdocs\DA2023\public\index.php(79): CodeIgniter\CodeIgniter->run()
#14 F:\DOANTOTNGHIEP\htdocs\DA2023\system\Commands\Server\rewrite.php(47): require_once('F:\\DOANTOTNGHIE...')
#15 {main}
CRITICAL - 2023-10-09 14:29:53 --> Duplicate entry '0' for key 'PRIMARY'
in SYSTEMPATH\Database\BaseConnection.php on line 646.
 1 SYSTEMPATH\Database\BaseBuilder.php(2308): CodeIgniter\Database\BaseConnection->query('INSERT INTO `tbl_phieunhap` (`FK_iMaNV`, `FK_iMaNCC`, `dNgayNhap`, `fTienDaTra`, `sNguoiGiao`, `FK_iMaTrangThai`, `sGhiChu`) VALUES (:FK_iMaNV:, :FK_iMaNCC:, :dNgayNhap:, :fTienDaTra:, :sNguoiGiao:, :FK_iMaTrangThai:, :sGhiChu:)', [...], false)
 2 SYSTEMPATH\Model.php(319): CodeIgniter\Database\BaseBuilder->insert()
 3 SYSTEMPATH\BaseModel.php(788): CodeIgniter\Model->doInsert([...])
 4 SYSTEMPATH\Model.php(715): CodeIgniter\BaseModel->insert([...], false)
 5 SYSTEMPATH\BaseModel.php(698): CodeIgniter\Model->insert([...], false)
 6 APPPATH\Services\ImportBillService.php(105): CodeIgniter\BaseModel->save([...])
 7 APPPATH\Controllers\Admin\ImportBillController.php(33): App\Services\ImportBillService->addImportBillInfo(Object(CodeIgniter\HTTP\IncomingRequest))
 8 SYSTEMPATH\CodeIgniter.php(919): App\Controllers\Admin\ImportBillController->create()
 9 SYSTEMPATH\CodeIgniter.php(494): CodeIgniter\CodeIgniter->runController(Object(App\Controllers\Admin\ImportBillController))
10 SYSTEMPATH\CodeIgniter.php(353): CodeIgniter\CodeIgniter->handleRequest(null, Object(Config\Cache), false)
11 FCPATH\index.php(79): CodeIgniter\CodeIgniter->run()
12 SYSTEMPATH\Commands\Server\rewrite.php(47): require_once('F:\\DOANTOTNGHIEP\\htdocs\\DA2023\\public\\index.php')
INFO - 2023-10-09 14:30:47 --> Session: Class initialized using 'CodeIgniter\Session\Handlers\FileHandler' driver.
INFO - 2023-10-09 14:30:49 --> Session: Class initialized using 'CodeIgniter\Session\Handlers\FileHandler' driver.
ERROR - 2023-10-09 14:31:28 --> mysqli_sql_exception: Duplicate entry '0' for key 'PRIMARY' in F:\DOANTOTNGHIEP\htdocs\DA2023\system\Database\MySQLi\Connection.php:306
Stack trace:
#0 F:\DOANTOTNGHIEP\htdocs\DA2023\system\Database\MySQLi\Connection.php(306): mysqli->query('INSERT INTO `tb...', 0)
#1 F:\DOANTOTNGHIEP\htdocs\DA2023\system\Database\BaseConnection.php(692): CodeIgniter\Database\MySQLi\Connection->execute('INSERT INTO `tb...')
#2 F:\DOANTOTNGHIEP\htdocs\DA2023\system\Database\BaseConnection.php(606): CodeIgniter\Database\BaseConnection->simpleQuery('INSERT INTO `tb...')
#3 F:\DOANTOTNGHIEP\htdocs\DA2023\system\Database\BaseBuilder.php(2308): CodeIgniter\Database\BaseConnection->query('INSERT INTO `tb...', Array, false)
#4 F:\DOANTOTNGHIEP\htdocs\DA2023\system\Model.php(319): CodeIgniter\Database\BaseBuilder->insert()
#5 F:\DOANTOTNGHIEP\htdocs\DA2023\system\BaseModel.php(788): CodeIgniter\Model->doInsert(Array)
#6 F:\DOANTOTNGHIEP\htdocs\DA2023\system\Model.php(715): CodeIgniter\BaseModel->insert(Array, false)
#7 F:\DOANTOTNGHIEP\htdocs\DA2023\system\BaseModel.php(698): CodeIgniter\Model->insert(Array, false)
#8 F:\DOANTOTNGHIEP\htdocs\DA2023\app\Services\ImportBillService.php(105): CodeIgniter\BaseModel->save(Array)
#9 F:\DOANTOTNGHIEP\htdocs\DA2023\app\Controllers\Admin\ImportBillController.php(33): App\Services\ImportBillService->addImportBillInfo(Object(CodeIgniter\HTTP\IncomingRequest))
#10 F:\DOANTOTNGHIEP\htdocs\DA2023\system\CodeIgniter.php(919): App\Controllers\Admin\ImportBillController->create()
#11 F:\DOANTOTNGHIEP\htdocs\DA2023\system\CodeIgniter.php(494): CodeIgniter\CodeIgniter->runController(Object(App\Controllers\Admin\ImportBillController))
#12 F:\DOANTOTNGHIEP\htdocs\DA2023\system\CodeIgniter.php(353): CodeIgniter\CodeIgniter->handleRequest(NULL, Object(Config\Cache), false)
#13 F:\DOANTOTNGHIEP\htdocs\DA2023\public\index.php(79): CodeIgniter\CodeIgniter->run()
#14 F:\DOANTOTNGHIEP\htdocs\DA2023\system\Commands\Server\rewrite.php(47): require_once('F:\\DOANTOTNGHIE...')
#15 {main}
CRITICAL - 2023-10-09 14:31:28 --> Duplicate entry '0' for key 'PRIMARY'
in SYSTEMPATH\Database\BaseConnection.php on line 646.
 1 SYSTEMPATH\Database\BaseBuilder.php(2308): CodeIgniter\Database\BaseConnection->query('INSERT INTO `tbl_phieunhap` (`FK_iMaNV`, `FK_iMaNCC`, `dNgayNhap`, `fTienDaTra`, `sNguoiGiao`, `FK_iMaTrangThai`, `sGhiChu`) VALUES (:FK_iMaNV:, :FK_iMaNCC:, :dNgayNhap:, :fTienDaTra:, :sNguoiGiao:, :FK_iMaTrangThai:, :sGhiChu:)', [...], false)
 2 SYSTEMPATH\Model.php(319): CodeIgniter\Database\BaseBuilder->insert()
 3 SYSTEMPATH\BaseModel.php(788): CodeIgniter\Model->doInsert([...])
 4 SYSTEMPATH\Model.php(715): CodeIgniter\BaseModel->insert([...], false)
 5 SYSTEMPATH\BaseModel.php(698): CodeIgniter\Model->insert([...], false)
 6 APPPATH\Services\ImportBillService.php(105): CodeIgniter\BaseModel->save([...])
 7 APPPATH\Controllers\Admin\ImportBillController.php(33): App\Services\ImportBillService->addImportBillInfo(Object(CodeIgniter\HTTP\IncomingRequest))
 8 SYSTEMPATH\CodeIgniter.php(919): App\Controllers\Admin\ImportBillController->create()
 9 SYSTEMPATH\CodeIgniter.php(494): CodeIgniter\CodeIgniter->runController(Object(App\Controllers\Admin\ImportBillController))
10 SYSTEMPATH\CodeIgniter.php(353): CodeIgniter\CodeIgniter->handleRequest(null, Object(Config\Cache), false)
11 FCPATH\index.php(79): CodeIgniter\CodeIgniter->run()
12 SYSTEMPATH\Commands\Server\rewrite.php(47): require_once('F:\\DOANTOTNGHIEP\\htdocs\\DA2023\\public\\index.php')
ERROR - 2023-10-09 14:32:17 --> mysqli_sql_exception: Duplicate entry '0' for key 'PRIMARY' in F:\DOANTOTNGHIEP\htdocs\DA2023\system\Database\MySQLi\Connection.php:306
Stack trace:
#0 F:\DOANTOTNGHIEP\htdocs\DA2023\system\Database\MySQLi\Connection.php(306): mysqli->query('INSERT INTO `tb...', 0)
#1 F:\DOANTOTNGHIEP\htdocs\DA2023\system\Database\BaseConnection.php(692): CodeIgniter\Database\MySQLi\Connection->execute('INSERT INTO `tb...')
#2 F:\DOANTOTNGHIEP\htdocs\DA2023\system\Database\BaseConnection.php(606): CodeIgniter\Database\BaseConnection->simpleQuery('INSERT INTO `tb...')
#3 F:\DOANTOTNGHIEP\htdocs\DA2023\system\Database\BaseBuilder.php(2308): CodeIgniter\Database\BaseConnection->query('INSERT INTO `tb...', Array, false)
#4 F:\DOANTOTNGHIEP\htdocs\DA2023\system\Model.php(319): CodeIgniter\Database\BaseBuilder->insert()
#5 F:\DOANTOTNGHIEP\htdocs\DA2023\system\BaseModel.php(788): CodeIgniter\Model->doInsert(Array)
#6 F:\DOANTOTNGHIEP\htdocs\DA2023\system\Model.php(715): CodeIgniter\BaseModel->insert(Array, false)
#7 F:\DOANTOTNGHIEP\htdocs\DA2023\system\BaseModel.php(698): CodeIgniter\Model->insert(Array, false)
#8 F:\DOANTOTNGHIEP\htdocs\DA2023\app\Services\ImportBillService.php(105): CodeIgniter\BaseModel->save(Array)
#9 F:\DOANTOTNGHIEP\htdocs\DA2023\app\Controllers\Admin\ImportBillController.php(33): App\Services\ImportBillService->addImportBillInfo(Object(CodeIgniter\HTTP\IncomingRequest))
#10 F:\DOANTOTNGHIEP\htdocs\DA2023\system\CodeIgniter.php(919): App\Controllers\Admin\ImportBillController->create()
#11 F:\DOANTOTNGHIEP\htdocs\DA2023\system\CodeIgniter.php(494): CodeIgniter\CodeIgniter->runController(Object(App\Controllers\Admin\ImportBillController))
#12 F:\DOANTOTNGHIEP\htdocs\DA2023\system\CodeIgniter.php(353): CodeIgniter\CodeIgniter->handleRequest(NULL, Object(Config\Cache), false)
#13 F:\DOANTOTNGHIEP\htdocs\DA2023\public\index.php(79): CodeIgniter\CodeIgniter->run()
#14 F:\DOANTOTNGHIEP\htdocs\DA2023\system\Commands\Server\rewrite.php(47): require_once('F:\\DOANTOTNGHIE...')
#15 {main}
CRITICAL - 2023-10-09 14:32:17 --> Duplicate entry '0' for key 'PRIMARY'
in SYSTEMPATH\Database\BaseConnection.php on line 646.
 1 SYSTEMPATH\Database\BaseBuilder.php(2308): CodeIgniter\Database\BaseConnection->query('INSERT INTO `tbl_phieunhap` (`FK_iMaNV`, `FK_iMaNCC`, `dNgayNhap`, `fTienDaTra`, `sNguoiGiao`, `FK_iMaTrangThai`, `sGhiChu`) VALUES (:FK_iMaNV:, :FK_iMaNCC:, :dNgayNhap:, :fTienDaTra:, :sNguoiGiao:, :FK_iMaTrangThai:, :sGhiChu:)', [...], false)
 2 SYSTEMPATH\Model.php(319): CodeIgniter\Database\BaseBuilder->insert()
 3 SYSTEMPATH\BaseModel.php(788): CodeIgniter\Model->doInsert([...])
 4 SYSTEMPATH\Model.php(715): CodeIgniter\BaseModel->insert([...], false)
 5 SYSTEMPATH\BaseModel.php(698): CodeIgniter\Model->insert([...], false)
 6 APPPATH\Services\ImportBillService.php(105): CodeIgniter\BaseModel->save([...])
 7 APPPATH\Controllers\Admin\ImportBillController.php(33): App\Services\ImportBillService->addImportBillInfo(Object(CodeIgniter\HTTP\IncomingRequest))
 8 SYSTEMPATH\CodeIgniter.php(919): App\Controllers\Admin\ImportBillController->create()
 9 SYSTEMPATH\CodeIgniter.php(494): CodeIgniter\CodeIgniter->runController(Object(App\Controllers\Admin\ImportBillController))
10 SYSTEMPATH\CodeIgniter.php(353): CodeIgniter\CodeIgniter->handleRequest(null, Object(Config\Cache), false)
11 FCPATH\index.php(79): CodeIgniter\CodeIgniter->run()
12 SYSTEMPATH\Commands\Server\rewrite.php(47): require_once('F:\\DOANTOTNGHIEP\\htdocs\\DA2023\\public\\index.php')
INFO - 2023-10-09 14:32:19 --> Session: Class initialized using 'CodeIgniter\Session\Handlers\FileHandler' driver.
ERROR - 2023-10-09 14:32:25 --> mysqli_sql_exception: Duplicate entry '0' for key 'PRIMARY' in F:\DOANTOTNGHIEP\htdocs\DA2023\system\Database\MySQLi\Connection.php:306
Stack trace:
#0 F:\DOANTOTNGHIEP\htdocs\DA2023\system\Database\MySQLi\Connection.php(306): mysqli->query('INSERT INTO `tb...', 0)
#1 F:\DOANTOTNGHIEP\htdocs\DA2023\system\Database\BaseConnection.php(692): CodeIgniter\Database\MySQLi\Connection->execute('INSERT INTO `tb...')
#2 F:\DOANTOTNGHIEP\htdocs\DA2023\system\Database\BaseConnection.php(606): CodeIgniter\Database\BaseConnection->simpleQuery('INSERT INTO `tb...')
#3 F:\DOANTOTNGHIEP\htdocs\DA2023\system\Database\BaseBuilder.php(2308): CodeIgniter\Database\BaseConnection->query('INSERT INTO `tb...', Array, false)
#4 F:\DOANTOTNGHIEP\htdocs\DA2023\system\Model.php(319): CodeIgniter\Database\BaseBuilder->insert()
#5 F:\DOANTOTNGHIEP\htdocs\DA2023\system\BaseModel.php(788): CodeIgniter\Model->doInsert(Array)
#6 F:\DOANTOTNGHIEP\htdocs\DA2023\system\Model.php(715): CodeIgniter\BaseModel->insert(Array, false)
#7 F:\DOANTOTNGHIEP\htdocs\DA2023\system\BaseModel.php(698): CodeIgniter\Model->insert(Array, false)
#8 F:\DOANTOTNGHIEP\htdocs\DA2023\app\Services\ImportBillService.php(105): CodeIgniter\BaseModel->save(Array)
#9 F:\DOANTOTNGHIEP\htdocs\DA2023\app\Controllers\Admin\ImportBillController.php(33): App\Services\ImportBillService->addImportBillInfo(Object(CodeIgniter\HTTP\IncomingRequest))
#10 F:\DOANTOTNGHIEP\htdocs\DA2023\system\CodeIgniter.php(919): App\Controllers\Admin\ImportBillController->create()
#11 F:\DOANTOTNGHIEP\htdocs\DA2023\system\CodeIgniter.php(494): CodeIgniter\CodeIgniter->runController(Object(App\Controllers\Admin\ImportBillController))
#12 F:\DOANTOTNGHIEP\htdocs\DA2023\system\CodeIgniter.php(353): CodeIgniter\CodeIgniter->handleRequest(NULL, Object(Config\Cache), false)
#13 F:\DOANTOTNGHIEP\htdocs\DA2023\public\index.php(79): CodeIgniter\CodeIgniter->run()
#14 F:\DOANTOTNGHIEP\htdocs\DA2023\system\Commands\Server\rewrite.php(47): require_once('F:\\DOANTOTNGHIE...')
#15 {main}
CRITICAL - 2023-10-09 14:32:25 --> Duplicate entry '0' for key 'PRIMARY'
in SYSTEMPATH\Database\BaseConnection.php on line 646.
 1 SYSTEMPATH\Database\BaseBuilder.php(2308): CodeIgniter\Database\BaseConnection->query('INSERT INTO `tbl_phieunhap` (`FK_iMaNV`, `FK_iMaNCC`, `dNgayNhap`, `fTienDaTra`, `sNguoiGiao`, `FK_iMaTrangThai`, `sGhiChu`) VALUES (:FK_iMaNV:, :FK_iMaNCC:, :dNgayNhap:, :fTienDaTra:, :sNguoiGiao:, :FK_iMaTrangThai:, :sGhiChu:)', [...], false)
 2 SYSTEMPATH\Model.php(319): CodeIgniter\Database\BaseBuilder->insert()
 3 SYSTEMPATH\BaseModel.php(788): CodeIgniter\Model->doInsert([...])
 4 SYSTEMPATH\Model.php(715): CodeIgniter\BaseModel->insert([...], false)
 5 SYSTEMPATH\BaseModel.php(698): CodeIgniter\Model->insert([...], false)
 6 APPPATH\Services\ImportBillService.php(105): CodeIgniter\BaseModel->save([...])
 7 APPPATH\Controllers\Admin\ImportBillController.php(33): App\Services\ImportBillService->addImportBillInfo(Object(CodeIgniter\HTTP\IncomingRequest))
 8 SYSTEMPATH\CodeIgniter.php(919): App\Controllers\Admin\ImportBillController->create()
 9 SYSTEMPATH\CodeIgniter.php(494): CodeIgniter\CodeIgniter->runController(Object(App\Controllers\Admin\ImportBillController))
10 SYSTEMPATH\CodeIgniter.php(353): CodeIgniter\CodeIgniter->handleRequest(null, Object(Config\Cache), false)
11 FCPATH\index.php(79): CodeIgniter\CodeIgniter->run()
12 SYSTEMPATH\Commands\Server\rewrite.php(47): require_once('F:\\DOANTOTNGHIEP\\htdocs\\DA2023\\public\\index.php')
INFO - 2023-10-09 14:32:49 --> Session: Class initialized using 'CodeIgniter\Session\Handlers\FileHandler' driver.
ERROR - 2023-10-09 14:32:56 --> mysqli_sql_exception: Duplicate entry '0' for key 'PRIMARY' in F:\DOANTOTNGHIEP\htdocs\DA2023\system\Database\MySQLi\Connection.php:306
Stack trace:
#0 F:\DOANTOTNGHIEP\htdocs\DA2023\system\Database\MySQLi\Connection.php(306): mysqli->query('INSERT INTO `tb...', 0)
#1 F:\DOANTOTNGHIEP\htdocs\DA2023\system\Database\BaseConnection.php(692): CodeIgniter\Database\MySQLi\Connection->execute('INSERT INTO `tb...')
#2 F:\DOANTOTNGHIEP\htdocs\DA2023\system\Database\BaseConnection.php(606): CodeIgniter\Database\BaseConnection->simpleQuery('INSERT INTO `tb...')
#3 F:\DOANTOTNGHIEP\htdocs\DA2023\system\Database\BaseBuilder.php(2308): CodeIgniter\Database\BaseConnection->query('INSERT INTO `tb...', Array, false)
#4 F:\DOANTOTNGHIEP\htdocs\DA2023\system\Model.php(319): CodeIgniter\Database\BaseBuilder->insert()
#5 F:\DOANTOTNGHIEP\htdocs\DA2023\system\BaseModel.php(788): CodeIgniter\Model->doInsert(Array)
#6 F:\DOANTOTNGHIEP\htdocs\DA2023\system\Model.php(715): CodeIgniter\BaseModel->insert(Array, false)
#7 F:\DOANTOTNGHIEP\htdocs\DA2023\system\BaseModel.php(698): CodeIgniter\Model->insert(Array, false)
#8 F:\DOANTOTNGHIEP\htdocs\DA2023\app\Services\ImportBillService.php(105): CodeIgniter\BaseModel->save(Array)
#9 F:\DOANTOTNGHIEP\htdocs\DA2023\app\Controllers\Admin\ImportBillController.php(33): App\Services\ImportBillService->addImportBillInfo(Object(CodeIgniter\HTTP\IncomingRequest))
#10 F:\DOANTOTNGHIEP\htdocs\DA2023\system\CodeIgniter.php(919): App\Controllers\Admin\ImportBillController->create()
#11 F:\DOANTOTNGHIEP\htdocs\DA2023\system\CodeIgniter.php(494): CodeIgniter\CodeIgniter->runController(Object(App\Controllers\Admin\ImportBillController))
#12 F:\DOANTOTNGHIEP\htdocs\DA2023\system\CodeIgniter.php(353): CodeIgniter\CodeIgniter->handleRequest(NULL, Object(Config\Cache), false)
#13 F:\DOANTOTNGHIEP\htdocs\DA2023\public\index.php(79): CodeIgniter\CodeIgniter->run()
#14 F:\DOANTOTNGHIEP\htdocs\DA2023\system\Commands\Server\rewrite.php(47): require_once('F:\\DOANTOTNGHIE...')
#15 {main}
CRITICAL - 2023-10-09 14:32:56 --> Duplicate entry '0' for key 'PRIMARY'
in SYSTEMPATH\Database\BaseConnection.php on line 646.
 1 SYSTEMPATH\Database\BaseBuilder.php(2308): CodeIgniter\Database\BaseConnection->query('INSERT INTO `tbl_phieunhap` (`FK_iMaNV`, `FK_iMaNCC`, `dNgayNhap`, `fTienDaTra`, `sNguoiGiao`, `FK_iMaTrangThai`, `sGhiChu`) VALUES (:FK_iMaNV:, :FK_iMaNCC:, :dNgayNhap:, :fTienDaTra:, :sNguoiGiao:, :FK_iMaTrangThai:, :sGhiChu:)', [...], false)
 2 SYSTEMPATH\Model.php(319): CodeIgniter\Database\BaseBuilder->insert()
 3 SYSTEMPATH\BaseModel.php(788): CodeIgniter\Model->doInsert([...])
 4 SYSTEMPATH\Model.php(715): CodeIgniter\BaseModel->insert([...], false)
 5 SYSTEMPATH\BaseModel.php(698): CodeIgniter\Model->insert([...], false)
 6 APPPATH\Services\ImportBillService.php(105): CodeIgniter\BaseModel->save([...])
 7 APPPATH\Controllers\Admin\ImportBillController.php(33): App\Services\ImportBillService->addImportBillInfo(Object(CodeIgniter\HTTP\IncomingRequest))
 8 SYSTEMPATH\CodeIgniter.php(919): App\Controllers\Admin\ImportBillController->create()
 9 SYSTEMPATH\CodeIgniter.php(494): CodeIgniter\CodeIgniter->runController(Object(App\Controllers\Admin\ImportBillController))
10 SYSTEMPATH\CodeIgniter.php(353): CodeIgniter\CodeIgniter->handleRequest(null, Object(Config\Cache), false)
11 FCPATH\index.php(79): CodeIgniter\CodeIgniter->run()
12 SYSTEMPATH\Commands\Server\rewrite.php(47): require_once('F:\\DOANTOTNGHIEP\\htdocs\\DA2023\\public\\index.php')
INFO - 2023-10-09 14:33:19 --> Session: Class initialized using 'CodeIgniter\Session\Handlers\FileHandler' driver.
ERROR - 2023-10-09 14:33:23 --> mysqli_sql_exception: Duplicate entry '0' for key 'PRIMARY' in F:\DOANTOTNGHIEP\htdocs\DA2023\system\Database\MySQLi\Connection.php:306
Stack trace:
#0 F:\DOANTOTNGHIEP\htdocs\DA2023\system\Database\MySQLi\Connection.php(306): mysqli->query('INSERT INTO `tb...', 0)
#1 F:\DOANTOTNGHIEP\htdocs\DA2023\system\Database\BaseConnection.php(692): CodeIgniter\Database\MySQLi\Connection->execute('INSERT INTO `tb...')
#2 F:\DOANTOTNGHIEP\htdocs\DA2023\system\Database\BaseConnection.php(606): CodeIgniter\Database\BaseConnection->simpleQuery('INSERT INTO `tb...')
#3 F:\DOANTOTNGHIEP\htdocs\DA2023\system\Database\BaseBuilder.php(2308): CodeIgniter\Database\BaseConnection->query('INSERT INTO `tb...', Array, false)
#4 F:\DOANTOTNGHIEP\htdocs\DA2023\system\Model.php(319): CodeIgniter\Database\BaseBuilder->insert()
#5 F:\DOANTOTNGHIEP\htdocs\DA2023\system\BaseModel.php(788): CodeIgniter\Model->doInsert(Array)
#6 F:\DOANTOTNGHIEP\htdocs\DA2023\system\Model.php(715): CodeIgniter\BaseModel->insert(Array, false)
#7 F:\DOANTOTNGHIEP\htdocs\DA2023\system\BaseModel.php(698): CodeIgniter\Model->insert(Array, false)
#8 F:\DOANTOTNGHIEP\htdocs\DA2023\app\Services\ImportBillService.php(105): CodeIgniter\BaseModel->save(Array)
#9 F:\DOANTOTNGHIEP\htdocs\DA2023\app\Controllers\Admin\ImportBillController.php(33): App\Services\ImportBillService->addImportBillInfo(Object(CodeIgniter\HTTP\IncomingRequest))
#10 F:\DOANTOTNGHIEP\htdocs\DA2023\system\CodeIgniter.php(919): App\Controllers\Admin\ImportBillController->create()
#11 F:\DOANTOTNGHIEP\htdocs\DA2023\system\CodeIgniter.php(494): CodeIgniter\CodeIgniter->runController(Object(App\Controllers\Admin\ImportBillController))
#12 F:\DOANTOTNGHIEP\htdocs\DA2023\system\CodeIgniter.php(353): CodeIgniter\CodeIgniter->handleRequest(NULL, Object(Config\Cache), false)
#13 F:\DOANTOTNGHIEP\htdocs\DA2023\public\index.php(79): CodeIgniter\CodeIgniter->run()
#14 F:\DOANTOTNGHIEP\htdocs\DA2023\system\Commands\Server\rewrite.php(47): require_once('F:\\DOANTOTNGHIE...')
#15 {main}
CRITICAL - 2023-10-09 14:33:23 --> Duplicate entry '0' for key 'PRIMARY'
in SYSTEMPATH\Database\BaseConnection.php on line 646.
 1 SYSTEMPATH\Database\BaseBuilder.php(2308): CodeIgniter\Database\BaseConnection->query('INSERT INTO `tbl_phieunhap` (`FK_iMaNV`, `FK_iMaNCC`, `dNgayNhap`, `fTienDaTra`, `sNguoiGiao`, `FK_iMaTrangThai`, `sGhiChu`) VALUES (:FK_iMaNV:, :FK_iMaNCC:, :dNgayNhap:, :fTienDaTra:, :sNguoiGiao:, :FK_iMaTrangThai:, :sGhiChu:)', [...], false)
 2 SYSTEMPATH\Model.php(319): CodeIgniter\Database\BaseBuilder->insert()
 3 SYSTEMPATH\BaseModel.php(788): CodeIgniter\Model->doInsert([...])
 4 SYSTEMPATH\Model.php(715): CodeIgniter\BaseModel->insert([...], false)
 5 SYSTEMPATH\BaseModel.php(698): CodeIgniter\Model->insert([...], false)
 6 APPPATH\Services\ImportBillService.php(105): CodeIgniter\BaseModel->save([...])
 7 APPPATH\Controllers\Admin\ImportBillController.php(33): App\Services\ImportBillService->addImportBillInfo(Object(CodeIgniter\HTTP\IncomingRequest))
 8 SYSTEMPATH\CodeIgniter.php(919): App\Controllers\Admin\ImportBillController->create()
 9 SYSTEMPATH\CodeIgniter.php(494): CodeIgniter\CodeIgniter->runController(Object(App\Controllers\Admin\ImportBillController))
10 SYSTEMPATH\CodeIgniter.php(353): CodeIgniter\CodeIgniter->handleRequest(null, Object(Config\Cache), false)
11 FCPATH\index.php(79): CodeIgniter\CodeIgniter->run()
12 SYSTEMPATH\Commands\Server\rewrite.php(47): require_once('F:\\DOANTOTNGHIEP\\htdocs\\DA2023\\public\\index.php')
INFO - 2023-10-09 14:33:49 --> Session: Class initialized using 'CodeIgniter\Session\Handlers\FileHandler' driver.
INFO - 2023-10-09 14:34:31 --> Session: Class initialized using 'CodeIgniter\Session\Handlers\FileHandler' driver.
INFO - 2023-10-09 14:52:05 --> Session: Class initialized using 'CodeIgniter\Session\Handlers\FileHandler' driver.
INFO - 2023-10-09 14:52:08 --> Session: Class initialized using 'CodeIgniter\Session\Handlers\FileHandler' driver.
CRITICAL - 2023-10-09 14:54:27 --> Unsupported operand types: string + string
in APPPATH\Services\ImportBillService.php on line 104.
 1 APPPATH\Controllers\Admin\ImportBillController.php(33): App\Services\ImportBillService->addImportBillInfo(Object(CodeIgniter\HTTP\IncomingRequest))
 2 SYSTEMPATH\CodeIgniter.php(919): App\Controllers\Admin\ImportBillController->create()
 3 SYSTEMPATH\CodeIgniter.php(494): CodeIgniter\CodeIgniter->runController(Object(App\Controllers\Admin\ImportBillController))
 4 SYSTEMPATH\CodeIgniter.php(353): CodeIgniter\CodeIgniter->handleRequest(null, Object(Config\Cache), false)
 5 FCPATH\index.php(79): CodeIgniter\CodeIgniter->run()
 6 SYSTEMPATH\Commands\Server\rewrite.php(47): require_once('F:\\DOANTOTNGHIEP\\htdocs\\DA2023\\public\\index.php')
INFO - 2023-10-09 14:54:52 --> Session: Class initialized using 'CodeIgniter\Session\Handlers\FileHandler' driver.
INFO - 2023-10-09 15:07:52 --> Session: Class initialized using 'CodeIgniter\Session\Handlers\FileHandler' driver.
INFO - 2023-10-09 15:07:55 --> Session: Class initialized using 'CodeIgniter\Session\Handlers\FileHandler' driver.
ERROR - 2023-10-09 15:08:14 --> mysqli_sql_exception: Cannot add or update a child row: a foreign key constraint fails (`nanahouse`.`tbl_ctphieunhap`, CONSTRAINT `maPN` FOREIGN KEY (`FK_iMaPN`) REFERENCES `tbl_phieunhap` (`PK_iPN`)) in F:\DOANTOTNGHIEP\htdocs\DA2023\system\Database\MySQLi\Connection.php:306
Stack trace:
#0 F:\DOANTOTNGHIEP\htdocs\DA2023\system\Database\MySQLi\Connection.php(306): mysqli->query('INSERT INTO `tb...', 0)
#1 F:\DOANTOTNGHIEP\htdocs\DA2023\system\Database\BaseConnection.php(692): CodeIgniter\Database\MySQLi\Connection->execute('INSERT INTO `tb...')
#2 F:\DOANTOTNGHIEP\htdocs\DA2023\system\Database\BaseConnection.php(606): CodeIgniter\Database\BaseConnection->simpleQuery('INSERT INTO `tb...')
#3 F:\DOANTOTNGHIEP\htdocs\DA2023\system\Database\BaseBuilder.php(1800): CodeIgniter\Database\BaseConnection->query('INSERT INTO `tb...', NULL, false)
#4 F:\DOANTOTNGHIEP\htdocs\DA2023\system\Database\BaseBuilder.php(2191): CodeIgniter\Database\BaseBuilder->batchExecute('_insertBatch', 100)
#5 F:\DOANTOTNGHIEP\htdocs\DA2023\system\Model.php(353): CodeIgniter\Database\BaseBuilder->insertBatch(Array, NULL, 100)
#6 F:\DOANTOTNGHIEP\htdocs\DA2023\system\BaseModel.php(880): CodeIgniter\Model->doInsertBatch(Array, NULL, 100, false)
#7 F:\DOANTOTNGHIEP\htdocs\DA2023\app\Services\ImportBillService.php(120): CodeIgniter\BaseModel->insertBatch(Array)
#8 F:\DOANTOTNGHIEP\htdocs\DA2023\app\Controllers\Admin\ImportBillController.php(33): App\Services\ImportBillService->addImportBillInfo(Object(CodeIgniter\HTTP\IncomingRequest))
#9 F:\DOANTOTNGHIEP\htdocs\DA2023\system\CodeIgniter.php(919): App\Controllers\Admin\ImportBillController->create()
#10 F:\DOANTOTNGHIEP\htdocs\DA2023\system\CodeIgniter.php(494): CodeIgniter\CodeIgniter->runController(Object(App\Controllers\Admin\ImportBillController))
#11 F:\DOANTOTNGHIEP\htdocs\DA2023\system\CodeIgniter.php(353): CodeIgniter\CodeIgniter->handleRequest(NULL, Object(Config\Cache), false)
#12 F:\DOANTOTNGHIEP\htdocs\DA2023\public\index.php(79): CodeIgniter\CodeIgniter->run()
#13 F:\DOANTOTNGHIEP\htdocs\DA2023\system\Commands\Server\rewrite.php(47): require_once('F:\\DOANTOTNGHIE...')
#14 {main}
CRITICAL - 2023-10-09 15:08:14 --> Cannot add or update a child row: a foreign key constraint fails (`nanahouse`.`tbl_ctphieunhap`, CONSTRAINT `maPN` FOREIGN KEY (`FK_iMaPN`) REFERENCES `tbl_phieunhap` (`PK_iPN`))
in SYSTEMPATH\Database\BaseConnection.php on line 646.
 1 SYSTEMPATH\Database\BaseBuilder.php(1800): CodeIgniter\Database\BaseConnection->query('INSERT INTO `tbl_ctphieunhap` (`FK_iMaPN`, `FK_iMaSP`, `iSoluong`)
VALUES (\'PN-2af8f635-49ef-4c93-98bb-b0c1cc14a211\',\'1\',\'12\'), (\'PN-2af8f635-49ef-4c93-98bb-b0c1cc14a211\',\'1\',\'13\')', null, false)
 2 SYSTEMPATH\Database\BaseBuilder.php(2191): CodeIgniter\Database\BaseBuilder->batchExecute('_insertBatch', 100)
 3 SYSTEMPATH\Model.php(353): CodeIgniter\Database\BaseBuilder->insertBatch([...], null, 100)
 4 SYSTEMPATH\BaseModel.php(880): CodeIgniter\Model->doInsertBatch([...], null, 100, false)
 5 APPPATH\Services\ImportBillService.php(120): CodeIgniter\BaseModel->insertBatch([...])
 6 APPPATH\Controllers\Admin\ImportBillController.php(33): App\Services\ImportBillService->addImportBillInfo(Object(CodeIgniter\HTTP\IncomingRequest))
 7 SYSTEMPATH\CodeIgniter.php(919): App\Controllers\Admin\ImportBillController->create()
 8 SYSTEMPATH\CodeIgniter.php(494): CodeIgniter\CodeIgniter->runController(Object(App\Controllers\Admin\ImportBillController))
 9 SYSTEMPATH\CodeIgniter.php(353): CodeIgniter\CodeIgniter->handleRequest(null, Object(Config\Cache), false)
10 FCPATH\index.php(79): CodeIgniter\CodeIgniter->run()
11 SYSTEMPATH\Commands\Server\rewrite.php(47): require_once('F:\\DOANTOTNGHIEP\\htdocs\\DA2023\\public\\index.php')
INFO - 2023-10-09 15:09:33 --> Session: Class initialized using 'CodeIgniter\Session\Handlers\FileHandler' driver.
INFO - 2023-10-09 15:14:04 --> Session: Class initialized using 'CodeIgniter\Session\Handlers\FileHandler' driver.
INFO - 2023-10-09 15:14:45 --> Session: Class initialized using 'CodeIgniter\Session\Handlers\FileHandler' driver.
INFO - 2023-10-09 15:14:58 --> Session: Class initialized using 'CodeIgniter\Session\Handlers\FileHandler' driver.
INFO - 2023-10-09 15:16:20 --> Session: Class initialized using 'CodeIgniter\Session\Handlers\FileHandler' driver.
INFO - 2023-10-09 15:16:36 --> Session: Class initialized using 'CodeIgniter\Session\Handlers\FileHandler' driver.
INFO - 2023-10-09 15:22:21 --> Session: Class initialized using 'CodeIgniter\Session\Handlers\FileHandler' driver.
INFO - 2023-10-09 15:22:23 --> Session: Class initialized using 'CodeIgniter\Session\Handlers\FileHandler' driver.
INFO - 2023-10-09 15:22:35 --> Session: Class initialized using 'CodeIgniter\Session\Handlers\FileHandler' driver.
INFO - 2023-10-09 15:22:35 --> Session: Class initialized using 'CodeIgniter\Session\Handlers\FileHandler' driver.
CRITICAL - 2023-10-09 15:22:35 --> foreach() argument must be of type array|object, string given
in APPPATH\Views\Admin\Pages\importBill.php on line 3.
 1 APPPATH\Views\Admin\Pages\importBill.php(3): CodeIgniter\Debug\Exceptions->errorHandler(2, 'foreach() argument must be of type array|object, string given', 'F:\\DOANTOTNGHIEP\\htdocs\\DA2023\\app\\Views\\Admin\\Pages\\importBill.php', 3)
 2 SYSTEMPATH\View\View.php(226): include('F:\\DOANTOTNGHIEP\\htdocs\\DA2023\\app\\Views\\Admin\\Pages\\importBill.php')
 3 SYSTEMPATH\View\View.php(229): CodeIgniter\View\View->CodeIgniter\View\{closure}()
 4 SYSTEMPATH\Common.php(1188): CodeIgniter\View\View->render('Admin/Pages/importBill', [], true)
 5 APPPATH\Controllers\BaseController.php(64): view('Admin/Pages/importBill', [...])
 6 APPPATH\Controllers\Admin\ImportBillController.php(27): App\Controllers\BaseController->loadMasterLayout([...], 'Danh sách phiếu nhập hàng', 'Admin/Pages/importBill', [...])
 7 SYSTEMPATH\CodeIgniter.php(919): App\Controllers\Admin\ImportBillController->list()
 8 SYSTEMPATH\CodeIgniter.php(494): CodeIgniter\CodeIgniter->runController(Object(App\Controllers\Admin\ImportBillController))
 9 SYSTEMPATH\CodeIgniter.php(353): CodeIgniter\CodeIgniter->handleRequest(null, Object(Config\Cache), false)
10 FCPATH\index.php(79): CodeIgniter\CodeIgniter->run()
11 SYSTEMPATH\Commands\Server\rewrite.php(47): require_once('F:\\DOANTOTNGHIEP\\htdocs\\DA2023\\public\\index.php')
INFO - 2023-10-09 15:24:38 --> Session: Class initialized using 'CodeIgniter\Session\Handlers\FileHandler' driver.
INFO - 2023-10-09 15:24:41 --> Session: Class initialized using 'CodeIgniter\Session\Handlers\FileHandler' driver.
INFO - 2023-10-09 15:24:41 --> Session: Class initialized using 'CodeIgniter\Session\Handlers\FileHandler' driver.
INFO - 2023-10-09 15:24:59 --> Session: Class initialized using 'CodeIgniter\Session\Handlers\FileHandler' driver.
INFO - 2023-10-09 15:24:59 --> Session: Class initialized using 'CodeIgniter\Session\Handlers\FileHandler' driver.
INFO - 2023-10-09 15:26:12 --> Session: Class initialized using 'CodeIgniter\Session\Handlers\FileHandler' driver.
INFO - 2023-10-09 15:26:32 --> Session: Class initialized using 'CodeIgniter\Session\Handlers\FileHandler' driver.
INFO - 2023-10-09 15:26:32 --> Session: Class initialized using 'CodeIgniter\Session\Handlers\FileHandler' driver.
INFO - 2023-10-09 15:27:13 --> Session: Class initialized using 'CodeIgniter\Session\Handlers\FileHandler' driver.
ERROR - 2023-10-09 15:27:34 --> mysqli_sql_exception: Cannot add or update a child row: a foreign key constraint fails (`nanahouse`.`tbl_ctphieunhap`, CONSTRAINT `maPN` FOREIGN KEY (`FK_iMaPN`) REFERENCES `tbl_phieunhap` (`PK_iPN`)) in F:\DOANTOTNGHIEP\htdocs\DA2023\system\Database\MySQLi\Connection.php:306
Stack trace:
#0 F:\DOANTOTNGHIEP\htdocs\DA2023\system\Database\MySQLi\Connection.php(306): mysqli->query('INSERT INTO `tb...', 0)
#1 F:\DOANTOTNGHIEP\htdocs\DA2023\system\Database\BaseConnection.php(692): CodeIgniter\Database\MySQLi\Connection->execute('INSERT INTO `tb...')
#2 F:\DOANTOTNGHIEP\htdocs\DA2023\system\Database\BaseConnection.php(606): CodeIgniter\Database\BaseConnection->simpleQuery('INSERT INTO `tb...')
#3 F:\DOANTOTNGHIEP\htdocs\DA2023\system\Database\BaseBuilder.php(1800): CodeIgniter\Database\BaseConnection->query('INSERT INTO `tb...', NULL, false)
#4 F:\DOANTOTNGHIEP\htdocs\DA2023\system\Database\BaseBuilder.php(2191): CodeIgniter\Database\BaseBuilder->batchExecute('_insertBatch', 100)
#5 F:\DOANTOTNGHIEP\htdocs\DA2023\system\Model.php(353): CodeIgniter\Database\BaseBuilder->insertBatch(Array, NULL, 100)
#6 F:\DOANTOTNGHIEP\htdocs\DA2023\system\BaseModel.php(880): CodeIgniter\Model->doInsertBatch(Array, NULL, 100, false)
#7 F:\DOANTOTNGHIEP\htdocs\DA2023\app\Services\ImportBillService.php(129): CodeIgniter\BaseModel->insertBatch(Array)
#8 F:\DOANTOTNGHIEP\htdocs\DA2023\app\Controllers\Admin\ImportBillController.php(33): App\Services\ImportBillService->addImportBillInfo(Object(CodeIgniter\HTTP\IncomingRequest))
#9 F:\DOANTOTNGHIEP\htdocs\DA2023\system\CodeIgniter.php(919): App\Controllers\Admin\ImportBillController->create()
#10 F:\DOANTOTNGHIEP\htdocs\DA2023\system\CodeIgniter.php(494): CodeIgniter\CodeIgniter->runController(Object(App\Controllers\Admin\ImportBillController))
#11 F:\DOANTOTNGHIEP\htdocs\DA2023\system\CodeIgniter.php(353): CodeIgniter\CodeIgniter->handleRequest(NULL, Object(Config\Cache), false)
#12 F:\DOANTOTNGHIEP\htdocs\DA2023\public\index.php(79): CodeIgniter\CodeIgniter->run()
#13 F:\DOANTOTNGHIEP\htdocs\DA2023\system\Commands\Server\rewrite.php(47): require_once('F:\\DOANTOTNGHIE...')
#14 {main}
CRITICAL - 2023-10-09 15:27:34 --> Cannot add or update a child row: a foreign key constraint fails (`nanahouse`.`tbl_ctphieunhap`, CONSTRAINT `maPN` FOREIGN KEY (`FK_iMaPN`) REFERENCES `tbl_phieunhap` (`PK_iPN`))
in SYSTEMPATH\Database\BaseConnection.php on line 646.
 1 SYSTEMPATH\Database\BaseBuilder.php(1800): CodeIgniter\Database\BaseConnection->query('INSERT INTO `tbl_ctphieunhap` (`FK_iMaPN`, `FK_iMaSP`, `iSoluong`)
VALUES (\'cuoicung\',\'1\',\'12\'), (\'cuoicung\',\'1\',\'12\')', null, false)
 2 SYSTEMPATH\Database\BaseBuilder.php(2191): CodeIgniter\Database\BaseBuilder->batchExecute('_insertBatch', 100)
 3 SYSTEMPATH\Model.php(353): CodeIgniter\Database\BaseBuilder->insertBatch([...], null, 100)
 4 SYSTEMPATH\BaseModel.php(880): CodeIgniter\Model->doInsertBatch([...], null, 100, false)
 5 APPPATH\Services\ImportBillService.php(129): CodeIgniter\BaseModel->insertBatch([...])
 6 APPPATH\Controllers\Admin\ImportBillController.php(33): App\Services\ImportBillService->addImportBillInfo(Object(CodeIgniter\HTTP\IncomingRequest))
 7 SYSTEMPATH\CodeIgniter.php(919): App\Controllers\Admin\ImportBillController->create()
 8 SYSTEMPATH\CodeIgniter.php(494): CodeIgniter\CodeIgniter->runController(Object(App\Controllers\Admin\ImportBillController))
 9 SYSTEMPATH\CodeIgniter.php(353): CodeIgniter\CodeIgniter->handleRequest(null, Object(Config\Cache), false)
10 FCPATH\index.php(79): CodeIgniter\CodeIgniter->run()
11 SYSTEMPATH\Commands\Server\rewrite.php(47): require_once('F:\\DOANTOTNGHIEP\\htdocs\\DA2023\\public\\index.php')
INFO - 2023-10-09 15:28:21 --> Session: Class initialized using 'CodeIgniter\Session\Handlers\FileHandler' driver.
INFO - 2023-10-09 15:31:41 --> Session: Class initialized using 'CodeIgniter\Session\Handlers\FileHandler' driver.
INFO - 2023-10-09 15:32:14 --> Session: Class initialized using 'CodeIgniter\Session\Handlers\FileHandler' driver.
ERROR - 2023-10-09 15:32:22 --> mysqli_sql_exception: Cannot add or update a child row: a foreign key constraint fails (`nanahouse`.`tbl_ctphieunhap`, CONSTRAINT `maPN` FOREIGN KEY (`FK_iMaPN`) REFERENCES `tbl_phieunhap` (`PK_iPN`)) in F:\DOANTOTNGHIEP\htdocs\DA2023\system\Database\MySQLi\Connection.php:306
Stack trace:
#0 F:\DOANTOTNGHIEP\htdocs\DA2023\system\Database\MySQLi\Connection.php(306): mysqli->query('INSERT INTO `tb...', 0)
#1 F:\DOANTOTNGHIEP\htdocs\DA2023\system\Database\BaseConnection.php(692): CodeIgniter\Database\MySQLi\Connection->execute('INSERT INTO `tb...')
#2 F:\DOANTOTNGHIEP\htdocs\DA2023\system\Database\BaseConnection.php(606): CodeIgniter\Database\BaseConnection->simpleQuery('INSERT INTO `tb...')
#3 F:\DOANTOTNGHIEP\htdocs\DA2023\system\Database\BaseBuilder.php(1800): CodeIgniter\Database\BaseConnection->query('INSERT INTO `tb...', NULL, false)
#4 F:\DOANTOTNGHIEP\htdocs\DA2023\system\Database\BaseBuilder.php(2191): CodeIgniter\Database\BaseBuilder->batchExecute('_insertBatch', 100)
#5 F:\DOANTOTNGHIEP\htdocs\DA2023\system\Model.php(353): CodeIgniter\Database\BaseBuilder->insertBatch(Array, NULL, 100)
#6 F:\DOANTOTNGHIEP\htdocs\DA2023\system\BaseModel.php(880): CodeIgniter\Model->doInsertBatch(Array, NULL, 100, false)
#7 F:\DOANTOTNGHIEP\htdocs\DA2023\app\Services\ImportBillService.php(129): CodeIgniter\BaseModel->insertBatch(Array)
#8 F:\DOANTOTNGHIEP\htdocs\DA2023\app\Controllers\Admin\ImportBillController.php(33): App\Services\ImportBillService->addImportBillInfo(Object(CodeIgniter\HTTP\IncomingRequest))
#9 F:\DOANTOTNGHIEP\htdocs\DA2023\system\CodeIgniter.php(919): App\Controllers\Admin\ImportBillController->create()
#10 F:\DOANTOTNGHIEP\htdocs\DA2023\system\CodeIgniter.php(494): CodeIgniter\CodeIgniter->runController(Object(App\Controllers\Admin\ImportBillController))
#11 F:\DOANTOTNGHIEP\htdocs\DA2023\system\CodeIgniter.php(353): CodeIgniter\CodeIgniter->handleRequest(NULL, Object(Config\Cache), false)
#12 F:\DOANTOTNGHIEP\htdocs\DA2023\public\index.php(79): CodeIgniter\CodeIgniter->run()
#13 F:\DOANTOTNGHIEP\htdocs\DA2023\system\Commands\Server\rewrite.php(47): require_once('F:\\DOANTOTNGHIE...')
#14 {main}
CRITICAL - 2023-10-09 15:32:22 --> Cannot add or update a child row: a foreign key constraint fails (`nanahouse`.`tbl_ctphieunhap`, CONSTRAINT `maPN` FOREIGN KEY (`FK_iMaPN`) REFERENCES `tbl_phieunhap` (`PK_iPN`))
in SYSTEMPATH\Database\BaseConnection.php on line 646.
 1 SYSTEMPATH\Database\BaseBuilder.php(1800): CodeIgniter\Database\BaseConnection->query('INSERT INTO `tbl_ctphieunhap` (`FK_iMaPN`, `FK_iMaSP`, `iSoluong`)
VALUES (\'1\',\'1\',\'1\'), (\'1\',\'2\',\'2\')', null, false)
 2 SYSTEMPATH\Database\BaseBuilder.php(2191): CodeIgniter\Database\BaseBuilder->batchExecute('_insertBatch', 100)
 3 SYSTEMPATH\Model.php(353): CodeIgniter\Database\BaseBuilder->insertBatch([...], null, 100)
 4 SYSTEMPATH\BaseModel.php(880): CodeIgniter\Model->doInsertBatch([...], null, 100, false)
 5 APPPATH\Services\ImportBillService.php(129): CodeIgniter\BaseModel->insertBatch([...])
 6 APPPATH\Controllers\Admin\ImportBillController.php(33): App\Services\ImportBillService->addImportBillInfo(Object(CodeIgniter\HTTP\IncomingRequest))
 7 SYSTEMPATH\CodeIgniter.php(919): App\Controllers\Admin\ImportBillController->create()
 8 SYSTEMPATH\CodeIgniter.php(494): CodeIgniter\CodeIgniter->runController(Object(App\Controllers\Admin\ImportBillController))
 9 SYSTEMPATH\CodeIgniter.php(353): CodeIgniter\CodeIgniter->handleRequest(null, Object(Config\Cache), false)
10 FCPATH\index.php(79): CodeIgniter\CodeIgniter->run()
11 SYSTEMPATH\Commands\Server\rewrite.php(47): require_once('F:\\DOANTOTNGHIEP\\htdocs\\DA2023\\public\\index.php')
INFO - 2023-10-09 15:33:40 --> Session: Class initialized using 'CodeIgniter\Session\Handlers\FileHandler' driver.
INFO - 2023-10-09 15:35:05 --> Session: Class initialized using 'CodeIgniter\Session\Handlers\FileHandler' driver.
INFO - 2023-10-09 15:35:39 --> Session: Class initialized using 'CodeIgniter\Session\Handlers\FileHandler' driver.
INFO - 2023-10-09 15:36:02 --> Session: Class initialized using 'CodeIgniter\Session\Handlers\FileHandler' driver.
ERROR - 2023-10-09 15:36:11 --> mysqli_sql_exception: Cannot add or update a child row: a foreign key constraint fails (`nanahouse`.`tbl_ctphieunhap`, CONSTRAINT `maPN` FOREIGN KEY (`FK_iMaPN`) REFERENCES `tbl_phieunhap` (`PK_iPN`)) in F:\DOANTOTNGHIEP\htdocs\DA2023\system\Database\MySQLi\Connection.php:306
Stack trace:
#0 F:\DOANTOTNGHIEP\htdocs\DA2023\system\Database\MySQLi\Connection.php(306): mysqli->query('INSERT INTO `tb...', 0)
#1 F:\DOANTOTNGHIEP\htdocs\DA2023\system\Database\BaseConnection.php(692): CodeIgniter\Database\MySQLi\Connection->execute('INSERT INTO `tb...')
#2 F:\DOANTOTNGHIEP\htdocs\DA2023\system\Database\BaseConnection.php(606): CodeIgniter\Database\BaseConnection->simpleQuery('INSERT INTO `tb...')
#3 F:\DOANTOTNGHIEP\htdocs\DA2023\system\Database\BaseBuilder.php(1800): CodeIgniter\Database\BaseConnection->query('INSERT INTO `tb...', NULL, false)
#4 F:\DOANTOTNGHIEP\htdocs\DA2023\system\Database\BaseBuilder.php(2191): CodeIgniter\Database\BaseBuilder->batchExecute('_insertBatch', 100)
#5 F:\DOANTOTNGHIEP\htdocs\DA2023\system\Model.php(353): CodeIgniter\Database\BaseBuilder->insertBatch(Array, NULL, 100)
#6 F:\DOANTOTNGHIEP\htdocs\DA2023\system\BaseModel.php(880): CodeIgniter\Model->doInsertBatch(Array, NULL, 100, false)
#7 F:\DOANTOTNGHIEP\htdocs\DA2023\app\Services\ImportBillService.php(129): CodeIgniter\BaseModel->insertBatch(Array)
#8 F:\DOANTOTNGHIEP\htdocs\DA2023\app\Controllers\Admin\ImportBillController.php(33): App\Services\ImportBillService->addImportBillInfo(Object(CodeIgniter\HTTP\IncomingRequest))
#9 F:\DOANTOTNGHIEP\htdocs\DA2023\system\CodeIgniter.php(919): App\Controllers\Admin\ImportBillController->create()
#10 F:\DOANTOTNGHIEP\htdocs\DA2023\system\CodeIgniter.php(494): CodeIgniter\CodeIgniter->runController(Object(App\Controllers\Admin\ImportBillController))
#11 F:\DOANTOTNGHIEP\htdocs\DA2023\system\CodeIgniter.php(353): CodeIgniter\CodeIgniter->handleRequest(NULL, Object(Config\Cache), false)
#12 F:\DOANTOTNGHIEP\htdocs\DA2023\public\index.php(79): CodeIgniter\CodeIgniter->run()
#13 F:\DOANTOTNGHIEP\htdocs\DA2023\system\Commands\Server\rewrite.php(47): require_once('F:\\DOANTOTNGHIE...')
#14 {main}
CRITICAL - 2023-10-09 15:36:11 --> Cannot add or update a child row: a foreign key constraint fails (`nanahouse`.`tbl_ctphieunhap`, CONSTRAINT `maPN` FOREIGN KEY (`FK_iMaPN`) REFERENCES `tbl_phieunhap` (`PK_iPN`))
in SYSTEMPATH\Database\BaseConnection.php on line 646.
 1 SYSTEMPATH\Database\BaseBuilder.php(1800): CodeIgniter\Database\BaseConnection->query('INSERT INTO `tbl_ctphieunhap` (`FK_iMaPN`, `FK_iMaSP`, `iSoluong`)
VALUES (\'1\',\'1\',\'1\'), (\'1\',\'2\',\'2\')', null, false)
 2 SYSTEMPATH\Database\BaseBuilder.php(2191): CodeIgniter\Database\BaseBuilder->batchExecute('_insertBatch', 100)
 3 SYSTEMPATH\Model.php(353): CodeIgniter\Database\BaseBuilder->insertBatch([...], null, 100)
 4 SYSTEMPATH\BaseModel.php(880): CodeIgniter\Model->doInsertBatch([...], null, 100, false)
 5 APPPATH\Services\ImportBillService.php(129): CodeIgniter\BaseModel->insertBatch([...])
 6 APPPATH\Controllers\Admin\ImportBillController.php(33): App\Services\ImportBillService->addImportBillInfo(Object(CodeIgniter\HTTP\IncomingRequest))
 7 SYSTEMPATH\CodeIgniter.php(919): App\Controllers\Admin\ImportBillController->create()
 8 SYSTEMPATH\CodeIgniter.php(494): CodeIgniter\CodeIgniter->runController(Object(App\Controllers\Admin\ImportBillController))
 9 SYSTEMPATH\CodeIgniter.php(353): CodeIgniter\CodeIgniter->handleRequest(null, Object(Config\Cache), false)
10 FCPATH\index.php(79): CodeIgniter\CodeIgniter->run()
11 SYSTEMPATH\Commands\Server\rewrite.php(47): require_once('F:\\DOANTOTNGHIEP\\htdocs\\DA2023\\public\\index.php')
INFO - 2023-10-09 15:38:53 --> Session: Class initialized using 'CodeIgniter\Session\Handlers\FileHandler' driver.
INFO - 2023-10-09 15:38:55 --> Session: Class initialized using 'CodeIgniter\Session\Handlers\FileHandler' driver.
ERROR - 2023-10-09 15:39:09 --> mysqli_sql_exception: Cannot add or update a child row: a foreign key constraint fails (`nanahouse`.`tbl_ctphieunhap`, CONSTRAINT `maPN` FOREIGN KEY (`FK_iMaPN`) REFERENCES `tbl_phieunhap` (`PK_iPN`)) in F:\DOANTOTNGHIEP\htdocs\DA2023\system\Database\MySQLi\Connection.php:306
Stack trace:
#0 F:\DOANTOTNGHIEP\htdocs\DA2023\system\Database\MySQLi\Connection.php(306): mysqli->query('INSERT INTO `tb...', 0)
#1 F:\DOANTOTNGHIEP\htdocs\DA2023\system\Database\BaseConnection.php(692): CodeIgniter\Database\MySQLi\Connection->execute('INSERT INTO `tb...')
#2 F:\DOANTOTNGHIEP\htdocs\DA2023\system\Database\BaseConnection.php(606): CodeIgniter\Database\BaseConnection->simpleQuery('INSERT INTO `tb...')
#3 F:\DOANTOTNGHIEP\htdocs\DA2023\system\Database\BaseBuilder.php(1800): CodeIgniter\Database\BaseConnection->query('INSERT INTO `tb...', NULL, false)
#4 F:\DOANTOTNGHIEP\htdocs\DA2023\system\Database\BaseBuilder.php(2191): CodeIgniter\Database\BaseBuilder->batchExecute('_insertBatch', 100)
#5 F:\DOANTOTNGHIEP\htdocs\DA2023\system\Model.php(353): CodeIgniter\Database\BaseBuilder->insertBatch(Array, NULL, 100)
#6 F:\DOANTOTNGHIEP\htdocs\DA2023\system\BaseModel.php(880): CodeIgniter\Model->doInsertBatch(Array, NULL, 100, false)
#7 F:\DOANTOTNGHIEP\htdocs\DA2023\app\Services\ImportBillService.php(125): CodeIgniter\BaseModel->insertBatch(Array)
#8 F:\DOANTOTNGHIEP\htdocs\DA2023\app\Controllers\Admin\ImportBillController.php(33): App\Services\ImportBillService->addImportBillInfo(Object(CodeIgniter\HTTP\IncomingRequest))
#9 F:\DOANTOTNGHIEP\htdocs\DA2023\system\CodeIgniter.php(919): App\Controllers\Admin\ImportBillController->create()
#10 F:\DOANTOTNGHIEP\htdocs\DA2023\system\CodeIgniter.php(494): CodeIgniter\CodeIgniter->runController(Object(App\Controllers\Admin\ImportBillController))
#11 F:\DOANTOTNGHIEP\htdocs\DA2023\system\CodeIgniter.php(353): CodeIgniter\CodeIgniter->handleRequest(NULL, Object(Config\Cache), false)
#12 F:\DOANTOTNGHIEP\htdocs\DA2023\public\index.php(79): CodeIgniter\CodeIgniter->run()
#13 F:\DOANTOTNGHIEP\htdocs\DA2023\system\Commands\Server\rewrite.php(47): require_once('F:\\DOANTOTNGHIE...')
#14 {main}
CRITICAL - 2023-10-09 15:39:09 --> Cannot add or update a child row: a foreign key constraint fails (`nanahouse`.`tbl_ctphieunhap`, CONSTRAINT `maPN` FOREIGN KEY (`FK_iMaPN`) REFERENCES `tbl_phieunhap` (`PK_iPN`))
in SYSTEMPATH\Database\BaseConnection.php on line 646.
 1 SYSTEMPATH\Database\BaseBuilder.php(1800): CodeIgniter\Database\BaseConnection->query('INSERT INTO `tbl_ctphieunhap` (`FK_iMaPN`, `FK_iMaSP`, `iSoluong`)
VALUES (\'1\',\'1\',\'1\'), (\'1\',\'2\',\'2\')', null, false)
 2 SYSTEMPATH\Database\BaseBuilder.php(2191): CodeIgniter\Database\BaseBuilder->batchExecute('_insertBatch', 100)
 3 SYSTEMPATH\Model.php(353): CodeIgniter\Database\BaseBuilder->insertBatch([...], null, 100)
 4 SYSTEMPATH\BaseModel.php(880): CodeIgniter\Model->doInsertBatch([...], null, 100, false)
 5 APPPATH\Services\ImportBillService.php(125): CodeIgniter\BaseModel->insertBatch([...])
 6 APPPATH\Controllers\Admin\ImportBillController.php(33): App\Services\ImportBillService->addImportBillInfo(Object(CodeIgniter\HTTP\IncomingRequest))
 7 SYSTEMPATH\CodeIgniter.php(919): App\Controllers\Admin\ImportBillController->create()
 8 SYSTEMPATH\CodeIgniter.php(494): CodeIgniter\CodeIgniter->runController(Object(App\Controllers\Admin\ImportBillController))
 9 SYSTEMPATH\CodeIgniter.php(353): CodeIgniter\CodeIgniter->handleRequest(null, Object(Config\Cache), false)
10 FCPATH\index.php(79): CodeIgniter\CodeIgniter->run()
11 SYSTEMPATH\Commands\Server\rewrite.php(47): require_once('F:\\DOANTOTNGHIEP\\htdocs\\DA2023\\public\\index.php')
INFO - 2023-10-09 15:40:01 --> Session: Class initialized using 'CodeIgniter\Session\Handlers\FileHandler' driver.
INFO - 2023-10-09 15:42:41 --> Session: Class initialized using 'CodeIgniter\Session\Handlers\FileHandler' driver.
INFO - 2023-10-09 15:42:43 --> Session: Class initialized using 'CodeIgniter\Session\Handlers\FileHandler' driver.
INFO - 2023-10-09 15:42:53 --> Session: Class initialized using 'CodeIgniter\Session\Handlers\FileHandler' driver.
ERROR - 2023-10-09 15:43:08 --> mysqli_sql_exception: Cannot add or update a child row: a foreign key constraint fails (`nanahouse`.`tbl_ctphieunhap`, CONSTRAINT `maPN` FOREIGN KEY (`FK_iMaPN`) REFERENCES `tbl_phieunhap` (`PK_iPN`)) in F:\DOANTOTNGHIEP\htdocs\DA2023\system\Database\MySQLi\Connection.php:306
Stack trace:
#0 F:\DOANTOTNGHIEP\htdocs\DA2023\system\Database\MySQLi\Connection.php(306): mysqli->query('INSERT INTO `tb...', 0)
#1 F:\DOANTOTNGHIEP\htdocs\DA2023\system\Database\BaseConnection.php(692): CodeIgniter\Database\MySQLi\Connection->execute('INSERT INTO `tb...')
#2 F:\DOANTOTNGHIEP\htdocs\DA2023\system\Database\BaseConnection.php(606): CodeIgniter\Database\BaseConnection->simpleQuery('INSERT INTO `tb...')
#3 F:\DOANTOTNGHIEP\htdocs\DA2023\system\Database\BaseBuilder.php(1800): CodeIgniter\Database\BaseConnection->query('INSERT INTO `tb...', NULL, false)
#4 F:\DOANTOTNGHIEP\htdocs\DA2023\system\Database\BaseBuilder.php(2191): CodeIgniter\Database\BaseBuilder->batchExecute('_insertBatch', 100)
#5 F:\DOANTOTNGHIEP\htdocs\DA2023\system\Model.php(353): CodeIgniter\Database\BaseBuilder->insertBatch(Array, NULL, 100)
#6 F:\DOANTOTNGHIEP\htdocs\DA2023\system\BaseModel.php(880): CodeIgniter\Model->doInsertBatch(Array, NULL, 100, false)
#7 F:\DOANTOTNGHIEP\htdocs\DA2023\app\Services\ImportBillService.php(126): CodeIgniter\BaseModel->insertBatch(Array)
#8 F:\DOANTOTNGHIEP\htdocs\DA2023\app\Controllers\Admin\ImportBillController.php(33): App\Services\ImportBillService->addImportBillInfo(Object(CodeIgniter\HTTP\IncomingRequest))
#9 F:\DOANTOTNGHIEP\htdocs\DA2023\system\CodeIgniter.php(919): App\Controllers\Admin\ImportBillController->create()
#10 F:\DOANTOTNGHIEP\htdocs\DA2023\system\CodeIgniter.php(494): CodeIgniter\CodeIgniter->runController(Object(App\Controllers\Admin\ImportBillController))
#11 F:\DOANTOTNGHIEP\htdocs\DA2023\system\CodeIgniter.php(353): CodeIgniter\CodeIgniter->handleRequest(NULL, Object(Config\Cache), false)
#12 F:\DOANTOTNGHIEP\htdocs\DA2023\public\index.php(79): CodeIgniter\CodeIgniter->run()
#13 F:\DOANTOTNGHIEP\htdocs\DA2023\system\Commands\Server\rewrite.php(47): require_once('F:\\DOANTOTNGHIE...')
#14 {main}
CRITICAL - 2023-10-09 15:43:08 --> Cannot add or update a child row: a foreign key constraint fails (`nanahouse`.`tbl_ctphieunhap`, CONSTRAINT `maPN` FOREIGN KEY (`FK_iMaPN`) REFERENCES `tbl_phieunhap` (`PK_iPN`))
in SYSTEMPATH\Database\BaseConnection.php on line 646.
 1 SYSTEMPATH\Database\BaseBuilder.php(1800): CodeIgniter\Database\BaseConnection->query('INSERT INTO `tbl_ctphieunhap` (`FK_iMaPN`, `FK_iMaSP`, `iSoluong`)
VALUES (\'1\',\'1\',\'1\'), (\'1\',\'2\',\'2\')', null, false)
 2 SYSTEMPATH\Database\BaseBuilder.php(2191): CodeIgniter\Database\BaseBuilder->batchExecute('_insertBatch', 100)
 3 SYSTEMPATH\Model.php(353): CodeIgniter\Database\BaseBuilder->insertBatch([...], null, 100)
 4 SYSTEMPATH\BaseModel.php(880): CodeIgniter\Model->doInsertBatch([...], null, 100, false)
 5 APPPATH\Services\ImportBillService.php(126): CodeIgniter\BaseModel->insertBatch([...])
 6 APPPATH\Controllers\Admin\ImportBillController.php(33): App\Services\ImportBillService->addImportBillInfo(Object(CodeIgniter\HTTP\IncomingRequest))
 7 SYSTEMPATH\CodeIgniter.php(919): App\Controllers\Admin\ImportBillController->create()
 8 SYSTEMPATH\CodeIgniter.php(494): CodeIgniter\CodeIgniter->runController(Object(App\Controllers\Admin\ImportBillController))
 9 SYSTEMPATH\CodeIgniter.php(353): CodeIgniter\CodeIgniter->handleRequest(null, Object(Config\Cache), false)
10 FCPATH\index.php(79): CodeIgniter\CodeIgniter->run()
11 SYSTEMPATH\Commands\Server\rewrite.php(47): require_once('F:\\DOANTOTNGHIEP\\htdocs\\DA2023\\public\\index.php')
INFO - 2023-10-09 15:43:20 --> Session: Class initialized using 'CodeIgniter\Session\Handlers\FileHandler' driver.
INFO - 2023-10-09 15:43:23 --> Session: Class initialized using 'CodeIgniter\Session\Handlers\FileHandler' driver.
INFO - 2023-10-09 15:51:08 --> Session: Class initialized using 'CodeIgniter\Session\Handlers\FileHandler' driver.
INFO - 2023-10-09 15:51:10 --> Session: Class initialized using 'CodeIgniter\Session\Handlers\FileHandler' driver.
INFO - 2023-10-09 15:51:18 --> Session: Class initialized using 'CodeIgniter\Session\Handlers\FileHandler' driver.
INFO - 2023-10-09 15:51:18 --> Session: Class initialized using 'CodeIgniter\Session\Handlers\FileHandler' driver.
INFO - 2023-10-09 15:51:26 --> Session: Class initialized using 'CodeIgniter\Session\Handlers\FileHandler' driver.
INFO - 2023-10-09 15:51:46 --> Session: Class initialized using 'CodeIgniter\Session\Handlers\FileHandler' driver.
INFO - 2023-10-09 15:51:52 --> Session: Class initialized using 'CodeIgniter\Session\Handlers\FileHandler' driver.
INFO - 2023-10-09 15:51:52 --> Session: Class initialized using 'CodeIgniter\Session\Handlers\FileHandler' driver.
INFO - 2023-10-09 15:52:33 --> Session: Class initialized using 'CodeIgniter\Session\Handlers\FileHandler' driver.
INFO - 2023-10-09 15:52:37 --> Session: Class initialized using 'CodeIgniter\Session\Handlers\FileHandler' driver.
INFO - 2023-10-09 15:52:37 --> Session: Class initialized using 'CodeIgniter\Session\Handlers\FileHandler' driver.
INFO - 2023-10-09 15:52:40 --> Session: Class initialized using 'CodeIgniter\Session\Handlers\FileHandler' driver.
INFO - 2023-10-09 15:52:47 --> Session: Class initialized using 'CodeIgniter\Session\Handlers\FileHandler' driver.
INFO - 2023-10-09 15:52:52 --> Session: Class initialized using 'CodeIgniter\Session\Handlers\FileHandler' driver.
INFO - 2023-10-09 15:52:52 --> Session: Class initialized using 'CodeIgniter\Session\Handlers\FileHandler' driver.
INFO - 2023-10-09 15:52:59 --> Session: Class initialized using 'CodeIgniter\Session\Handlers\FileHandler' driver.
INFO - 2023-10-09 15:55:22 --> Session: Class initialized using 'CodeIgniter\Session\Handlers\FileHandler' driver.
INFO - 2023-10-09 15:56:46 --> Session: Class initialized using 'CodeIgniter\Session\Handlers\FileHandler' driver.
INFO - 2023-10-09 15:56:49 --> Session: Class initialized using 'CodeIgniter\Session\Handlers\FileHandler' driver.
INFO - 2023-10-09 15:57:12 --> Session: Class initialized using 'CodeIgniter\Session\Handlers\FileHandler' driver.
INFO - 2023-10-09 15:57:18 --> Session: Class initialized using 'CodeIgniter\Session\Handlers\FileHandler' driver.
INFO - 2023-10-09 15:57:18 --> Session: Class initialized using 'CodeIgniter\Session\Handlers\FileHandler' driver.
