INFO - 2023-11-08 13:16:02 --> Session: Class initialized using 'CodeIgniter\Session\Handlers\FileHandler' driver.
INFO - 2023-11-08 13:16:12 --> Session: Class initialized using 'CodeIgniter\Session\Handlers\FileHandler' driver.
INFO - 2023-11-08 13:16:15 --> Session: Class initialized using 'CodeIgniter\Session\Handlers\FileHandler' driver.
INFO - 2023-11-08 13:16:19 --> Session: Class initialized using 'CodeIgniter\Session\Handlers\FileHandler' driver.
INFO - 2023-11-08 13:16:24 --> Session: Class initialized using 'CodeIgniter\Session\Handlers\FileHandler' driver.
INFO - 2023-11-08 13:16:29 --> Session: Class initialized using 'CodeIgniter\Session\Handlers\FileHandler' driver.
CRITICAL - 2023-11-08 13:16:29 --> Undefined array key "ChiTietKhuyenMai"
in APPPATH\Views\Admin\Pages\promotion.php on line 244.
 1 APPPATH\Views\Admin\Pages\promotion.php(244): CodeIgniter\Debug\Exceptions->errorHandler(2, 'Undefined array key "ChiTietKhuyenMai"', 'F:\\DOANTOTNGHIEP\\htdocs\\DA2023\\app\\Views\\Admin\\Pages\\promotion.php', 244)
 2 SYSTEMPATH\View\View.php(226): include('F:\\DOANTOTNGHIEP\\htdocs\\DA2023\\app\\Views\\Admin\\Pages\\promotion.php')
 3 SYSTEMPATH\View\View.php(229): CodeIgniter\View\View->CodeIgniter\View\{closure}()
 4 SYSTEMPATH\Common.php(1188): CodeIgniter\View\View->render('Admin/Pages/promotion', [], true)
 5 APPPATH\Controllers\BaseController.php(64): view('Admin/Pages/promotion', [...])
 6 APPPATH\Controllers\Admin\PromotionController.php(31): App\Controllers\BaseController->loadMasterLayout([...], 'Danh sách khuyến mãi', 'Admin/Pages/promotion', [...])
 7 SYSTEMPATH\CodeIgniter.php(919): App\Controllers\Admin\PromotionController->list()
 8 SYSTEMPATH\CodeIgniter.php(494): CodeIgniter\CodeIgniter->runController(Object(App\Controllers\Admin\PromotionController))
 9 SYSTEMPATH\CodeIgniter.php(353): CodeIgniter\CodeIgniter->handleRequest(null, Object(Config\Cache), false)
10 FCPATH\index.php(79): CodeIgniter\CodeIgniter->run()
11 SYSTEMPATH\Commands\Server\rewrite.php(47): require_once('F:\\DOANTOTNGHIEP\\htdocs\\DA2023\\public\\index.php')
INFO - 2023-11-08 13:29:49 --> Session: Class initialized using 'CodeIgniter\Session\Handlers\FileHandler' driver.
CRITICAL - 2023-11-08 13:29:49 --> Undefined variable $pro
in APPPATH\Views\Admin\Pages\promotion.php on line 232.
 1 APPPATH\Views\Admin\Pages\promotion.php(232): CodeIgniter\Debug\Exceptions->errorHandler(2, 'Undefined variable $pro', 'F:\\DOANTOTNGHIEP\\htdocs\\DA2023\\app\\Views\\Admin\\Pages\\promotion.php', 232)
 2 SYSTEMPATH\View\View.php(226): include('F:\\DOANTOTNGHIEP\\htdocs\\DA2023\\app\\Views\\Admin\\Pages\\promotion.php')
 3 SYSTEMPATH\View\View.php(229): CodeIgniter\View\View->CodeIgniter\View\{closure}()
 4 SYSTEMPATH\Common.php(1188): CodeIgniter\View\View->render('Admin/Pages/promotion', [], true)
 5 APPPATH\Controllers\BaseController.php(64): view('Admin/Pages/promotion', [...])
 6 APPPATH\Controllers\Admin\PromotionController.php(31): App\Controllers\BaseController->loadMasterLayout([...], 'Danh sách khuyến mãi', 'Admin/Pages/promotion', [...])
 7 SYSTEMPATH\CodeIgniter.php(919): App\Controllers\Admin\PromotionController->list()
 8 SYSTEMPATH\CodeIgniter.php(494): CodeIgniter\CodeIgniter->runController(Object(App\Controllers\Admin\PromotionController))
 9 SYSTEMPATH\CodeIgniter.php(353): CodeIgniter\CodeIgniter->handleRequest(null, Object(Config\Cache), false)
10 FCPATH\index.php(79): CodeIgniter\CodeIgniter->run()
11 SYSTEMPATH\Commands\Server\rewrite.php(47): require_once('F:\\DOANTOTNGHIEP\\htdocs\\DA2023\\public\\index.php')
INFO - 2023-11-08 13:31:40 --> Session: Class initialized using 'CodeIgniter\Session\Handlers\FileHandler' driver.
CRITICAL - 2023-11-08 13:31:40 --> Undefined variable $pro
in APPPATH\Views\Admin\Pages\promotion.php on line 232.
 1 APPPATH\Views\Admin\Pages\promotion.php(232): CodeIgniter\Debug\Exceptions->errorHandler(2, 'Undefined variable $pro', 'F:\\DOANTOTNGHIEP\\htdocs\\DA2023\\app\\Views\\Admin\\Pages\\promotion.php', 232)
 2 SYSTEMPATH\View\View.php(226): include('F:\\DOANTOTNGHIEP\\htdocs\\DA2023\\app\\Views\\Admin\\Pages\\promotion.php')
 3 SYSTEMPATH\View\View.php(229): CodeIgniter\View\View->CodeIgniter\View\{closure}()
 4 SYSTEMPATH\Common.php(1188): CodeIgniter\View\View->render('Admin/Pages/promotion', [], true)
 5 APPPATH\Controllers\BaseController.php(64): view('Admin/Pages/promotion', [...])
 6 APPPATH\Controllers\Admin\PromotionController.php(31): App\Controllers\BaseController->loadMasterLayout([...], 'Danh sách khuyến mãi', 'Admin/Pages/promotion', [...])
 7 SYSTEMPATH\CodeIgniter.php(919): App\Controllers\Admin\PromotionController->list()
 8 SYSTEMPATH\CodeIgniter.php(494): CodeIgniter\CodeIgniter->runController(Object(App\Controllers\Admin\PromotionController))
 9 SYSTEMPATH\CodeIgniter.php(353): CodeIgniter\CodeIgniter->handleRequest(null, Object(Config\Cache), false)
10 FCPATH\index.php(79): CodeIgniter\CodeIgniter->run()
11 SYSTEMPATH\Commands\Server\rewrite.php(47): require_once('F:\\DOANTOTNGHIEP\\htdocs\\DA2023\\public\\index.php')
INFO - 2023-11-08 15:08:22 --> Session: Class initialized using 'CodeIgniter\Session\Handlers\FileHandler' driver.
CRITICAL - 2023-11-08 15:08:23 --> Undefined variable $pro
in APPPATH\Views\Admin\Pages\promotion.php on line 232.
 1 APPPATH\Views\Admin\Pages\promotion.php(232): CodeIgniter\Debug\Exceptions->errorHandler(2, 'Undefined variable $pro', 'F:\\DOANTOTNGHIEP\\htdocs\\DA2023\\app\\Views\\Admin\\Pages\\promotion.php', 232)
 2 SYSTEMPATH\View\View.php(226): include('F:\\DOANTOTNGHIEP\\htdocs\\DA2023\\app\\Views\\Admin\\Pages\\promotion.php')
 3 SYSTEMPATH\View\View.php(229): CodeIgniter\View\View->CodeIgniter\View\{closure}()
 4 SYSTEMPATH\Common.php(1188): CodeIgniter\View\View->render('Admin/Pages/promotion', [], true)
 5 APPPATH\Controllers\BaseController.php(64): view('Admin/Pages/promotion', [...])
 6 APPPATH\Controllers\Admin\PromotionController.php(31): App\Controllers\BaseController->loadMasterLayout([...], 'Danh sách khuyến mãi', 'Admin/Pages/promotion', [...])
 7 SYSTEMPATH\CodeIgniter.php(919): App\Controllers\Admin\PromotionController->list()
 8 SYSTEMPATH\CodeIgniter.php(494): CodeIgniter\CodeIgniter->runController(Object(App\Controllers\Admin\PromotionController))
 9 SYSTEMPATH\CodeIgniter.php(353): CodeIgniter\CodeIgniter->handleRequest(null, Object(Config\Cache), false)
10 FCPATH\index.php(79): CodeIgniter\CodeIgniter->run()
11 SYSTEMPATH\Commands\Server\rewrite.php(47): require_once('F:\\DOANTOTNGHIEP\\htdocs\\DA2023\\public\\index.php')
INFO - 2023-11-08 15:08:49 --> Session: Class initialized using 'CodeIgniter\Session\Handlers\FileHandler' driver.
INFO - 2023-11-08 15:14:48 --> Session: Class initialized using 'CodeIgniter\Session\Handlers\FileHandler' driver.
INFO - 2023-11-08 15:15:06 --> Session: Class initialized using 'CodeIgniter\Session\Handlers\FileHandler' driver.
INFO - 2023-11-08 15:16:22 --> Session: Class initialized using 'CodeIgniter\Session\Handlers\FileHandler' driver.
INFO - 2023-11-08 15:16:23 --> Session: Class initialized using 'CodeIgniter\Session\Handlers\FileHandler' driver.
INFO - 2023-11-08 15:16:44 --> Session: Class initialized using 'CodeIgniter\Session\Handlers\FileHandler' driver.
INFO - 2023-11-08 15:22:25 --> Session: Class initialized using 'CodeIgniter\Session\Handlers\FileHandler' driver.
CRITICAL - 2023-11-08 15:22:25 --> Too few arguments to function App\Services\PromotionService::getPromotionById(), 0 passed in F:\DOANTOTNGHIEP\htdocs\DA2023\app\Controllers\Admin\UpdatePromotionController.php on line 26 and exactly 1 expected
in APPPATH\Services\PromotionService.php on line 37.
 1 APPPATH\Controllers\Admin\UpdatePromotionController.php(26): App\Services\PromotionService->getPromotionById()
 2 SYSTEMPATH\CodeIgniter.php(919): App\Controllers\Admin\UpdatePromotionController->list('KM_16984198645965')
 3 SYSTEMPATH\CodeIgniter.php(494): CodeIgniter\CodeIgniter->runController(Object(App\Controllers\Admin\UpdatePromotionController))
 4 SYSTEMPATH\CodeIgniter.php(353): CodeIgniter\CodeIgniter->handleRequest(null, Object(Config\Cache), false)
 5 FCPATH\index.php(79): CodeIgniter\CodeIgniter->run()
 6 SYSTEMPATH\Commands\Server\rewrite.php(47): require_once('F:\\DOANTOTNGHIEP\\htdocs\\DA2023\\public\\index.php')
INFO - 2023-11-08 15:22:58 --> Session: Class initialized using 'CodeIgniter\Session\Handlers\FileHandler' driver.
INFO - 2023-11-08 15:27:14 --> Session: Class initialized using 'CodeIgniter\Session\Handlers\FileHandler' driver.
ERROR - 2023-11-08 15:27:14 --> mysqli_sql_exception: Unknown column 'tbl_km_sp.FK_iMaSP' in 'on clause' in F:\DOANTOTNGHIEP\htdocs\DA2023\system\Database\MySQLi\Connection.php:306
Stack trace:
#0 F:\DOANTOTNGHIEP\htdocs\DA2023\system\Database\MySQLi\Connection.php(306): mysqli->query('SELECT *\nFROM `...', 0)
#1 F:\DOANTOTNGHIEP\htdocs\DA2023\system\Database\BaseConnection.php(692): CodeIgniter\Database\MySQLi\Connection->execute('SELECT *\nFROM `...')
#2 F:\DOANTOTNGHIEP\htdocs\DA2023\system\Database\BaseConnection.php(606): CodeIgniter\Database\BaseConnection->simpleQuery('SELECT *\nFROM `...')
#3 F:\DOANTOTNGHIEP\htdocs\DA2023\system\Database\BaseBuilder.php(1615): CodeIgniter\Database\BaseConnection->query('SELECT *\nFROM `...', Array, false)
#4 F:\DOANTOTNGHIEP\htdocs\DA2023\system\Model.php(237): CodeIgniter\Database\BaseBuilder->get()
#5 F:\DOANTOTNGHIEP\htdocs\DA2023\system\BaseModel.php(624): CodeIgniter\Model->doFindAll(0, 0)
#6 F:\DOANTOTNGHIEP\htdocs\DA2023\app\Services\PromotionService.php(53): CodeIgniter\BaseModel->findAll()
#7 F:\DOANTOTNGHIEP\htdocs\DA2023\app\Controllers\Admin\UpdatePromotionController.php(27): App\Services\PromotionService->getAllPromotionDetail('KM_169841986459...')
#8 F:\DOANTOTNGHIEP\htdocs\DA2023\system\CodeIgniter.php(919): App\Controllers\Admin\UpdatePromotionController->list('KM_169841986459...')
#9 F:\DOANTOTNGHIEP\htdocs\DA2023\system\CodeIgniter.php(494): CodeIgniter\CodeIgniter->runController(Object(App\Controllers\Admin\UpdatePromotionController))
#10 F:\DOANTOTNGHIEP\htdocs\DA2023\system\CodeIgniter.php(353): CodeIgniter\CodeIgniter->handleRequest(NULL, Object(Config\Cache), false)
#11 F:\DOANTOTNGHIEP\htdocs\DA2023\public\index.php(79): CodeIgniter\CodeIgniter->run()
#12 F:\DOANTOTNGHIEP\htdocs\DA2023\system\Commands\Server\rewrite.php(47): require_once('F:\\DOANTOTNGHIE...')
#13 {main}
CRITICAL - 2023-11-08 15:27:14 --> Unknown column 'tbl_km_sp.FK_iMaSP' in 'on clause'
in SYSTEMPATH\Database\BaseConnection.php on line 646.
 1 SYSTEMPATH\Database\BaseBuilder.php(1615): CodeIgniter\Database\BaseConnection->query('SELECT *
FROM `tbl_sp_km`
JOIN `tbl_sanpham` ON `tbl_sanpham`.`PK_iMaSP` = `tbl_km_sp`.`FK_iMaSP`
WHERE `FK_iMaKM` = :FK_iMaKM:', [...], false)
 2 SYSTEMPATH\Model.php(237): CodeIgniter\Database\BaseBuilder->get()
 3 SYSTEMPATH\BaseModel.php(624): CodeIgniter\Model->doFindAll(0, 0)
 4 APPPATH\Services\PromotionService.php(53): CodeIgniter\BaseModel->findAll()
 5 APPPATH\Controllers\Admin\UpdatePromotionController.php(27): App\Services\PromotionService->getAllPromotionDetail('KM_16984198645965')
 6 SYSTEMPATH\CodeIgniter.php(919): App\Controllers\Admin\UpdatePromotionController->list('KM_16984198645965')
 7 SYSTEMPATH\CodeIgniter.php(494): CodeIgniter\CodeIgniter->runController(Object(App\Controllers\Admin\UpdatePromotionController))
 8 SYSTEMPATH\CodeIgniter.php(353): CodeIgniter\CodeIgniter->handleRequest(null, Object(Config\Cache), false)
 9 FCPATH\index.php(79): CodeIgniter\CodeIgniter->run()
10 SYSTEMPATH\Commands\Server\rewrite.php(47): require_once('F:\\DOANTOTNGHIEP\\htdocs\\DA2023\\public\\index.php')
INFO - 2023-11-08 15:27:14 --> Session: Class initialized using 'CodeIgniter\Session\Handlers\FileHandler' driver.
ERROR - 2023-11-08 15:27:14 --> mysqli_sql_exception: Unknown column 'tbl_km_sp.FK_iMaSP' in 'on clause' in F:\DOANTOTNGHIEP\htdocs\DA2023\system\Database\MySQLi\Connection.php:306
Stack trace:
#0 F:\DOANTOTNGHIEP\htdocs\DA2023\system\Database\MySQLi\Connection.php(306): mysqli->query('SELECT *\nFROM `...', 0)
#1 F:\DOANTOTNGHIEP\htdocs\DA2023\system\Database\BaseConnection.php(692): CodeIgniter\Database\MySQLi\Connection->execute('SELECT *\nFROM `...')
#2 F:\DOANTOTNGHIEP\htdocs\DA2023\system\Database\BaseConnection.php(606): CodeIgniter\Database\BaseConnection->simpleQuery('SELECT *\nFROM `...')
#3 F:\DOANTOTNGHIEP\htdocs\DA2023\system\Database\BaseBuilder.php(1615): CodeIgniter\Database\BaseConnection->query('SELECT *\nFROM `...', Array, false)
#4 F:\DOANTOTNGHIEP\htdocs\DA2023\system\Model.php(237): CodeIgniter\Database\BaseBuilder->get()
#5 F:\DOANTOTNGHIEP\htdocs\DA2023\system\BaseModel.php(624): CodeIgniter\Model->doFindAll(0, 0)
#6 F:\DOANTOTNGHIEP\htdocs\DA2023\app\Services\PromotionService.php(53): CodeIgniter\BaseModel->findAll()
#7 F:\DOANTOTNGHIEP\htdocs\DA2023\app\Controllers\Admin\UpdatePromotionController.php(27): App\Services\PromotionService->getAllPromotionDetail('KM_169841986459...')
#8 F:\DOANTOTNGHIEP\htdocs\DA2023\system\CodeIgniter.php(919): App\Controllers\Admin\UpdatePromotionController->list('KM_169841986459...')
#9 F:\DOANTOTNGHIEP\htdocs\DA2023\system\CodeIgniter.php(494): CodeIgniter\CodeIgniter->runController(Object(App\Controllers\Admin\UpdatePromotionController))
#10 F:\DOANTOTNGHIEP\htdocs\DA2023\system\CodeIgniter.php(353): CodeIgniter\CodeIgniter->handleRequest(NULL, Object(Config\Cache), false)
#11 F:\DOANTOTNGHIEP\htdocs\DA2023\public\index.php(79): CodeIgniter\CodeIgniter->run()
#12 F:\DOANTOTNGHIEP\htdocs\DA2023\system\Commands\Server\rewrite.php(47): require_once('F:\\DOANTOTNGHIE...')
#13 {main}
CRITICAL - 2023-11-08 15:27:14 --> Unknown column 'tbl_km_sp.FK_iMaSP' in 'on clause'
in SYSTEMPATH\Database\BaseConnection.php on line 646.
 1 SYSTEMPATH\Database\BaseBuilder.php(1615): CodeIgniter\Database\BaseConnection->query('SELECT *
FROM `tbl_sp_km`
JOIN `tbl_sanpham` ON `tbl_sanpham`.`PK_iMaSP` = `tbl_km_sp`.`FK_iMaSP`
WHERE `FK_iMaKM` = :FK_iMaKM:', [...], false)
 2 SYSTEMPATH\Model.php(237): CodeIgniter\Database\BaseBuilder->get()
 3 SYSTEMPATH\BaseModel.php(624): CodeIgniter\Model->doFindAll(0, 0)
 4 APPPATH\Services\PromotionService.php(53): CodeIgniter\BaseModel->findAll()
 5 APPPATH\Controllers\Admin\UpdatePromotionController.php(27): App\Services\PromotionService->getAllPromotionDetail('KM_16984198645965')
 6 SYSTEMPATH\CodeIgniter.php(919): App\Controllers\Admin\UpdatePromotionController->list('KM_16984198645965')
 7 SYSTEMPATH\CodeIgniter.php(494): CodeIgniter\CodeIgniter->runController(Object(App\Controllers\Admin\UpdatePromotionController))
 8 SYSTEMPATH\CodeIgniter.php(353): CodeIgniter\CodeIgniter->handleRequest(null, Object(Config\Cache), false)
 9 FCPATH\index.php(79): CodeIgniter\CodeIgniter->run()
10 SYSTEMPATH\Commands\Server\rewrite.php(47): require_once('F:\\DOANTOTNGHIEP\\htdocs\\DA2023\\public\\index.php')
INFO - 2023-11-08 15:27:47 --> Session: Class initialized using 'CodeIgniter\Session\Handlers\FileHandler' driver.
INFO - 2023-11-08 15:32:26 --> Session: Class initialized using 'CodeIgniter\Session\Handlers\FileHandler' driver.
INFO - 2023-11-08 15:32:44 --> Session: Class initialized using 'CodeIgniter\Session\Handlers\FileHandler' driver.
INFO - 2023-11-08 15:33:52 --> Session: Class initialized using 'CodeIgniter\Session\Handlers\FileHandler' driver.
INFO - 2023-11-08 15:38:31 --> Session: Class initialized using 'CodeIgniter\Session\Handlers\FileHandler' driver.
INFO - 2023-11-08 15:38:59 --> Session: Class initialized using 'CodeIgniter\Session\Handlers\FileHandler' driver.
INFO - 2023-11-08 15:39:11 --> Session: Class initialized using 'CodeIgniter\Session\Handlers\FileHandler' driver.
INFO - 2023-11-08 15:39:33 --> Session: Class initialized using 'CodeIgniter\Session\Handlers\FileHandler' driver.
INFO - 2023-11-08 16:06:25 --> Session: Class initialized using 'CodeIgniter\Session\Handlers\FileHandler' driver.
INFO - 2023-11-08 16:06:28 --> Session: Class initialized using 'CodeIgniter\Session\Handlers\FileHandler' driver.
INFO - 2023-11-08 16:06:35 --> Session: Class initialized using 'CodeIgniter\Session\Handlers\FileHandler' driver.
INFO - 2023-11-08 16:06:35 --> Session: Class initialized using 'CodeIgniter\Session\Handlers\FileHandler' driver.
INFO - 2023-11-08 16:06:40 --> Session: Class initialized using 'CodeIgniter\Session\Handlers\FileHandler' driver.
INFO - 2023-11-08 16:06:42 --> Session: Class initialized using 'CodeIgniter\Session\Handlers\FileHandler' driver.
INFO - 2023-11-08 16:07:52 --> Session: Class initialized using 'CodeIgniter\Session\Handlers\FileHandler' driver.
INFO - 2023-11-08 16:08:46 --> Session: Class initialized using 'CodeIgniter\Session\Handlers\FileHandler' driver.
INFO - 2023-11-08 16:10:17 --> Session: Class initialized using 'CodeIgniter\Session\Handlers\FileHandler' driver.
INFO - 2023-11-08 16:10:29 --> Session: Class initialized using 'CodeIgniter\Session\Handlers\FileHandler' driver.
INFO - 2023-11-08 16:10:31 --> Session: Class initialized using 'CodeIgniter\Session\Handlers\FileHandler' driver.
INFO - 2023-11-08 16:10:40 --> Session: Class initialized using 'CodeIgniter\Session\Handlers\FileHandler' driver.
INFO - 2023-11-08 16:10:40 --> Session: Class initialized using 'CodeIgniter\Session\Handlers\FileHandler' driver.
INFO - 2023-11-08 16:10:42 --> Session: Class initialized using 'CodeIgniter\Session\Handlers\FileHandler' driver.
INFO - 2023-11-08 16:10:46 --> Session: Class initialized using 'CodeIgniter\Session\Handlers\FileHandler' driver.
INFO - 2023-11-08 16:11:48 --> Session: Class initialized using 'CodeIgniter\Session\Handlers\FileHandler' driver.
INFO - 2023-11-08 16:13:11 --> Session: Class initialized using 'CodeIgniter\Session\Handlers\FileHandler' driver.
INFO - 2023-11-08 16:13:33 --> Session: Class initialized using 'CodeIgniter\Session\Handlers\FileHandler' driver.
INFO - 2023-11-08 16:22:32 --> Session: Class initialized using 'CodeIgniter\Session\Handlers\FileHandler' driver.
INFO - 2023-11-08 16:22:59 --> Session: Class initialized using 'CodeIgniter\Session\Handlers\FileHandler' driver.
INFO - 2023-11-08 16:23:01 --> Session: Class initialized using 'CodeIgniter\Session\Handlers\FileHandler' driver.
INFO - 2023-11-08 16:23:13 --> Session: Class initialized using 'CodeIgniter\Session\Handlers\FileHandler' driver.
INFO - 2023-11-08 16:23:20 --> Session: Class initialized using 'CodeIgniter\Session\Handlers\FileHandler' driver.
INFO - 2023-11-08 16:23:20 --> Session: Class initialized using 'CodeIgniter\Session\Handlers\FileHandler' driver.
INFO - 2023-11-08 16:23:22 --> Session: Class initialized using 'CodeIgniter\Session\Handlers\FileHandler' driver.
INFO - 2023-11-08 16:23:26 --> Session: Class initialized using 'CodeIgniter\Session\Handlers\FileHandler' driver.
INFO - 2023-11-08 16:24:54 --> Session: Class initialized using 'CodeIgniter\Session\Handlers\FileHandler' driver.
INFO - 2023-11-08 16:27:04 --> Session: Class initialized using 'CodeIgniter\Session\Handlers\FileHandler' driver.
CRITICAL - 2023-11-08 16:27:40 --> Call to undefined method CodeIgniter\Database\MySQLi\Result::findAll()
in APPPATH\Services\PromotionService.php on line 138.
 1 APPPATH\Controllers\Admin\UpdatePromotionController.php(38): App\Services\PromotionService->updatePromotionInfo(Object(CodeIgniter\HTTP\IncomingRequest), 'KM_16984198645965')
 2 SYSTEMPATH\CodeIgniter.php(919): App\Controllers\Admin\UpdatePromotionController->update('KM_16984198645965')
 3 SYSTEMPATH\CodeIgniter.php(494): CodeIgniter\CodeIgniter->runController(Object(App\Controllers\Admin\UpdatePromotionController))
 4 SYSTEMPATH\CodeIgniter.php(353): CodeIgniter\CodeIgniter->handleRequest(null, Object(Config\Cache), false)
 5 FCPATH\index.php(79): CodeIgniter\CodeIgniter->run()
 6 SYSTEMPATH\Commands\Server\rewrite.php(47): require_once('F:\\DOANTOTNGHIEP\\htdocs\\DA2023\\public\\index.php')
CRITICAL - 2023-11-08 16:27:55 --> Undefined property: CodeIgniter\Database\MySQLi\Result::$FK_iMaKM
in APPPATH\Services\PromotionService.php on line 138.
 1 APPPATH\Services\PromotionService.php(138): CodeIgniter\Debug\Exceptions->errorHandler(2, 'Undefined property: CodeIgniter\\Database\\MySQLi\\Result::$FK_iMaKM', 'F:\\DOANTOTNGHIEP\\htdocs\\DA2023\\app\\Services\\PromotionService.php', 138)
 2 APPPATH\Controllers\Admin\UpdatePromotionController.php(38): App\Services\PromotionService->updatePromotionInfo(Object(CodeIgniter\HTTP\IncomingRequest), 'KM_16984198645965')
 3 SYSTEMPATH\CodeIgniter.php(919): App\Controllers\Admin\UpdatePromotionController->update('KM_16984198645965')
 4 SYSTEMPATH\CodeIgniter.php(494): CodeIgniter\CodeIgniter->runController(Object(App\Controllers\Admin\UpdatePromotionController))
 5 SYSTEMPATH\CodeIgniter.php(353): CodeIgniter\CodeIgniter->handleRequest(null, Object(Config\Cache), false)
 6 FCPATH\index.php(79): CodeIgniter\CodeIgniter->run()
 7 SYSTEMPATH\Commands\Server\rewrite.php(47): require_once('F:\\DOANTOTNGHIEP\\htdocs\\DA2023\\public\\index.php')
CRITICAL - 2023-11-08 16:29:07 --> Call to undefined method CodeIgniter\Database\MySQLi\Result::getAll()
in APPPATH\Services\PromotionService.php on line 138.
 1 APPPATH\Controllers\Admin\UpdatePromotionController.php(38): App\Services\PromotionService->updatePromotionInfo(Object(CodeIgniter\HTTP\IncomingRequest), 'KM_16984198645965')
 2 SYSTEMPATH\CodeIgniter.php(919): App\Controllers\Admin\UpdatePromotionController->update('KM_16984198645965')
 3 SYSTEMPATH\CodeIgniter.php(494): CodeIgniter\CodeIgniter->runController(Object(App\Controllers\Admin\UpdatePromotionController))
 4 SYSTEMPATH\CodeIgniter.php(353): CodeIgniter\CodeIgniter->handleRequest(null, Object(Config\Cache), false)
 5 FCPATH\index.php(79): CodeIgniter\CodeIgniter->run()
 6 SYSTEMPATH\Commands\Server\rewrite.php(47): require_once('F:\\DOANTOTNGHIEP\\htdocs\\DA2023\\public\\index.php')
CRITICAL - 2023-11-08 16:29:16 --> Undefined property: CodeIgniter\Database\MySQLi\Result::$FK_iMaKM
in APPPATH\Services\PromotionService.php on line 138.
 1 APPPATH\Services\PromotionService.php(138): CodeIgniter\Debug\Exceptions->errorHandler(2, 'Undefined property: CodeIgniter\\Database\\MySQLi\\Result::$FK_iMaKM', 'F:\\DOANTOTNGHIEP\\htdocs\\DA2023\\app\\Services\\PromotionService.php', 138)
 2 APPPATH\Controllers\Admin\UpdatePromotionController.php(38): App\Services\PromotionService->updatePromotionInfo(Object(CodeIgniter\HTTP\IncomingRequest), 'KM_16984198645965')
 3 SYSTEMPATH\CodeIgniter.php(919): App\Controllers\Admin\UpdatePromotionController->update('KM_16984198645965')
 4 SYSTEMPATH\CodeIgniter.php(494): CodeIgniter\CodeIgniter->runController(Object(App\Controllers\Admin\UpdatePromotionController))
 5 SYSTEMPATH\CodeIgniter.php(353): CodeIgniter\CodeIgniter->handleRequest(null, Object(Config\Cache), false)
 6 FCPATH\index.php(79): CodeIgniter\CodeIgniter->run()
 7 SYSTEMPATH\Commands\Server\rewrite.php(47): require_once('F:\\DOANTOTNGHIEP\\htdocs\\DA2023\\public\\index.php')
INFO - 2023-11-08 16:39:07 --> Session: Class initialized using 'CodeIgniter\Session\Handlers\FileHandler' driver.
INFO - 2023-11-08 16:39:07 --> Session: Class initialized using 'CodeIgniter\Session\Handlers\FileHandler' driver.
INFO - 2023-11-08 16:39:10 --> Session: Class initialized using 'CodeIgniter\Session\Handlers\FileHandler' driver.
INFO - 2023-11-08 16:39:26 --> Session: Class initialized using 'CodeIgniter\Session\Handlers\FileHandler' driver.
INFO - 2023-11-08 16:39:37 --> Session: Class initialized using 'CodeIgniter\Session\Handlers\FileHandler' driver.
INFO - 2023-11-08 16:39:37 --> Session: Class initialized using 'CodeIgniter\Session\Handlers\FileHandler' driver.
INFO - 2023-11-08 16:39:39 --> Session: Class initialized using 'CodeIgniter\Session\Handlers\FileHandler' driver.
INFO - 2023-11-08 16:42:37 --> Session: Class initialized using 'CodeIgniter\Session\Handlers\FileHandler' driver.
INFO - 2023-11-08 16:42:48 --> Session: Class initialized using 'CodeIgniter\Session\Handlers\FileHandler' driver.
INFO - 2023-11-08 16:42:51 --> Session: Class initialized using 'CodeIgniter\Session\Handlers\FileHandler' driver.
INFO - 2023-11-08 16:42:52 --> Session: Class initialized using 'CodeIgniter\Session\Handlers\FileHandler' driver.
INFO - 2023-11-08 16:42:54 --> Session: Class initialized using 'CodeIgniter\Session\Handlers\FileHandler' driver.
INFO - 2023-11-08 16:55:33 --> Session: Class initialized using 'CodeIgniter\Session\Handlers\FileHandler' driver.
INFO - 2023-11-08 16:55:36 --> Session: Class initialized using 'CodeIgniter\Session\Handlers\FileHandler' driver.
INFO - 2023-11-08 16:55:36 --> Session: Class initialized using 'CodeIgniter\Session\Handlers\FileHandler' driver.
INFO - 2023-11-08 16:55:38 --> Session: Class initialized using 'CodeIgniter\Session\Handlers\FileHandler' driver.
INFO - 2023-11-08 16:55:40 --> Session: Class initialized using 'CodeIgniter\Session\Handlers\FileHandler' driver.
INFO - 2023-11-08 16:56:09 --> Session: Class initialized using 'CodeIgniter\Session\Handlers\FileHandler' driver.
INFO - 2023-11-08 16:56:32 --> Session: Class initialized using 'CodeIgniter\Session\Handlers\FileHandler' driver.
INFO - 2023-11-08 16:56:38 --> Session: Class initialized using 'CodeIgniter\Session\Handlers\FileHandler' driver.
INFO - 2023-11-08 16:56:38 --> Session: Class initialized using 'CodeIgniter\Session\Handlers\FileHandler' driver.
INFO - 2023-11-08 17:02:35 --> Session: Class initialized using 'CodeIgniter\Session\Handlers\FileHandler' driver.
INFO - 2023-11-08 17:02:36 --> Session: Class initialized using 'CodeIgniter\Session\Handlers\FileHandler' driver.
INFO - 2023-11-08 17:02:39 --> Session: Class initialized using 'CodeIgniter\Session\Handlers\FileHandler' driver.
INFO - 2023-11-08 17:02:39 --> Session: Class initialized using 'CodeIgniter\Session\Handlers\FileHandler' driver.
INFO - 2023-11-08 17:02:40 --> Session: Class initialized using 'CodeIgniter\Session\Handlers\FileHandler' driver.
INFO - 2023-11-08 17:03:07 --> Session: Class initialized using 'CodeIgniter\Session\Handlers\FileHandler' driver.
INFO - 2023-11-08 17:03:11 --> Session: Class initialized using 'CodeIgniter\Session\Handlers\FileHandler' driver.
INFO - 2023-11-08 17:03:11 --> Session: Class initialized using 'CodeIgniter\Session\Handlers\FileHandler' driver.
INFO - 2023-11-08 17:03:19 --> Session: Class initialized using 'CodeIgniter\Session\Handlers\FileHandler' driver.
INFO - 2023-11-08 17:03:20 --> Session: Class initialized using 'CodeIgniter\Session\Handlers\FileHandler' driver.
INFO - 2023-11-08 17:03:24 --> Session: Class initialized using 'CodeIgniter\Session\Handlers\FileHandler' driver.
INFO - 2023-11-08 17:03:24 --> Session: Class initialized using 'CodeIgniter\Session\Handlers\FileHandler' driver.
INFO - 2023-11-08 17:07:55 --> Session: Class initialized using 'CodeIgniter\Session\Handlers\FileHandler' driver.
INFO - 2023-11-08 17:07:56 --> Session: Class initialized using 'CodeIgniter\Session\Handlers\FileHandler' driver.
INFO - 2023-11-08 17:07:59 --> Session: Class initialized using 'CodeIgniter\Session\Handlers\FileHandler' driver.
INFO - 2023-11-08 17:07:59 --> Session: Class initialized using 'CodeIgniter\Session\Handlers\FileHandler' driver.
INFO - 2023-11-08 17:08:00 --> Session: Class initialized using 'CodeIgniter\Session\Handlers\FileHandler' driver.
INFO - 2023-11-08 17:08:12 --> Session: Class initialized using 'CodeIgniter\Session\Handlers\FileHandler' driver.
INFO - 2023-11-08 17:08:12 --> Session: Class initialized using 'CodeIgniter\Session\Handlers\FileHandler' driver.
INFO - 2023-11-08 17:08:13 --> Session: Class initialized using 'CodeIgniter\Session\Handlers\FileHandler' driver.
INFO - 2023-11-08 17:19:21 --> Session: Class initialized using 'CodeIgniter\Session\Handlers\FileHandler' driver.
INFO - 2023-11-08 17:23:40 --> Session: Class initialized using 'CodeIgniter\Session\Handlers\FileHandler' driver.
INFO - 2023-11-08 17:25:28 --> Session: Class initialized using 'CodeIgniter\Session\Handlers\FileHandler' driver.
INFO - 2023-11-08 17:25:41 --> Session: Class initialized using 'CodeIgniter\Session\Handlers\FileHandler' driver.
INFO - 2023-11-08 17:25:43 --> Session: Class initialized using 'CodeIgniter\Session\Handlers\FileHandler' driver.
INFO - 2023-11-08 17:28:04 --> Session: Class initialized using 'CodeIgniter\Session\Handlers\FileHandler' driver.
INFO - 2023-11-08 17:28:09 --> Session: Class initialized using 'CodeIgniter\Session\Handlers\FileHandler' driver.
INFO - 2023-11-08 17:28:09 --> Session: Class initialized using 'CodeIgniter\Session\Handlers\FileHandler' driver.
INFO - 2023-11-08 17:28:11 --> Session: Class initialized using 'CodeIgniter\Session\Handlers\FileHandler' driver.
INFO - 2023-11-08 17:28:20 --> Session: Class initialized using 'CodeIgniter\Session\Handlers\FileHandler' driver.
INFO - 2023-11-08 17:28:21 --> Session: Class initialized using 'CodeIgniter\Session\Handlers\FileHandler' driver.
INFO - 2023-11-08 17:28:50 --> Session: Class initialized using 'CodeIgniter\Session\Handlers\FileHandler' driver.
INFO - 2023-11-08 17:28:54 --> Session: Class initialized using 'CodeIgniter\Session\Handlers\FileHandler' driver.
INFO - 2023-11-08 17:28:54 --> Session: Class initialized using 'CodeIgniter\Session\Handlers\FileHandler' driver.
INFO - 2023-11-08 17:28:55 --> Session: Class initialized using 'CodeIgniter\Session\Handlers\FileHandler' driver.
INFO - 2023-11-08 17:29:04 --> Session: Class initialized using 'CodeIgniter\Session\Handlers\FileHandler' driver.
INFO - 2023-11-08 17:29:04 --> Session: Class initialized using 'CodeIgniter\Session\Handlers\FileHandler' driver.
INFO - 2023-11-08 17:29:06 --> Session: Class initialized using 'CodeIgniter\Session\Handlers\FileHandler' driver.
